

================================================================
== Vivado HLS Report for 'image_filter_Filter2D'
================================================================
* Date:           Fri Sep 11 21:49:25 2015

* Version:        2015.2 (Build 1266856 on Fri Jun 26 16:57:37 PM 2015)
* Project:        prj
* Solution:       solution1
* Product family: zynq
* Target device:  xc7z020clg484-1


================================================================
== Performance Estimates
================================================================
+ Timing (ns): 
    * Summary: 
    +--------+-------+----------+------------+
    |  Clock | Target| Estimated| Uncertainty|
    +--------+-------+----------+------------+
    |ap_clk  |   6.67|      5.73|        0.83|
    +--------+-------+----------+------------+

+ Latency (clock cycles): 
    * Summary: 
    +-----+---------+-----+---------+---------+
    |    Latency    |    Interval   | Pipeline|
    | min |   max   | min |   max   |   Type  |
    +-----+---------+-----+---------+---------+
    |  283|  2097315|  283|  2097315|   none  |
    +-----+---------+-----+---------+---------+

    + Detail: 
        * Instance: 
        N/A

        * Loop: 
        +---------------+-----+---------+-----------+-----------+-----------+-----------+----------+
        |               |    Latency    | Iteration |  Initiation Interval  |    Trip   |          |
        |   Loop Name   | min |   max   |  Latency  |  achieved |   target  |   Count   | Pipelined|
        +---------------+-----+---------+-----------+-----------+-----------+-----------+----------+
        |- Loop 1       |    2|        2|          1|          -|          -|          3|    no    |
        |- Loop 2       |    2|        2|          1|          -|          -|          3|    no    |
        |- Loop 3       |    2|        2|          1|          -|          -|          3|    no    |
        |- loop_height  |  273|  2097305| 21 ~ 1933 |          -|          -| 13 ~ 1085 |    no    |
        | + loop_width  |   16|     1928|          8|          1|          1| 10 ~ 1922 |    yes   |
        +---------------+-----+---------+-----------+-----------+-----------+-----------+----------+



================================================================
== Utilization Estimates
================================================================
* Summary: 
+-----------------+---------+-------+--------+-------+
|       Name      | BRAM_18K| DSP48E|   FF   |  LUT  |
+-----------------+---------+-------+--------+-------+
|Expression       |        -|      -|       0|   1141|
|FIFO             |        -|      -|       -|      -|
|Instance         |        -|      -|       0|      0|
|Memory           |        9|      -|       0|      0|
|Multiplexer      |        -|      -|       -|    131|
|Register         |        -|      -|     998|     16|
+-----------------+---------+-------+--------+-------+
|Total            |        9|      0|     998|   1288|
+-----------------+---------+-------+--------+-------+
|Available        |      280|    220|  106400|  53200|
+-----------------+---------+-------+--------+-------+
|Utilization (%)  |        3|      0|   ~0   |      2|
+-----------------+---------+-------+--------+-------+

+ Detail: 
    * Instance: 
    +------------------------------------+--------------------------------+---------+-------+---+----+
    |              Instance              |             Module             | BRAM_18K| DSP48E| FF| LUT|
    +------------------------------------+--------------------------------+---------+-------+---+----+
    |image_filter_mux_3to1_sel2_8_1_U19  |image_filter_mux_3to1_sel2_8_1  |        0|      0|  0|   0|
    |image_filter_mux_3to1_sel2_8_1_U20  |image_filter_mux_3to1_sel2_8_1  |        0|      0|  0|   0|
    |image_filter_mux_3to1_sel2_8_1_U21  |image_filter_mux_3to1_sel2_8_1  |        0|      0|  0|   0|
    |image_filter_mux_3to1_sel2_8_1_U22  |image_filter_mux_3to1_sel2_8_1  |        0|      0|  0|   0|
    |image_filter_mux_3to1_sel2_8_1_U23  |image_filter_mux_3to1_sel2_8_1  |        0|      0|  0|   0|
    |image_filter_mux_3to1_sel2_8_1_U24  |image_filter_mux_3to1_sel2_8_1  |        0|      0|  0|   0|
    |image_filter_mux_3to1_sel2_8_1_U25  |image_filter_mux_3to1_sel2_8_1  |        0|      0|  0|   0|
    |image_filter_mux_3to1_sel2_8_1_U26  |image_filter_mux_3to1_sel2_8_1  |        0|      0|  0|   0|
    |image_filter_mux_3to1_sel2_8_1_U27  |image_filter_mux_3to1_sel2_8_1  |        0|      0|  0|   0|
    |image_filter_mux_3to1_sel2_8_1_U28  |image_filter_mux_3to1_sel2_8_1  |        0|      0|  0|   0|
    |image_filter_mux_3to1_sel2_8_1_U29  |image_filter_mux_3to1_sel2_8_1  |        0|      0|  0|   0|
    |image_filter_mux_3to1_sel2_8_1_U30  |image_filter_mux_3to1_sel2_8_1  |        0|      0|  0|   0|
    |image_filter_mux_3to1_sel2_8_1_U31  |image_filter_mux_3to1_sel2_8_1  |        0|      0|  0|   0|
    |image_filter_mux_3to1_sel2_8_1_U32  |image_filter_mux_3to1_sel2_8_1  |        0|      0|  0|   0|
    |image_filter_mux_3to1_sel2_8_1_U33  |image_filter_mux_3to1_sel2_8_1  |        0|      0|  0|   0|
    |image_filter_mux_3to1_sel2_8_1_U34  |image_filter_mux_3to1_sel2_8_1  |        0|      0|  0|   0|
    |image_filter_mux_3to1_sel2_8_1_U35  |image_filter_mux_3to1_sel2_8_1  |        0|      0|  0|   0|
    |image_filter_mux_3to1_sel2_8_1_U36  |image_filter_mux_3to1_sel2_8_1  |        0|      0|  0|   0|
    +------------------------------------+--------------------------------+---------+-------+---+----+
    |Total                               |                                |        0|      0|  0|   0|
    +------------------------------------+--------------------------------+---------+-------+---+----+

    * Memory: 
    +-----------------+-------------------------------------+---------+---+----+------+-----+------+-------------+
    |      Memory     |                Module               | BRAM_18K| FF| LUT| Words| Bits| Banks| W*Bits*Banks|
    +-----------------+-------------------------------------+---------+---+----+------+-----+------+-------------+
    |k_buf_0_val_0_U  |image_filter_Filter2D_k_buf_0_val_0  |        1|  0|   0|  1920|    8|     1|        15360|
    |k_buf_0_val_1_U  |image_filter_Filter2D_k_buf_0_val_0  |        1|  0|   0|  1920|    8|     1|        15360|
    |k_buf_0_val_2_U  |image_filter_Filter2D_k_buf_0_val_0  |        1|  0|   0|  1920|    8|     1|        15360|
    |k_buf_1_val_0_U  |image_filter_Filter2D_k_buf_0_val_0  |        1|  0|   0|  1920|    8|     1|        15360|
    |k_buf_1_val_1_U  |image_filter_Filter2D_k_buf_0_val_0  |        1|  0|   0|  1920|    8|     1|        15360|
    |k_buf_1_val_2_U  |image_filter_Filter2D_k_buf_0_val_0  |        1|  0|   0|  1920|    8|     1|        15360|
    |k_buf_2_val_0_U  |image_filter_Filter2D_k_buf_0_val_0  |        1|  0|   0|  1920|    8|     1|        15360|
    |k_buf_2_val_1_U  |image_filter_Filter2D_k_buf_0_val_0  |        1|  0|   0|  1920|    8|     1|        15360|
    |k_buf_2_val_2_U  |image_filter_Filter2D_k_buf_0_val_0  |        1|  0|   0|  1920|    8|     1|        15360|
    +-----------------+-------------------------------------+---------+---+----+------+-----+------+-------------+
    |Total            |                                     |        9|  0|   0| 17280|   72|     9|       138240|
    +-----------------+-------------------------------------+---------+---+----+------+-----+------+-------------+

    * FIFO: 
    N/A

    * Expression: 
    +---------------------------------------+----------+-------+---+----+------------+------------+
    |             Variable Name             | Operation| DSP48E| FF| LUT| Bitwidth P0| Bitwidth P1|
    +---------------------------------------+----------+-------+---+----+------------+------------+
    |ImagLoc_x_fu_1248_p2                   |     +    |      0|  0|  13|           2|          13|
    |ImagLoc_y_fu_844_p2                    |     +    |      0|  0|  13|           4|          13|
    |col_assign_17_0_t_fu_1463_p2           |     +    |      0|  0|   2|           2|           2|
    |col_assign_17_1_t1_fu_1644_p2          |     +    |      0|  0|   2|           2|           2|
    |col_assign_17_2_t1_fu_1831_p2          |     +    |      0|  0|   2|           2|           2|
    |col_assign_18_1_0_t_fu_1690_p2         |     +    |      0|  0|   2|           2|           2|
    |col_assign_18_2_0_t_fu_1877_p2         |     +    |      0|  0|   2|           2|           2|
    |col_assign_1_t_fu_1311_p2              |     +    |      0|  0|   2|           2|           2|
    |col_assign_2_t_fu_1321_p2              |     +    |      0|  0|   2|           2|           2|
    |col_assign_fu_1467_p2                  |     +    |      0|  0|   2|           2|           2|
    |heightloop_fu_725_p2                   |     +    |      0|  0|  13|           3|          13|
    |i_V_fu_832_p2                          |     +    |      0|  0|  12|          12|           1|
    |j_V_fu_1221_p2                         |     +    |      0|  0|  12|          12|           1|
    |p_Val2_12_fu_2936_p2                   |     +    |      0|  0|   5|          11|          11|
    |p_Val2_9_fu_2871_p2                    |     +    |      0|  0|   5|          11|          11|
    |p_Val2_s_fu_3001_p2                    |     +    |      0|  0|   5|          11|          11|
    |ref_fu_749_p2                          |     +    |      0|  0|  13|           2|          13|
    |tmp47_fu_2234_p2                       |     +    |      0|  0|  11|          11|          11|
    |tmp48_fu_2773_p2                       |     +    |      0|  0|  10|          10|          10|
    |tmp49_fu_2865_p2                       |     +    |      0|  0|   5|          11|          11|
    |tmp51_fu_2463_p2                       |     +    |      0|  0|  11|          11|          11|
    |tmp52_fu_2809_p2                       |     +    |      0|  0|  10|          10|          10|
    |tmp53_fu_2930_p2                       |     +    |      0|  0|   5|          11|          11|
    |tmp55_fu_2692_p2                       |     +    |      0|  0|  11|          11|          11|
    |tmp56_fu_2845_p2                       |     +    |      0|  0|  10|          10|          10|
    |tmp57_fu_2995_p2                       |     +    |      0|  0|   5|          11|          11|
    |tmp_16_fu_770_p2                       |     +    |      0|  0|  11|           3|          11|
    |tmp_296_1_fu_787_p2                    |     +    |      0|  0|  14|           3|          14|
    |tmp_2_fu_713_p2                        |     +    |      0|  0|   2|           2|           1|
    |tmp_334_2_fu_813_p2                    |     +    |      0|  0|  14|           2|          14|
    |tmp_4_fu_735_p2                        |     +    |      0|  0|  13|           3|          13|
    |tmp_5_fu_689_p2                        |     +    |      0|  0|   2|           2|           1|
    |tmp_8_fu_701_p2                        |     +    |      0|  0|   2|           2|           1|
    |widthloop_fu_730_p2                    |     +    |      0|  0|  13|           2|          13|
    |y_3_2_1_fu_997_p2                      |     +    |      0|  0|  13|           4|          13|
    |y_3_2_fu_920_p2                        |     +    |      0|  0|  13|           4|          13|
    |locy_2_0_t_fu_1188_p2                  |     -    |      0|  0|   2|           2|           2|
    |locy_2_1_t_fu_1197_p2                  |     -    |      0|  0|   2|           2|           2|
    |locy_2_2_t_fu_1207_p2                  |     -    |      0|  0|   2|           2|           2|
    |p_Val2_0_1_fu_2210_p2                  |     -    |      0|  0|  10|           1|          10|
    |p_Val2_0_2_fu_2224_p2                  |     -    |      0|  0|   9|           1|           9|
    |p_Val2_1_1_fu_2439_p2                  |     -    |      0|  0|  10|           1|          10|
    |p_Val2_1_2_fu_2453_p2                  |     -    |      0|  0|   9|           1|           9|
    |p_Val2_2_1_fu_2668_p2                  |     -    |      0|  0|  10|           1|          10|
    |p_Val2_2_2_fu_2682_p2                  |     -    |      0|  0|   9|           1|           9|
    |p_Val2_7_0_0_2_fu_2759_p2              |     -    |      0|  0|   9|           9|           9|
    |p_Val2_7_1_0_2_fu_2795_p2              |     -    |      0|  0|   9|           9|           9|
    |p_Val2_7_2_0_2_fu_2831_p2              |     -    |      0|  0|   9|           9|           9|
    |p_assign_10_2_1_fu_951_p2              |     -    |      0|  0|  13|           3|          13|
    |p_assign_10_2_2_fu_1036_p2             |     -    |      0|  0|  13|           3|          13|
    |p_assign_7_fu_1295_p2                  |     -    |      0|  0|  13|           1|          13|
    |p_assign_8_1_fu_1393_p2                |     -    |      0|  0|  14|          14|          14|
    |p_assign_8_fu_1343_p2                  |     -    |      0|  0|  11|          11|          11|
    |tmp_29_fu_907_p2                       |     -    |      0|  0|   2|           2|           2|
    |tmp_38_fu_991_p2                       |     -    |      0|  0|   2|           2|           2|
    |tmp_54_fu_1070_p2                      |     -    |      0|  0|   2|           2|           2|
    |col_buf_0_val_0_0_2_fu_1556_p3         |  Select  |      0|  0|   8|           1|           8|
    |col_buf_0_val_0_0_3_fu_1564_p3         |  Select  |      0|  0|   8|           1|           8|
    |col_buf_0_val_0_0_4_fu_1572_p3         |  Select  |      0|  0|   8|           1|           8|
    |col_buf_0_val_0_0_5_fu_1580_p3         |  Select  |      0|  0|   8|           1|           8|
    |col_buf_0_val_0_0_7_fu_1588_p3         |  Select  |      0|  0|   8|           1|           8|
    |col_buf_0_val_1_0_1_fu_1524_p3         |  Select  |      0|  0|   8|           1|           8|
    |col_buf_0_val_1_0_2_fu_1532_p3         |  Select  |      0|  0|   8|           1|           8|
    |col_buf_0_val_1_0_3_fu_1540_p3         |  Select  |      0|  0|   8|           1|           8|
    |col_buf_0_val_1_0_5_fu_1548_p3         |  Select  |      0|  0|   8|           1|           8|
    |col_buf_0_val_1_0_fu_1510_p3           |  Select  |      0|  0|   8|           1|           8|
    |col_buf_1_val_0_0_2_fu_1746_p3         |  Select  |      0|  0|   8|           1|           8|
    |col_buf_1_val_0_0_3_fu_1754_p3         |  Select  |      0|  0|   8|           1|           8|
    |col_buf_1_val_0_0_4_fu_1762_p3         |  Select  |      0|  0|   8|           1|           8|
    |col_buf_1_val_0_0_5_fu_1770_p3         |  Select  |      0|  0|   8|           1|           8|
    |col_buf_1_val_0_0_7_fu_1778_p3         |  Select  |      0|  0|   8|           1|           8|
    |col_buf_1_val_1_0_1_fu_1714_p3         |  Select  |      0|  0|   8|           1|           8|
    |col_buf_1_val_1_0_2_fu_1722_p3         |  Select  |      0|  0|   8|           1|           8|
    |col_buf_1_val_1_0_3_fu_1730_p3         |  Select  |      0|  0|   8|           1|           8|
    |col_buf_1_val_1_0_5_fu_1738_p3         |  Select  |      0|  0|   8|           1|           8|
    |col_buf_1_val_1_0_fu_1700_p3           |  Select  |      0|  0|   8|           1|           8|
    |col_buf_2_val_0_0_2_fu_1933_p3         |  Select  |      0|  0|   8|           1|           8|
    |col_buf_2_val_0_0_3_fu_1941_p3         |  Select  |      0|  0|   8|           1|           8|
    |col_buf_2_val_0_0_4_fu_1949_p3         |  Select  |      0|  0|   8|           1|           8|
    |col_buf_2_val_0_0_5_fu_1957_p3         |  Select  |      0|  0|   8|           1|           8|
    |col_buf_2_val_0_0_7_fu_1965_p3         |  Select  |      0|  0|   8|           1|           8|
    |col_buf_2_val_1_0_1_fu_1901_p3         |  Select  |      0|  0|   8|           1|           8|
    |col_buf_2_val_1_0_2_fu_1909_p3         |  Select  |      0|  0|   8|           1|           8|
    |col_buf_2_val_1_0_3_fu_1917_p3         |  Select  |      0|  0|   8|           1|           8|
    |col_buf_2_val_1_0_5_fu_1925_p3         |  Select  |      0|  0|   8|           1|           8|
    |col_buf_2_val_1_0_fu_1887_p3           |  Select  |      0|  0|   8|           1|           8|
    |k_buf_val_load_0_0_mux_fu_2081_p3      |  Select  |      0|  0|   8|           1|           8|
    |k_buf_val_load_0_1_mux_fu_2075_p3      |  Select  |      0|  0|   8|           1|           8|
    |k_buf_val_load_0_2_mux_fu_2069_p3      |  Select  |      0|  0|   8|           1|           8|
    |k_buf_val_load_1_0_mux_fu_2291_p3      |  Select  |      0|  0|   8|           1|           8|
    |k_buf_val_load_1_1_mux_fu_2285_p3      |  Select  |      0|  0|   8|           1|           8|
    |k_buf_val_load_1_2_mux_fu_2279_p3      |  Select  |      0|  0|   8|           1|           8|
    |k_buf_val_load_2_0_mux_fu_2508_p3      |  Select  |      0|  0|   8|           1|           8|
    |k_buf_val_load_2_1_mux_fu_2514_p3      |  Select  |      0|  0|   8|           1|           8|
    |k_buf_val_load_2_2_mux_fu_2520_p3      |  Select  |      0|  0|   8|           1|           8|
    |p_dst_data_stream_0_V_din              |  Select  |      0|  0|   8|           1|           8|
    |p_dst_data_stream_1_V_din              |  Select  |      0|  0|   8|           1|           8|
    |p_dst_data_stream_2_V_din              |  Select  |      0|  0|   8|           1|           8|
    |p_mux_i_i23_cast_fu_3065_p3            |  Select  |      0|  0|   2|           1|           2|
    |p_mux_i_i32_cast_fu_3084_p3            |  Select  |      0|  0|   2|           1|           2|
    |p_mux_i_i_cast_fu_3046_p3              |  Select  |      0|  0|   2|           1|           2|
    |p_p2_i336_i_fu_1329_p3                 |  Select  |      0|  0|  13|           1|          13|
    |p_p2_i_i_2_1_fu_957_p3                 |  Select  |      0|  0|  13|           1|          13|
    |p_p2_i_i_2_2_fu_1042_p3                |  Select  |      0|  0|  13|           1|          13|
    |sel_tmp18_fu_1398_p3                   |  Select  |      0|  0|  14|           1|          14|
    |sel_tmp19_fu_1436_p3                   |  Select  |      0|  0|  14|           1|           1|
    |sel_tmp3_fu_1413_p3                    |  Select  |      0|  0|  11|           1|           1|
    |sel_tmp_fu_1348_p3                     |  Select  |      0|  0|  11|           1|          11|
    |src_kernel_win_1_val_1_0_fu_2344_p3    |  Select  |      0|  0|   8|           1|           1|
    |src_kernel_win_2_val_1_0_fu_2573_p3    |  Select  |      0|  0|   8|           1|           1|
    |src_kernel_win_val_1_0_0_7_fu_2337_p3  |  Select  |      0|  0|   8|           1|           1|
    |src_kernel_win_val_2_0_0_7_fu_2566_p3  |  Select  |      0|  0|   8|           1|           1|
    |tmp_26_fu_891_p3                       |  Select  |      0|  0|   3|           1|           3|
    |tmp_30_fu_912_p3                       |  Select  |      0|  0|   2|           1|           2|
    |tmp_31_fu_1086_p3                      |  Select  |      0|  0|   2|           1|           1|
    |tmp_35_fu_1124_p3                      |  Select  |      0|  0|   2|           1|           2|
    |tmp_39_fu_1131_p3                      |  Select  |      0|  0|   2|           1|           2|
    |tmp_40_fu_1192_p3                      |  Select  |      0|  0|   2|           1|           2|
    |tmp_43_fu_1172_p3                      |  Select  |      0|  0|   2|           1|           2|
    |tmp_46_fu_1179_p3                      |  Select  |      0|  0|   2|           1|           2|
    |tmp_47_fu_1202_p3                      |  Select  |      0|  0|   2|           1|           2|
    |x_1_fu_1442_p3                         |  Select  |      0|  0|  14|           1|          14|
    |x_fu_1419_p3                           |  Select  |      0|  0|  11|           1|          11|
    |ap_sig_bdd_2262                        |    and   |      0|  0|   1|           1|           1|
    |ap_sig_bdd_2265                        |    and   |      0|  0|   1|           1|           1|
    |ap_sig_bdd_2267                        |    and   |      0|  0|   1|           1|           1|
    |ap_sig_bdd_2269                        |    and   |      0|  0|   1|           1|           1|
    |ap_sig_bdd_2272                        |    and   |      0|  0|   1|           1|           1|
    |ap_sig_bdd_2274                        |    and   |      0|  0|   1|           1|           1|
    |ap_sig_bdd_2276                        |    and   |      0|  0|   1|           1|           1|
    |ap_sig_bdd_2278                        |    and   |      0|  0|   1|           1|           1|
    |ap_sig_bdd_2280                        |    and   |      0|  0|   1|           1|           1|
    |ap_sig_bdd_2282                        |    and   |      0|  0|   1|           1|           1|
    |ap_sig_bdd_2284                        |    and   |      0|  0|   1|           1|           1|
    |ap_sig_bdd_2286                        |    and   |      0|  0|   1|           1|           1|
    |ap_sig_bdd_661                         |    and   |      0|  0|   1|           1|           1|
    |ap_sig_bdd_803                         |    and   |      0|  0|   1|           1|           1|
    |or_cond307_i_fu_1243_p2                |    and   |      0|  0|   1|           1|           1|
    |or_cond6_2_fu_877_p2                   |    and   |      0|  0|   1|           1|           1|
    |or_cond_i335_i_fu_1281_p2              |    and   |      0|  0|   1|           1|           1|
    |or_cond_i_i_2_1_fu_937_p2              |    and   |      0|  0|   1|           1|           1|
    |or_cond_i_i_2_2_fu_1022_p2             |    and   |      0|  0|   1|           1|           1|
    |overflow_3_fu_2975_p2                  |    and   |      0|  0|   1|           1|           1|
    |overflow_4_fu_3040_p2                  |    and   |      0|  0|   1|           1|           1|
    |overflow_fu_2910_p2                    |    and   |      0|  0|   1|           1|           1|
    |sel_tmp11_fu_1113_p2                   |    and   |      0|  0|   1|           1|           1|
    |sel_tmp13_fu_1146_p2                   |    and   |      0|  0|   1|           1|           1|
    |sel_tmp15_fu_1161_p2                   |    and   |      0|  0|   1|           1|           1|
    |sel_tmp2_fu_1364_p2                    |    and   |      0|  0|   1|           1|           1|
    |sel_tmp5_fu_1379_p2                    |    and   |      0|  0|   1|           1|           1|
    |sel_tmp7_fu_1081_p2                    |    and   |      0|  0|   1|           1|           1|
    |sel_tmp8_demorgan_fu_977_p2            |    and   |      0|  0|   1|           1|           1|
    |sel_tmp9_fu_1098_p2                    |    and   |      0|  0|   1|           1|           1|
    |icmp1_fu_1237_p2                       |   icmp   |      0|  0|   4|          11|           1|
    |icmp_fu_866_p2                         |   icmp   |      0|  0|   5|          12|           1|
    |not_i_i_i1_fu_2969_p2                  |   icmp   |      0|  0|   2|           3|           1|
    |not_i_i_i2_fu_3034_p2                  |   icmp   |      0|  0|   2|           3|           1|
    |not_i_i_i_fu_2904_p2                   |   icmp   |      0|  0|   2|           3|           1|
    |sel_tmp16_fu_1504_p2                   |   icmp   |      0|  0|   1|           2|           1|
    |sel_tmp17_fu_1518_p2                   |   icmp   |      0|  0|   1|           2|           1|
    |sel_tmp20_fu_1694_p2                   |   icmp   |      0|  0|   1|           2|           1|
    |sel_tmp21_fu_1708_p2                   |   icmp   |      0|  0|   1|           2|           1|
    |sel_tmp22_fu_1881_p2                   |   icmp   |      0|  0|   1|           2|           1|
    |sel_tmp23_fu_1895_p2                   |   icmp   |      0|  0|   1|           2|           1|
    |tmp_10_fu_827_p2                       |   icmp   |      0|  0|   5|          13|          13|
    |tmp_12_fu_838_p2                       |   icmp   |      0|  0|   5|          12|           3|
    |tmp_13_fu_1216_p2                      |   icmp   |      0|  0|   5|          13|          13|
    |tmp_15_fu_754_p2                       |   icmp   |      0|  0|   5|          12|           1|
    |tmp_17_fu_1276_p2                      |   icmp   |      0|  0|   5|          13|          13|
    |tmp_20_fu_1338_p2                      |   icmp   |      0|  0|   5|          13|          13|
    |tmp_23_fu_850_p2                       |   icmp   |      0|  0|   5|          13|           2|
    |tmp_27_fu_1301_p2                      |   icmp   |      0|  0|   5|          13|          13|
    |tmp_314_2_fu_872_p2                    |   icmp   |      0|  0|   5|          13|          13|
    |tmp_320_1_fu_1306_p2                   |   icmp   |      0|  0|   5|          13|          13|
    |tmp_320_2_fu_1316_p2                   |   icmp   |      0|  0|   5|          13|          13|
    |tmp_321_2_1_fu_926_p2                  |   icmp   |      0|  0|   5|          13|           1|
    |tmp_322_2_1_fu_932_p2                  |   icmp   |      0|  0|   5|          13|          13|
    |tmp_322_2_2_fu_1017_p2                 |   icmp   |      0|  0|   5|          13|          13|
    |tmp_322_2_fu_898_p2                    |   icmp   |      0|  0|   5|          13|          13|
    |tmp_326_2_fu_797_p2                    |   icmp   |      0|  0|   5|          12|           1|
    |tmp_331_2_1_fu_965_p2                  |   icmp   |      0|  0|   5|          13|          13|
    |tmp_331_2_2_fu_1050_p2                 |   icmp   |      0|  0|   5|          13|          13|
    |tmp_3_fu_719_p2                        |   icmp   |      0|  0|   2|           2|           3|
    |tmp_6_fu_695_p2                        |   icmp   |      0|  0|   2|           2|           3|
    |tmp_9_fu_707_p2                        |   icmp   |      0|  0|   2|           2|           3|
    |ap_sig_bdd_250                         |    or    |      0|  0|   1|           1|           1|
    |ap_sig_bdd_272                         |    or    |      0|  0|   1|           1|           1|
    |brmerge1_fu_1184_p2                    |    or    |      0|  0|   1|           1|           1|
    |brmerge5_fu_1405_p2                    |    or    |      0|  0|   1|           1|           1|
    |brmerge6_fu_1409_p2                    |    or    |      0|  0|   1|           1|           1|
    |brmerge_fu_1385_p2                     |    or    |      0|  0|   1|           1|           1|
    |or_cond4_fu_1118_p2                    |    or    |      0|  0|   1|           1|           1|
    |or_cond5_fu_1166_p2                    |    or    |      0|  0|   1|           1|           1|
    |sel_tmp12_fu_1141_p2                   |    or    |      0|  0|   1|           1|           1|
    |sel_tmp169_demorgan_fu_1103_p2         |    or    |      0|  0|   1|           1|           1|
    |sel_tmp178_demorgan_fu_1151_p2         |    or    |      0|  0|   1|           1|           1|
    |sel_tmp1_fu_1359_p2                    |    or    |      0|  0|   1|           1|           1|
    |sel_tmp24_demorgan_fu_1369_p2          |    or    |      0|  0|   1|           1|           1|
    |tmp_i_i1_52_fu_3072_p2                 |    or    |      0|  0|   1|           1|           1|
    |tmp_i_i2_54_fu_3091_p2                 |    or    |      0|  0|   1|           1|           1|
    |tmp_i_i_50_fu_3053_p2                  |    or    |      0|  0|   1|           1|           1|
    |p_neg313_i_cast_fu_743_p2              |    xor   |      0|  0|   2|           2|           2|
    |rev1_fu_1270_p2                        |    xor   |      0|  0|   2|           1|           2|
    |rev_fu_1011_p2                         |    xor   |      0|  0|   2|           1|           2|
    |sel_tmp10_fu_1107_p2                   |    xor   |      0|  0|   2|           1|           2|
    |sel_tmp14_fu_1155_p2                   |    xor   |      0|  0|   2|           1|           2|
    |sel_tmp4_fu_1373_p2                    |    xor   |      0|  0|   2|           1|           2|
    |sel_tmp6_fu_1076_p2                    |    xor   |      0|  0|   2|           1|           2|
    |sel_tmp8_fu_1093_p2                    |    xor   |      0|  0|   2|           1|           2|
    |tmp_17_not_fu_1354_p2                  |    xor   |      0|  0|   2|           1|           2|
    |tmp_322_2_2_not_fu_1136_p2             |    xor   |      0|  0|   2|           1|           2|
    |tmp_i_i1_fu_2963_p2                    |    xor   |      0|  0|   2|           1|           2|
    |tmp_i_i2_fu_3028_p2                    |    xor   |      0|  0|   2|           1|           2|
    |tmp_i_i_fu_2898_p2                     |    xor   |      0|  0|   2|           1|           2|
    +---------------------------------------+----------+-------+---+----+------------+------------+
    |Total                                  |          |      0|  0|1141|         692|        1177|
    +---------------------------------------+----------+-------+---+----+------------+------------+

    * Multiplexer: 
    +---------------------------------+----+-----------+-----+-----------+
    |               Name              | LUT| Input Size| Bits| Total Bits|
    +---------------------------------+----+-----------+-----+-----------+
    |ap_NS_fsm                        |   4|         10|    1|         10|
    |ap_reg_ppiten_pp0_it1            |   1|          2|    1|          2|
    |ap_reg_ppiten_pp0_it5            |   1|          2|    1|          2|
    |ap_reg_ppiten_pp0_it7            |   1|          2|    1|          2|
    |k_buf_1_val_1_address1           |  11|          3|   11|         33|
    |k_buf_2_val_1_address1           |  11|          3|   11|         33|
    |p_016_0_i_reg_659                |  12|          2|   12|         24|
    |p_029_0_i_reg_670                |  12|          2|   12|         24|
    |src_kernel_win_0_val_0_1_fu_240  |   8|          4|    8|         32|
    |src_kernel_win_0_val_1_1_fu_252  |   8|          4|    8|         32|
    |src_kernel_win_0_val_2_1_fu_264  |   8|          4|    8|         32|
    |src_kernel_win_1_val_0_1_fu_276  |   8|          4|    8|         32|
    |src_kernel_win_1_val_1_1_fu_288  |   8|          4|    8|         32|
    |src_kernel_win_1_val_2_1_fu_300  |   8|          5|    8|         40|
    |src_kernel_win_2_val_0_1_fu_308  |   8|          4|    8|         32|
    |src_kernel_win_2_val_1_1_fu_284  |   8|          4|    8|         32|
    |src_kernel_win_2_val_2_1_fu_260  |   8|          5|    8|         40|
    |tmp_1_reg_648                    |   2|          2|    2|          4|
    |tmp_7_reg_637                    |   2|          2|    2|          4|
    |tmp_s_reg_626                    |   2|          2|    2|          4|
    +---------------------------------+----+-----------+-----+-----------+
    |Total                            | 131|         70|  128|        446|
    +---------------------------------+----+-----------+-----+-----------+

    * Register: 
    +--------------------------------------+----+----+-----+-----------+
    |                 Name                 | FF | LUT| Bits| Const Bits|
    +--------------------------------------+----+----+-----+-----------+
    |ImagLoc_x_reg_3760                    |  13|   0|   13|          0|
    |ap_CS_fsm                             |   9|   0|    9|          0|
    |ap_reg_ppiten_pp0_it0                 |   1|   0|    1|          0|
    |ap_reg_ppiten_pp0_it1                 |   1|   0|    1|          0|
    |ap_reg_ppiten_pp0_it2                 |   1|   0|    1|          0|
    |ap_reg_ppiten_pp0_it3                 |   1|   0|    1|          0|
    |ap_reg_ppiten_pp0_it4                 |   1|   0|    1|          0|
    |ap_reg_ppiten_pp0_it5                 |   1|   0|    1|          0|
    |ap_reg_ppiten_pp0_it6                 |   1|   0|    1|          0|
    |ap_reg_ppiten_pp0_it7                 |   1|   0|    1|          0|
    |ap_reg_ppstg_tmp47_reg_4068_pp0_it5   |  11|   0|   11|          0|
    |ap_reg_ppstg_tmp51_reg_4078_pp0_it5   |  11|   0|   11|          0|
    |ap_reg_ppstg_tmp55_reg_4088_pp0_it5   |  11|   0|   11|          0|
    |brmerge1_reg_3722                     |   1|   0|    1|          0|
    |brmerge5_reg_3876                     |   1|   0|    1|          0|
    |brmerge6_reg_3880                     |   1|   0|    1|          0|
    |brmerge_reg_3862                      |   1|   0|    1|          0|
    |col_assign_17_0_t_reg_3973            |   2|   0|    2|          0|
    |col_assign_17_1_t1_reg_4016           |   2|   0|    2|          0|
    |col_assign_17_2_t1_reg_4056           |   2|   0|    2|          0|
    |col_assign_1_t_reg_3828               |   2|   0|    2|          0|
    |col_assign_2_t_reg_3836               |   2|   0|    2|          0|
    |col_buf_0_val_0_0_1_fu_324            |   8|   0|    8|          0|
    |col_buf_0_val_0_0_6_fu_328            |   8|   0|    8|          0|
    |col_buf_0_val_0_0_8_fu_332            |   8|   0|    8|          0|
    |col_buf_0_val_1_0_4_fu_312            |   8|   0|    8|          0|
    |col_buf_0_val_1_0_6_fu_316            |   8|   0|    8|          0|
    |col_buf_0_val_1_0_7_fu_320            |   8|   0|    8|          0|
    |col_buf_1_val_0_0_1_fu_348            |   8|   0|    8|          0|
    |col_buf_1_val_0_0_6_fu_352            |   8|   0|    8|          0|
    |col_buf_1_val_0_0_8_fu_356            |   8|   0|    8|          0|
    |col_buf_1_val_1_0_4_fu_336            |   8|   0|    8|          0|
    |col_buf_1_val_1_0_6_fu_340            |   8|   0|    8|          0|
    |col_buf_1_val_1_0_7_fu_344            |   8|   0|    8|          0|
    |col_buf_2_val_0_0_1_fu_372            |   8|   0|    8|          0|
    |col_buf_2_val_0_0_6_fu_376            |   8|   0|    8|          0|
    |col_buf_2_val_0_0_8_fu_380            |   8|   0|    8|          0|
    |col_buf_2_val_1_0_4_fu_360            |   8|   0|    8|          0|
    |col_buf_2_val_1_0_6_fu_364            |   8|   0|    8|          0|
    |col_buf_2_val_1_0_7_fu_368            |   8|   0|    8|          0|
    |cols_cast_reg_3197                    |  12|   0|   13|          1|
    |heightloop_reg_3501                   |  13|   0|   13|          0|
    |i_V_reg_3579                          |  12|   0|   12|          0|
    |isneg_1_reg_4143                      |   1|   0|    1|          0|
    |isneg_2_reg_4163                      |   1|   0|    1|          0|
    |isneg_reg_4123                        |   1|   0|    1|          0|
    |k_buf_0_val_0_addr_reg_3884           |  11|   0|   11|          0|
    |k_buf_0_val_1_addr_reg_3890           |  11|   0|   11|          0|
    |k_buf_0_val_2_addr_reg_3896           |  11|   0|   11|          0|
    |locy_2_0_t_reg_3726                   |   2|   0|    2|          0|
    |locy_2_1_t_reg_3733                   |   2|   0|    2|          0|
    |locy_2_2_t_reg_3740                   |   2|   0|    2|          0|
    |or_cond307_i_reg_3756                 |   1|   0|    1|          0|
    |or_cond4_reg_3692                     |   1|   0|    1|          0|
    |or_cond5_reg_3707                     |   1|   0|    1|          0|
    |or_cond6_2_reg_3594                   |   1|   0|    1|          0|
    |or_cond_i335_i_reg_3791               |   1|   0|    1|          0|
    |or_cond_i_i_2_1_reg_3620              |   1|   0|    1|          0|
    |or_cond_i_i_2_2_reg_3661              |   1|   0|    1|          0|
    |overflow_3_reg_4158                   |   1|   0|    1|          0|
    |overflow_4_reg_4178                   |   1|   0|    1|          0|
    |overflow_reg_4138                     |   1|   0|    1|          0|
    |p_016_0_i_reg_659                     |  12|   0|   12|          0|
    |p_029_0_i_reg_670                     |  12|   0|   12|          0|
    |p_Val2_10_reg_4128                    |   8|   0|    8|          0|
    |p_Val2_13_reg_4148                    |   8|   0|    8|          0|
    |p_Val2_15_reg_4168                    |   8|   0|    8|          0|
    |p_assign_7_reg_3815                   |  13|   0|   13|          0|
    |p_neg313_i_cast_reg_3518              |   2|   0|    2|          0|
    |p_p2_i336_i_1_cast_reg_3866           |  14|   0|   14|          0|
    |ref_reg_3530                          |  13|   0|   13|          0|
    |right_border_buf_0_val_0_0_fu_192     |   8|   0|    8|          0|
    |right_border_buf_0_val_0_1_fu_196     |   8|   0|    8|          0|
    |right_border_buf_0_val_0_2_fu_200     |   8|   0|    8|          0|
    |right_border_buf_1_val_0_0_fu_204     |   8|   0|    8|          0|
    |right_border_buf_1_val_0_1_fu_208     |   8|   0|    8|          0|
    |right_border_buf_1_val_0_2_fu_212     |   8|   0|    8|          0|
    |right_border_buf_2_val_0_0_fu_216     |   8|   0|    8|          0|
    |right_border_buf_2_val_0_1_fu_220     |   8|   0|    8|          0|
    |right_border_buf_2_val_0_2_fu_224     |   8|   0|    8|          0|
    |rows_cast_reg_3186                    |  12|   0|   13|          1|
    |sel_tmp18_reg_3871                    |  14|   0|   14|          0|
    |sel_tmp2_reg_3850                     |   1|   0|    1|          0|
    |sel_tmp5_reg_3856                     |   1|   0|    1|          0|
    |sel_tmp8_demorgan_reg_3631            |   1|   0|    1|          0|
    |sel_tmp_reg_3845                      |  11|   0|   11|          0|
    |src_kernel_win_0_val_0_0_4_reg_3946   |   8|   0|    8|          0|
    |src_kernel_win_0_val_0_1_fu_240       |   8|   0|    8|          0|
    |src_kernel_win_0_val_0_2_fu_244       |   8|   0|    8|          0|
    |src_kernel_win_0_val_1_0_4_reg_3955   |   8|   0|    8|          0|
    |src_kernel_win_0_val_1_1_fu_252       |   8|   0|    8|          0|
    |src_kernel_win_0_val_1_1_lo_reg_4093  |   8|   0|    8|          0|
    |src_kernel_win_0_val_1_2_fu_256       |   8|   0|    8|          0|
    |src_kernel_win_0_val_2_0_reg_3964     |   8|   0|    8|          0|
    |src_kernel_win_0_val_2_1_fu_264       |   8|   0|    8|          0|
    |src_kernel_win_0_val_2_2_fu_268       |   8|   0|    8|          0|
    |src_kernel_win_0_val_2_2_lo_reg_4063  |   8|   0|    8|          0|
    |src_kernel_win_1_val_0_0_4_reg_3983   |   8|   0|    8|          0|
    |src_kernel_win_1_val_0_1_fu_276       |   8|   0|    8|          0|
    |src_kernel_win_1_val_0_2_fu_280       |   8|   0|    8|          0|
    |src_kernel_win_1_val_1_0_4_reg_3992   |   8|   0|    8|          0|
    |src_kernel_win_1_val_1_1_fu_288       |   8|   0|    8|          0|
    |src_kernel_win_1_val_1_1_lo_reg_4103  |   8|   0|    8|          0|
    |src_kernel_win_1_val_1_2_fu_292       |   8|   0|    8|          0|
    |src_kernel_win_1_val_2_0_reg_4001     |   8|   0|    8|          0|
    |src_kernel_win_1_val_2_1_fu_300       |   8|   0|    8|          0|
    |src_kernel_win_1_val_2_2_fu_304       |   8|   0|    8|          0|
    |src_kernel_win_1_val_2_2_lo_reg_4073  |   8|   0|    8|          0|
    |src_kernel_win_2_val_0_0_4_reg_4023   |   8|   0|    8|          0|
    |src_kernel_win_2_val_0_1_fu_308       |   8|   0|    8|          0|
    |src_kernel_win_2_val_0_2_fu_296       |   8|   0|    8|          0|
    |src_kernel_win_2_val_1_0_4_reg_4032   |   8|   0|    8|          0|
    |src_kernel_win_2_val_1_1_fu_284       |   8|   0|    8|          0|
    |src_kernel_win_2_val_1_1_lo_reg_4113  |   8|   0|    8|          0|
    |src_kernel_win_2_val_1_2_fu_272       |   8|   0|    8|          0|
    |src_kernel_win_2_val_2_0_reg_4041     |   8|   0|    8|          0|
    |src_kernel_win_2_val_2_1_fu_260       |   8|   0|    8|          0|
    |src_kernel_win_2_val_2_2_fu_248       |   8|   0|    8|          0|
    |src_kernel_win_2_val_2_2_lo_reg_4083  |   8|   0|    8|          0|
    |tmp47_reg_4068                        |  11|   0|   11|          0|
    |tmp48_reg_4098                        |  10|   0|   10|          0|
    |tmp51_reg_4078                        |  11|   0|   11|          0|
    |tmp52_reg_4108                        |  10|   0|   10|          0|
    |tmp55_reg_4088                        |  11|   0|   11|          0|
    |tmp56_reg_4118                        |  10|   0|   10|          0|
    |tmp_12_reg_3584                       |   1|   0|    1|          0|
    |tmp_13_reg_3747                       |   1|   0|    1|          0|
    |tmp_15_reg_3535                       |   1|   0|    1|          0|
    |tmp_16_reg_3541                       |  10|   0|   11|          1|
    |tmp_17_reg_3783                       |   1|   0|    1|          0|
    |tmp_19_reg_3551                       |   2|   0|    2|          0|
    |tmp_1_reg_648                         |   2|   0|    2|          0|
    |tmp_21_reg_3571                       |   1|   0|    2|          1|
    |tmp_23_reg_3589                       |   1|   0|    1|          0|
    |tmp_25_reg_3599                       |   1|   0|    1|          0|
    |tmp_26_reg_3603                       |   2|   0|    2|          0|
    |tmp_27_reg_3820                       |   1|   0|    1|          0|
    |tmp_296_1_reg_3546                    |  13|   0|   14|          1|
    |tmp_30_reg_3615                       |   2|   0|    2|          0|
    |tmp_31_reg_3687                       |   2|   0|    2|          0|
    |tmp_320_1_reg_3824                    |   1|   0|    1|          0|
    |tmp_320_2_reg_3832                    |   1|   0|    1|          0|
    |tmp_322_2_2_reg_3656                  |   1|   0|    1|          0|
    |tmp_322_2_reg_3610                    |   1|   0|    1|          0|
    |tmp_326_2_reg_3556                    |   1|   0|    1|          0|
    |tmp_331_2_1_reg_3626                  |   1|   0|    1|          0|
    |tmp_331_2_2_reg_3667                  |   1|   0|    1|          0|
    |tmp_334_2_reg_3565                    |  13|   0|   14|          1|
    |tmp_35_reg_3697                       |   2|   0|    2|          0|
    |tmp_36_reg_3636                       |   2|   0|    2|          0|
    |tmp_37_reg_3641                       |   2|   0|    2|          0|
    |tmp_38_reg_3646                       |   2|   0|    2|          0|
    |tmp_39_reg_3702                       |   2|   0|    2|          0|
    |tmp_41_reg_3651                       |   1|   0|    1|          0|
    |tmp_43_reg_3712                       |   2|   0|    2|          0|
    |tmp_46_reg_3717                       |   2|   0|    2|          0|
    |tmp_49_reg_3672                       |   2|   0|    2|          0|
    |tmp_4_reg_3511                        |  13|   0|   13|          0|
    |tmp_50_reg_3677                       |   2|   0|    2|          0|
    |tmp_54_reg_3682                       |   2|   0|    2|          0|
    |tmp_59_reg_3766                       |   2|   0|    2|          0|
    |tmp_60_reg_3773                       |  11|   0|   11|          0|
    |tmp_61_reg_3778                       |   1|   0|    1|          0|
    |tmp_62_reg_3798                       |   1|   0|    1|          0|
    |tmp_63_reg_3840                       |  11|   0|   11|          0|
    |tmp_64_reg_3902                       |   2|   0|    2|          0|
    |tmp_69_reg_4010                       |   1|   0|    1|          0|
    |tmp_75_reg_4050                       |   1|   0|    1|          0|
    |tmp_7_reg_637                         |   2|   0|    2|          0|
    |tmp_i_i1_reg_4153                     |   1|   0|    1|          0|
    |tmp_i_i2_reg_4173                     |   1|   0|    1|          0|
    |tmp_i_i_reg_4133                      |   1|   0|    1|          0|
    |tmp_s_reg_626                         |   2|   0|    2|          0|
    |widthloop_reg_3506                    |  13|   0|   13|          0|
    |x_1_reg_3907                          |  14|   0|   14|          0|
    |brmerge5_reg_3876                     |   0|   1|    1|          0|
    |brmerge6_reg_3880                     |   0|   1|    1|          0|
    |brmerge_reg_3862                      |   0|   1|    1|          0|
    |col_assign_1_t_reg_3828               |   0|   2|    2|          0|
    |col_assign_2_t_reg_3836               |   0|   2|    2|          0|
    |or_cond307_i_reg_3756                 |   0|   1|    1|          0|
    |or_cond_i335_i_reg_3791               |   0|   1|    1|          0|
    |tmp_13_reg_3747                       |   0|   1|    1|          0|
    |tmp_27_reg_3820                       |   0|   1|    1|          0|
    |tmp_320_1_reg_3824                    |   0|   1|    1|          0|
    |tmp_320_2_reg_3832                    |   0|   1|    1|          0|
    |tmp_59_reg_3766                       |   0|   2|    2|          0|
    |tmp_62_reg_3798                       |   0|   1|    1|          0|
    +--------------------------------------+----+----+-----+-----------+
    |Total                                 | 998|  16| 1020|          6|
    +--------------------------------------+----+----+-----+-----------+



================================================================
== Interface
================================================================
* Summary: 
+-------------------------------+-----+-----+------------+-----------------------+--------------+
|           RTL Ports           | Dir | Bits|  Protocol  |     Source Object     |    C Type    |
+-------------------------------+-----+-----+------------+-----------------------+--------------+
|ap_clk                         |  in |    1| ap_ctrl_hs | image_filter_Filter2D | return value |
|ap_rst                         |  in |    1| ap_ctrl_hs | image_filter_Filter2D | return value |
|ap_start                       |  in |    1| ap_ctrl_hs | image_filter_Filter2D | return value |
|ap_done                        | out |    1| ap_ctrl_hs | image_filter_Filter2D | return value |
|ap_idle                        | out |    1| ap_ctrl_hs | image_filter_Filter2D | return value |
|ap_ready                       | out |    1| ap_ctrl_hs | image_filter_Filter2D | return value |
|p_src_rows_V_read              |  in |   12|   ap_none  |   p_src_rows_V_read   |    scalar    |
|p_src_cols_V_read              |  in |   12|   ap_none  |   p_src_cols_V_read   |    scalar    |
|p_src_data_stream_0_V_dout     |  in |    8|   ap_fifo  | p_src_data_stream_0_V |    pointer   |
|p_src_data_stream_0_V_empty_n  |  in |    1|   ap_fifo  | p_src_data_stream_0_V |    pointer   |
|p_src_data_stream_0_V_read     | out |    1|   ap_fifo  | p_src_data_stream_0_V |    pointer   |
|p_src_data_stream_1_V_dout     |  in |    8|   ap_fifo  | p_src_data_stream_1_V |    pointer   |
|p_src_data_stream_1_V_empty_n  |  in |    1|   ap_fifo  | p_src_data_stream_1_V |    pointer   |
|p_src_data_stream_1_V_read     | out |    1|   ap_fifo  | p_src_data_stream_1_V |    pointer   |
|p_src_data_stream_2_V_dout     |  in |    8|   ap_fifo  | p_src_data_stream_2_V |    pointer   |
|p_src_data_stream_2_V_empty_n  |  in |    1|   ap_fifo  | p_src_data_stream_2_V |    pointer   |
|p_src_data_stream_2_V_read     | out |    1|   ap_fifo  | p_src_data_stream_2_V |    pointer   |
|p_dst_data_stream_0_V_din      | out |    8|   ap_fifo  | p_dst_data_stream_0_V |    pointer   |
|p_dst_data_stream_0_V_full_n   |  in |    1|   ap_fifo  | p_dst_data_stream_0_V |    pointer   |
|p_dst_data_stream_0_V_write    | out |    1|   ap_fifo  | p_dst_data_stream_0_V |    pointer   |
|p_dst_data_stream_1_V_din      | out |    8|   ap_fifo  | p_dst_data_stream_1_V |    pointer   |
|p_dst_data_stream_1_V_full_n   |  in |    1|   ap_fifo  | p_dst_data_stream_1_V |    pointer   |
|p_dst_data_stream_1_V_write    | out |    1|   ap_fifo  | p_dst_data_stream_1_V |    pointer   |
|p_dst_data_stream_2_V_din      | out |    8|   ap_fifo  | p_dst_data_stream_2_V |    pointer   |
|p_dst_data_stream_2_V_full_n   |  in |    1|   ap_fifo  | p_dst_data_stream_2_V |    pointer   |
|p_dst_data_stream_2_V_write    | out |    1|   ap_fifo  | p_dst_data_stream_2_V |    pointer   |
+-------------------------------+-----+-----+------------+-----------------------+--------------+

