

================================================================
== Vivado HLS Report for 'image_filter_arithm_pro'
================================================================
* Date:           Fri Sep 11 21:49:25 2015

* Version:        2015.2 (Build 1266856 on Fri Jun 26 16:57:37 PM 2015)
* Project:        prj
* Solution:       solution1
* Product family: zynq
* Target device:  xc7z020clg484-1


================================================================
== Performance Estimates
================================================================
+ Timing (ns): 
    * Summary: 
    +--------+-------+----------+------------+
    |  Clock | Target| Estimated| Uncertainty|
    +--------+-------+----------+------------+
    |ap_clk  |   6.67|      4.29|        0.83|
    +--------+-------+----------+------------+

+ Latency (clock cycles): 
    * Summary: 
    +-----+---------+-----+---------+---------+
    |    Latency    |    Interval   | Pipeline|
    | min |   max   | min |   max   |   Type  |
    +-----+---------+-----+---------+---------+
    |    1|  2077921|    1|  2077921|   none  |
    +-----+---------+-----+---------+---------+

    + Detail: 
        * Instance: 
        N/A

        * Loop: 
        +---------------+-----+---------+----------+-----------+-----------+----------+----------+
        |               |    Latency    | Iteration|  Initiation Interval  |   Trip   |          |
        |   Loop Name   | min |   max   |  Latency |  achieved |   target  |   Count  | Pipelined|
        +---------------+-----+---------+----------+-----------+-----------+----------+----------+
        |- loop_height  |    0|  2077920| 3 ~ 1924 |          -|          -| 0 ~ 1080 |    no    |
        | + loop_width  |    0|     1921|         3|          1|          1| 0 ~ 1920 |    yes   |
        +---------------+-----+---------+----------+-----------+-----------+----------+----------+



================================================================
== Utilization Estimates
================================================================
* Summary: 
+-----------------+---------+-------+--------+-------+
|       Name      | BRAM_18K| DSP48E|   FF   |  LUT  |
+-----------------+---------+-------+--------+-------+
|Expression       |        -|      -|       0|     58|
|FIFO             |        -|      -|       -|      -|
|Instance         |        -|      -|       -|      -|
|Memory           |        -|      -|       -|      -|
|Multiplexer      |        -|      -|       -|     24|
|Register         |        -|      -|      66|      -|
+-----------------+---------+-------+--------+-------+
|Total            |        0|      0|      66|     82|
+-----------------+---------+-------+--------+-------+
|Available        |      280|    220|  106400|  53200|
+-----------------+---------+-------+--------+-------+
|Utilization (%)  |        0|      0|   ~0   |   ~0  |
+-----------------+---------+-------+--------+-------+

+ Detail: 
    * Instance: 
    N/A

    * Memory: 
    N/A

    * FIFO: 
    N/A

    * Expression: 
    +---------------------+----------+-------+---+----+------------+------------+
    |    Variable Name    | Operation| DSP48E| FF| LUT| Bitwidth P0| Bitwidth P1|
    +---------------------+----------+-------+---+----+------------+------------+
    |i_V_fu_154_p2        |     +    |      0|  0|  11|          11|           1|
    |j_V_fu_169_p2        |     +    |      0|  0|  11|          11|           1|
    |p_Val2_6_fu_189_p3   |  Select  |      0|  0|   8|           1|           2|
    |p_Val2_7_fu_211_p3   |  Select  |      0|  0|   8|           1|           2|
    |p_Val2_8_fu_233_p3   |  Select  |      0|  0|   8|           1|           2|
    |exitcond5_fu_149_p2  |   icmp   |      0|  0|   5|          12|          12|
    |exitcond6_fu_164_p2  |   icmp   |      0|  0|   5|          12|          12|
    |ap_sig_bdd_108       |    or    |      0|  0|   1|           1|           1|
    |ap_sig_bdd_94        |    or    |      0|  0|   1|           1|           1|
    +---------------------+----------+-------+---+----+------------+------------+
    |Total                |          |      0|  0|  58|          51|          34|
    +---------------------+----------+-------+---+----+------------+------------+

    * Multiplexer: 
    +-----------------------+----+-----------+-----+-----------+
    |          Name         | LUT| Input Size| Bits| Total Bits|
    +-----------------------+----+-----------+-----+-----------+
    |ap_NS_fsm              |   1|          5|    1|          5|
    |ap_reg_ppiten_pp0_it2  |   1|          2|    1|          2|
    |p_5_reg_134            |  11|          2|   11|         22|
    |p_s_reg_123            |  11|          2|   11|         22|
    +-----------------------+----+-----------+-----+-----------+
    |Total                  |  24|         11|   24|         51|
    +-----------------------+----+-----------+-----+-----------+

    * Register: 
    +----------------------------------------+----+----+-----+-----------+
    |                  Name                  | FF | LUT| Bits| Const Bits|
    +----------------------------------------+----+----+-----+-----------+
    |ap_CS_fsm                               |   4|   0|    4|          0|
    |ap_reg_ppiten_pp0_it0                   |   1|   0|    1|          0|
    |ap_reg_ppiten_pp0_it1                   |   1|   0|    1|          0|
    |ap_reg_ppiten_pp0_it2                   |   1|   0|    1|          0|
    |ap_reg_ppstg_exitcond6_reg_260_pp0_it1  |   1|   0|    1|          0|
    |exitcond6_reg_260                       |   1|   0|    1|          0|
    |i_V_reg_255                             |  11|   0|   11|          0|
    |p_5_reg_134                             |  11|   0|   11|          0|
    |p_Val2_6_reg_269                        |   8|   0|    8|          0|
    |p_Val2_7_reg_274                        |   8|   0|    8|          0|
    |p_Val2_8_reg_279                        |   8|   0|    8|          0|
    |p_s_reg_123                             |  11|   0|   11|          0|
    +----------------------------------------+----+----+-----+-----------+
    |Total                                   |  66|   0|   66|          0|
    +----------------------------------------+----+----+-----+-----------+



================================================================
== Interface
================================================================
* Summary: 
+-----------------------------+-----+-----+------------+-------------------------+--------------+
|          RTL Ports          | Dir | Bits|  Protocol  |      Source Object      |    C Type    |
+-----------------------------+-----+-----+------------+-------------------------+--------------+
|ap_clk                       |  in |    1| ap_ctrl_hs | image_filter_arithm_pro | return value |
|ap_rst                       |  in |    1| ap_ctrl_hs | image_filter_arithm_pro | return value |
|ap_start                     |  in |    1| ap_ctrl_hs | image_filter_arithm_pro | return value |
|ap_done                      | out |    1| ap_ctrl_hs | image_filter_arithm_pro | return value |
|ap_idle                      | out |    1| ap_ctrl_hs | image_filter_arithm_pro | return value |
|ap_ready                     | out |    1| ap_ctrl_hs | image_filter_arithm_pro | return value |
|src_data_stream_0_V_dout     |  in |    8|   ap_fifo  |   src_data_stream_0_V   |    pointer   |
|src_data_stream_0_V_empty_n  |  in |    1|   ap_fifo  |   src_data_stream_0_V   |    pointer   |
|src_data_stream_0_V_read     | out |    1|   ap_fifo  |   src_data_stream_0_V   |    pointer   |
|src_data_stream_1_V_dout     |  in |    8|   ap_fifo  |   src_data_stream_1_V   |    pointer   |
|src_data_stream_1_V_empty_n  |  in |    1|   ap_fifo  |   src_data_stream_1_V   |    pointer   |
|src_data_stream_1_V_read     | out |    1|   ap_fifo  |   src_data_stream_1_V   |    pointer   |
|src_data_stream_2_V_dout     |  in |    8|   ap_fifo  |   src_data_stream_2_V   |    pointer   |
|src_data_stream_2_V_empty_n  |  in |    1|   ap_fifo  |   src_data_stream_2_V   |    pointer   |
|src_data_stream_2_V_read     | out |    1|   ap_fifo  |   src_data_stream_2_V   |    pointer   |
|dst_rows_V_read              |  in |   12|   ap_none  |     dst_rows_V_read     |    scalar    |
|dst_cols_V_read              |  in |   12|   ap_none  |     dst_cols_V_read     |    scalar    |
|dst_data_stream_0_V_din      | out |    8|   ap_fifo  |   dst_data_stream_0_V   |    pointer   |
|dst_data_stream_0_V_full_n   |  in |    1|   ap_fifo  |   dst_data_stream_0_V   |    pointer   |
|dst_data_stream_0_V_write    | out |    1|   ap_fifo  |   dst_data_stream_0_V   |    pointer   |
|dst_data_stream_1_V_din      | out |    8|   ap_fifo  |   dst_data_stream_1_V   |    pointer   |
|dst_data_stream_1_V_full_n   |  in |    1|   ap_fifo  |   dst_data_stream_1_V   |    pointer   |
|dst_data_stream_1_V_write    | out |    1|   ap_fifo  |   dst_data_stream_1_V   |    pointer   |
|dst_data_stream_2_V_din      | out |    8|   ap_fifo  |   dst_data_stream_2_V   |    pointer   |
|dst_data_stream_2_V_full_n   |  in |    1|   ap_fifo  |   dst_data_stream_2_V   |    pointer   |
|dst_data_stream_2_V_write    | out |    1|   ap_fifo  |   dst_data_stream_2_V   |    pointer   |
+-----------------------------+-----+-----+------------+-------------------------+--------------+

