

================================================================
== Vivado HLS Report for 'image_filter_Scale_1080_1920_32_32_int_s'
================================================================
* Date:           Fri Sep 11 21:49:25 2015

* Version:        2015.2 (Build 1266856 on Fri Jun 26 16:57:37 PM 2015)
* Project:        prj
* Solution:       solution1
* Product family: zynq
* Target device:  xc7z020clg484-1


================================================================
== Performance Estimates
================================================================
+ Timing (ns): 
    * Summary: 
    +--------+-------+----------+------------+
    |  Clock | Target| Estimated| Uncertainty|
    +--------+-------+----------+------------+
    |ap_clk  |   6.67|      4.29|        0.83|
    +--------+-------+----------+------------+

+ Latency (clock cycles): 
    * Summary: 
    +-----+---------+-----+---------+---------+
    |    Latency    |    Interval   | Pipeline|
    | min |   max   | min |   max   |   Type  |
    +-----+---------+-----+---------+---------+
    |    2|  2077922|    2|  2077922|   none  |
    +-----+---------+-----+---------+---------+

    + Detail: 
        * Instance: 
        +-----------------------------------+-------------------------+-----+---------+-----+---------+---------+
        |                                   |                         |    Latency    |    Interval   | Pipeline|
        |              Instance             |          Module         | min |   max   | min |   max   |   Type  |
        +-----------------------------------+-------------------------+-----+---------+-----+---------+---------+
        |grp_image_filter_arithm_pro_fu_40  |image_filter_arithm_pro  |    1|  2077921|    1|  2077921|   none  |
        +-----------------------------------+-------------------------+-----+---------+-----+---------+---------+

        * Loop: 
        N/A



================================================================
== Utilization Estimates
================================================================
* Summary: 
+-----------------+---------+-------+--------+-------+
|       Name      | BRAM_18K| DSP48E|   FF   |  LUT  |
+-----------------+---------+-------+--------+-------+
|Expression       |        -|      -|       0|      1|
|FIFO             |        -|      -|       -|      -|
|Instance         |        -|      -|      66|     82|
|Memory           |        -|      -|       -|      -|
|Multiplexer      |        -|      -|       -|      7|
|Register         |        -|      -|       4|      -|
+-----------------+---------+-------+--------+-------+
|Total            |        0|      0|      70|     90|
+-----------------+---------+-------+--------+-------+
|Available        |      280|    220|  106400|  53200|
+-----------------+---------+-------+--------+-------+
|Utilization (%)  |        0|      0|   ~0   |   ~0  |
+-----------------+---------+-------+--------+-------+

+ Detail: 
    * Instance: 
    +-----------------------------------+-------------------------+---------+-------+----+----+
    |              Instance             |          Module         | BRAM_18K| DSP48E| FF | LUT|
    +-----------------------------------+-------------------------+---------+-------+----+----+
    |grp_image_filter_arithm_pro_fu_40  |image_filter_arithm_pro  |        0|      0|  66|  82|
    +-----------------------------------+-------------------------+---------+-------+----+----+
    |Total                              |                         |        0|      0|  66|  82|
    +-----------------------------------+-------------------------+---------+-------+----+----+

    * Memory: 
    N/A

    * FIFO: 
    N/A

    * Expression: 
    +---------------+----------+-------+---+----+------------+------------+
    | Variable Name | Operation| DSP48E| FF| LUT| Bitwidth P0| Bitwidth P1|
    +---------------+----------+-------+---+----+------------+------------+
    |ap_sig_bdd_59  |    or    |      0|  0|   1|           1|           1|
    +---------------+----------+-------+---+----+------------+------------+
    |Total          |          |      0|  0|   1|           1|           1|
    +---------------+----------+-------+---+----+------------+------------+

    * Multiplexer: 
    +---------------------------+----+-----------+-----+-----------+
    |            Name           | LUT| Input Size| Bits| Total Bits|
    +---------------------------+----+-----------+-----+-----------+
    |ap_NS_fsm                  |   1|          3|    1|          3|
    |dst_data_stream_0_V_write  |   1|          2|    1|          2|
    |dst_data_stream_1_V_write  |   1|          2|    1|          2|
    |dst_data_stream_2_V_write  |   1|          2|    1|          2|
    |src_data_stream_0_V_read   |   1|          2|    1|          2|
    |src_data_stream_1_V_read   |   1|          2|    1|          2|
    |src_data_stream_2_V_read   |   1|          2|    1|          2|
    +---------------------------+----+-----------+-----+-----------+
    |Total                      |   7|         15|    7|         15|
    +---------------------------+----+-----------+-----+-----------+

    * Register: 
    +---------------------------------------------------------+---+----+-----+-----------+
    |                           Name                          | FF| LUT| Bits| Const Bits|
    +---------------------------------------------------------+---+----+-----+-----------+
    |ap_CS_fsm                                                |  2|   0|    2|          0|
    |ap_done_reg                                              |  1|   0|    1|          0|
    |grp_image_filter_arithm_pro_fu_40_ap_start_ap_start_reg  |  1|   0|    1|          0|
    +---------------------------------------------------------+---+----+-----+-----------+
    |Total                                                    |  4|   0|    4|          0|
    +---------------------------------------------------------+---+----+-----+-----------+



================================================================
== Interface
================================================================
* Summary: 
+-----------------------------+-----+-----+------------+---------------------------------------------+--------------+
|          RTL Ports          | Dir | Bits|  Protocol  |                Source Object                |    C Type    |
+-----------------------------+-----+-----+------------+---------------------------------------------+--------------+
|ap_clk                       |  in |    1| ap_ctrl_hs | image_filter_Scale<1080, 1920, 32, 32, int> | return value |
|ap_rst                       |  in |    1| ap_ctrl_hs | image_filter_Scale<1080, 1920, 32, 32, int> | return value |
|ap_start                     |  in |    1| ap_ctrl_hs | image_filter_Scale<1080, 1920, 32, 32, int> | return value |
|ap_done                      | out |    1| ap_ctrl_hs | image_filter_Scale<1080, 1920, 32, 32, int> | return value |
|ap_continue                  |  in |    1| ap_ctrl_hs | image_filter_Scale<1080, 1920, 32, 32, int> | return value |
|ap_idle                      | out |    1| ap_ctrl_hs | image_filter_Scale<1080, 1920, 32, 32, int> | return value |
|ap_ready                     | out |    1| ap_ctrl_hs | image_filter_Scale<1080, 1920, 32, 32, int> | return value |
|src_rows_V_read              |  in |   12|   ap_none  |               src_rows_V_read               |    scalar    |
|src_cols_V_read              |  in |   12|   ap_none  |               src_cols_V_read               |    scalar    |
|src_data_stream_0_V_dout     |  in |    8|   ap_fifo  |             src_data_stream_0_V             |    pointer   |
|src_data_stream_0_V_empty_n  |  in |    1|   ap_fifo  |             src_data_stream_0_V             |    pointer   |
|src_data_stream_0_V_read     | out |    1|   ap_fifo  |             src_data_stream_0_V             |    pointer   |
|src_data_stream_1_V_dout     |  in |    8|   ap_fifo  |             src_data_stream_1_V             |    pointer   |
|src_data_stream_1_V_empty_n  |  in |    1|   ap_fifo  |             src_data_stream_1_V             |    pointer   |
|src_data_stream_1_V_read     | out |    1|   ap_fifo  |             src_data_stream_1_V             |    pointer   |
|src_data_stream_2_V_dout     |  in |    8|   ap_fifo  |             src_data_stream_2_V             |    pointer   |
|src_data_stream_2_V_empty_n  |  in |    1|   ap_fifo  |             src_data_stream_2_V             |    pointer   |
|src_data_stream_2_V_read     | out |    1|   ap_fifo  |             src_data_stream_2_V             |    pointer   |
|dst_data_stream_0_V_din      | out |    8|   ap_fifo  |             dst_data_stream_0_V             |    pointer   |
|dst_data_stream_0_V_full_n   |  in |    1|   ap_fifo  |             dst_data_stream_0_V             |    pointer   |
|dst_data_stream_0_V_write    | out |    1|   ap_fifo  |             dst_data_stream_0_V             |    pointer   |
|dst_data_stream_1_V_din      | out |    8|   ap_fifo  |             dst_data_stream_1_V             |    pointer   |
|dst_data_stream_1_V_full_n   |  in |    1|   ap_fifo  |             dst_data_stream_1_V             |    pointer   |
|dst_data_stream_1_V_write    | out |    1|   ap_fifo  |             dst_data_stream_1_V             |    pointer   |
|dst_data_stream_2_V_din      | out |    8|   ap_fifo  |             dst_data_stream_2_V             |    pointer   |
|dst_data_stream_2_V_full_n   |  in |    1|   ap_fifo  |             dst_data_stream_2_V             |    pointer   |
|dst_data_stream_2_V_write    | out |    1|   ap_fifo  |             dst_data_stream_2_V             |    pointer   |
+-----------------------------+-----+-----+------------+---------------------------------------------+--------------+

