

================================================================
== Vivado HLS Report for 'image_filter'
================================================================
* Date:           Fri Sep 11 21:49:27 2015

* Version:        2015.2 (Build 1266856 on Fri Jun 26 16:57:37 PM 2015)
* Project:        prj
* Solution:       solution1
* Product family: zynq
* Target device:  xc7z020clg484-1


================================================================
== Performance Estimates
================================================================
+ Timing (ns): 
    * Summary: 
    +--------+-------+----------+------------+
    |  Clock | Target| Estimated| Uncertainty|
    +--------+-------+----------+------------+
    |ap_clk  |   6.67|      5.73|        0.83|
    +--------+-------+----------+------------+

+ Latency (clock cycles): 
    * Summary: 
    +-----+---------+-----+---------+----------+
    |    Latency    |    Interval   | Pipeline |
    | min |   max   | min |   max   |   Type   |
    +-----+---------+-----+---------+----------+
    |  316|  2098420|  297|  2098401| dataflow |
    +-----+---------+-----+---------+----------+

    + Detail: 
        * Instance: 
        +------------------------------------------------------+------------------------------------------+-----+---------+-----+---------+---------+
        |                                                      |                                          |    Latency    |    Interval   | Pipeline|
        |                       Instance                       |                  Module                  | min |   max   | min |   max   |   Type  |
        +------------------------------------------------------+------------------------------------------+-----+---------+-----+---------+---------+
        |call_ret_image_filter_Block_Mat_exit2013_proc_fu_338  |image_filter_Block_Mat_exit2013_proc      |    0|        0|    0|        0|   none  |
        |grp_image_filter_AXIvideo2Mat_fu_268                  |image_filter_AXIvideo2Mat                 |    3|  2077923|    3|  2077923|   none  |
        |grp_image_filter_Sobel_fu_256                         |image_filter_Sobel                        |  284|  2097316|  284|  2097316|   none  |
        |grp_image_filter_SubS_fu_303                          |image_filter_SubS                         |    1|  2077921|    1|  2077921|   none  |
        |grp_image_filter_Scale_1080_1920_32_32_int_s_fu_291   |image_filter_Scale_1080_1920_32_32_int_s  |    2|  2077922|    2|  2077922|   none  |
        |grp_image_filter_Erode_32_32_1080_1920_s_fu_232       |image_filter_Erode_32_32_1080_1920_s      |  296|  2098400|  296|  2098400|   none  |
        |grp_image_filter_Dilate_32_32_1080_1920_s_fu_244      |image_filter_Dilate_32_32_1080_1920_s     |  296|  2098400|  296|  2098400|   none  |
        |grp_image_filter_Mat2AXIvideo_fu_315                  |image_filter_Mat2AXIvideo                 |    1|  2076841|    1|  2076841|   none  |
        +------------------------------------------------------+------------------------------------------+-----+---------+-----+---------+---------+

        * Loop: 
        N/A



================================================================
== Utilization Estimates
================================================================
* Summary: 
+-----------------+---------+-------+--------+-------+
|       Name      | BRAM_18K| DSP48E|   FF   |  LUT  |
+-----------------+---------+-------+--------+-------+
|Expression       |        -|      -|       0|      5|
|FIFO             |        0|      -|     160|    696|
|Instance         |       27|      -|    3776|   4352|
|Memory           |        -|      -|       -|      -|
|Multiplexer      |        -|      -|       -|     20|
|Register         |        -|      -|      20|      -|
+-----------------+---------+-------+--------+-------+
|Total            |       27|      0|    3956|   5073|
+-----------------+---------+-------+--------+-------+
|Available        |      280|    220|  106400|  53200|
+-----------------+---------+-------+--------+-------+
|Utilization (%)  |        9|      0|       3|      9|
+-----------------+---------+-------+--------+-------+

+ Detail: 
    * Instance: 
    +-------------------------------------------+------------------------------------------+---------+-------+------+------+
    |                  Instance                 |                  Module                  | BRAM_18K| DSP48E|  FF  |  LUT |
    +-------------------------------------------+------------------------------------------+---------+-------+------+------+
    |image_filter_AXIvideo2Mat_U0               |image_filter_AXIvideo2Mat                 |        0|      0|   264|   273|
    |image_filter_Block_Mat_exit2013_proc_U0    |image_filter_Block_Mat_exit2013_proc      |        0|      0|   122|   121|
    |image_filter_Dilate_32_32_1080_1920_U0     |image_filter_Dilate_32_32_1080_1920_s     |        9|      0|  1082|  1191|
    |image_filter_Erode_32_32_1080_1920_U0      |image_filter_Erode_32_32_1080_1920_s      |        9|      0|  1082|  1191|
    |image_filter_Mat2AXIvideo_U0               |image_filter_Mat2AXIvideo                 |        0|      0|    60|    80|
    |image_filter_Scale_1080_1920_32_32_int_U0  |image_filter_Scale_1080_1920_32_32_int_s  |        0|      0|    70|    90|
    |image_filter_Sobel_U0                      |image_filter_Sobel                        |        9|      0|  1026|  1296|
    |image_filter_SubS_U0                       |image_filter_SubS                         |        0|      0|    70|   110|
    +-------------------------------------------+------------------------------------------+---------+-------+------+------+
    |Total                                      |                                          |       27|      0|  3776|  4352|
    +-------------------------------------------+------------------------------------------+---------+-------+------+------+

    * Memory: 
    N/A

    * FIFO: 
    +--------------------------+---------+---+----+------+-----+---------+
    |           Name           | BRAM_18K| FF| LUT| Depth| Bits| Size:D*B|
    +--------------------------+---------+---+----+------+-----+---------+
    |img_0_cols_V_channel30_U  |        0|  5|  24|     1|   12|       12|
    |img_0_cols_V_channel_U    |        0|  5|  24|     2|   12|       24|
    |img_0_data_stream_0_V_U   |        0|  5|  20|     1|    8|        8|
    |img_0_data_stream_1_V_U   |        0|  5|  20|     1|    8|        8|
    |img_0_data_stream_2_V_U   |        0|  5|  20|     1|    8|        8|
    |img_0_rows_V_channel29_U  |        0|  5|  24|     1|   12|       12|
    |img_0_rows_V_channel_U    |        0|  5|  24|     2|   12|       24|
    |img_1_cols_V_channel_U    |        0|  5|  24|     2|   12|       24|
    |img_1_data_stream_0_V_U   |        0|  5|  20|     1|    8|        8|
    |img_1_data_stream_1_V_U   |        0|  5|  20|     1|    8|        8|
    |img_1_data_stream_2_V_U   |        0|  5|  20|     1|    8|        8|
    |img_1_rows_V_channel_U    |        0|  5|  24|     2|   12|       24|
    |img_2_cols_V_channel_U    |        0|  5|  24|     2|   12|       24|
    |img_2_data_stream_0_V_U   |        0|  5|  20|     1|    8|        8|
    |img_2_data_stream_1_V_U   |        0|  5|  20|     1|    8|        8|
    |img_2_data_stream_2_V_U   |        0|  5|  20|     1|    8|        8|
    |img_2_rows_V_channel_U    |        0|  5|  24|     2|   12|       24|
    |img_3_cols_V_channel_U    |        0|  5|  24|     2|   12|       24|
    |img_3_data_stream_0_V_U   |        0|  5|  20|     1|    8|        8|
    |img_3_data_stream_1_V_U   |        0|  5|  20|     1|    8|        8|
    |img_3_data_stream_2_V_U   |        0|  5|  20|     1|    8|        8|
    |img_3_rows_V_channel_U    |        0|  5|  24|     2|   12|       24|
    |img_4_cols_V_channel_U    |        0|  5|  24|     2|   12|       24|
    |img_4_data_stream_0_V_U   |        0|  5|  20|     1|    8|        8|
    |img_4_data_stream_1_V_U   |        0|  5|  20|     1|    8|        8|
    |img_4_data_stream_2_V_U   |        0|  5|  20|     1|    8|        8|
    |img_4_rows_V_channel_U    |        0|  5|  24|     2|   12|       24|
    |img_5_cols_V_channel_U    |        0|  5|  24|     2|   12|       24|
    |img_5_data_stream_0_V_U   |        0|  5|  20|     1|    8|        8|
    |img_5_data_stream_1_V_U   |        0|  5|  20|     1|    8|        8|
    |img_5_data_stream_2_V_U   |        0|  5|  20|     1|    8|        8|
    |img_5_rows_V_channel_U    |        0|  5|  24|     2|   12|       24|
    +--------------------------+---------+---+----+------+-----+---------+
    |Total                     |        0|160| 696|    44|  312|      456|
    +--------------------------+---------+---+----+------+-----+---------+

    * Expression: 
    +----------------------------------------------------+----------+-------+---+----+------------+------------+
    |                    Variable Name                   | Operation| DSP48E| FF| LUT| Bitwidth P0| Bitwidth P1|
    +----------------------------------------------------+----------+-------+---+----+------------+------------+
    |image_filter_Dilate_32_32_1080_1920_U0_ap_start     |    and   |      0|  0|   1|           1|           1|
    |image_filter_Erode_32_32_1080_1920_U0_ap_start      |    and   |      0|  0|   1|           1|           1|
    |image_filter_Mat2AXIvideo_U0_ap_start               |    and   |      0|  0|   1|           1|           1|
    |image_filter_Scale_1080_1920_32_32_int_U0_ap_start  |    and   |      0|  0|   1|           1|           1|
    |image_filter_SubS_U0_ap_start                       |    and   |      0|  0|   1|           1|           1|
    +----------------------------------------------------+----------+-------+---+----+------------+------------+
    |Total                                               |          |      0|  0|   5|           5|           5|
    +----------------------------------------------------+----------+-------+---+----+------------+------------+

    * Multiplexer: 
    +---------------------------------------------------------------------------+----+-----------+-----+-----------+
    |                                    Name                                   | LUT| Input Size| Bits| Total Bits|
    +---------------------------------------------------------------------------+----+-----------+-----+-----------+
    |ap_chn_write_image_filter_Block_Mat_exit2013_proc_U0_img_1_cols_V_channel  |   1|          2|    1|          2|
    |ap_chn_write_image_filter_Block_Mat_exit2013_proc_U0_img_1_rows_V_channel  |   1|          2|    1|          2|
    |ap_chn_write_image_filter_Block_Mat_exit2013_proc_U0_img_2_cols_V_channel  |   1|          2|    1|          2|
    |ap_chn_write_image_filter_Block_Mat_exit2013_proc_U0_img_2_rows_V_channel  |   1|          2|    1|          2|
    |ap_chn_write_image_filter_Block_Mat_exit2013_proc_U0_img_3_cols_V_channel  |   1|          2|    1|          2|
    |ap_chn_write_image_filter_Block_Mat_exit2013_proc_U0_img_3_rows_V_channel  |   1|          2|    1|          2|
    |ap_chn_write_image_filter_Block_Mat_exit2013_proc_U0_img_4_cols_V_channel  |   1|          2|    1|          2|
    |ap_chn_write_image_filter_Block_Mat_exit2013_proc_U0_img_4_rows_V_channel  |   1|          2|    1|          2|
    |ap_chn_write_image_filter_Block_Mat_exit2013_proc_U0_img_5_cols_V_channel  |   1|          2|    1|          2|
    |ap_chn_write_image_filter_Block_Mat_exit2013_proc_U0_img_5_rows_V_channel  |   1|          2|    1|          2|
    |ap_sig_ready_img_1_cols_V_channel_full_n                                   |   1|          2|    1|          2|
    |ap_sig_ready_img_1_rows_V_channel_full_n                                   |   1|          2|    1|          2|
    |ap_sig_ready_img_2_cols_V_channel_full_n                                   |   1|          2|    1|          2|
    |ap_sig_ready_img_2_rows_V_channel_full_n                                   |   1|          2|    1|          2|
    |ap_sig_ready_img_3_cols_V_channel_full_n                                   |   1|          2|    1|          2|
    |ap_sig_ready_img_3_rows_V_channel_full_n                                   |   1|          2|    1|          2|
    |ap_sig_ready_img_4_cols_V_channel_full_n                                   |   1|          2|    1|          2|
    |ap_sig_ready_img_4_rows_V_channel_full_n                                   |   1|          2|    1|          2|
    |ap_sig_ready_img_5_cols_V_channel_full_n                                   |   1|          2|    1|          2|
    |ap_sig_ready_img_5_rows_V_channel_full_n                                   |   1|          2|    1|          2|
    +---------------------------------------------------------------------------+----+-----------+-----+-----------+
    |Total                                                                      |  20|         40|   20|         40|
    +---------------------------------------------------------------------------+----+-----------+-----+-----------+

    * Register: 
    +-----------------------------------------------------------+---+----+-----+-----------+
    |                            Name                           | FF| LUT| Bits| Const Bits|
    +-----------------------------------------------------------+---+----+-----+-----------+
    |ap_CS                                                      |  1|   0|    1|          0|
    |ap_reg_procdone_image_filter_AXIvideo2Mat_U0               |  1|   0|    1|          0|
    |ap_reg_procdone_image_filter_Block_Mat_exit2013_proc_U0    |  1|   0|    1|          0|
    |ap_reg_procdone_image_filter_Dilate_32_32_1080_1920_U0     |  1|   0|    1|          0|
    |ap_reg_procdone_image_filter_Erode_32_32_1080_1920_U0      |  1|   0|    1|          0|
    |ap_reg_procdone_image_filter_Mat2AXIvideo_U0               |  1|   0|    1|          0|
    |ap_reg_procdone_image_filter_Scale_1080_1920_32_32_int_U0  |  1|   0|    1|          0|
    |ap_reg_procdone_image_filter_Sobel_U0                      |  1|   0|    1|          0|
    |ap_reg_procdone_image_filter_SubS_U0                       |  1|   0|    1|          0|
    |ap_reg_ready_img_1_cols_V_channel_full_n                   |  1|   0|    1|          0|
    |ap_reg_ready_img_1_rows_V_channel_full_n                   |  1|   0|    1|          0|
    |ap_reg_ready_img_2_cols_V_channel_full_n                   |  1|   0|    1|          0|
    |ap_reg_ready_img_2_rows_V_channel_full_n                   |  1|   0|    1|          0|
    |ap_reg_ready_img_3_cols_V_channel_full_n                   |  1|   0|    1|          0|
    |ap_reg_ready_img_3_rows_V_channel_full_n                   |  1|   0|    1|          0|
    |ap_reg_ready_img_4_cols_V_channel_full_n                   |  1|   0|    1|          0|
    |ap_reg_ready_img_4_rows_V_channel_full_n                   |  1|   0|    1|          0|
    |ap_reg_ready_img_5_cols_V_channel_full_n                   |  1|   0|    1|          0|
    |ap_reg_ready_img_5_rows_V_channel_full_n                   |  1|   0|    1|          0|
    |image_filter_Sobel_U0_ap_start                             |  1|   0|    1|          0|
    +-----------------------------------------------------------+---+----+-----+-----------+
    |Total                                                      | 20|   0|   20|          0|
    +-----------------------------------------------------------+---+----+-----+-----------+



================================================================
== Interface
================================================================
* Summary: 
+----------------------+-----+-----+------------+------------------------+--------------+
|       RTL Ports      | Dir | Bits|  Protocol  |      Source Object     |    C Type    |
+----------------------+-----+-----+------------+------------------------+--------------+
|INPUT_STREAM_TDATA    |  in |   32|    axis    |  INPUT_STREAM_V_data_V |    pointer   |
|INPUT_STREAM_TKEEP    |  in |    4|    axis    |  INPUT_STREAM_V_keep_V |    pointer   |
|INPUT_STREAM_TSTRB    |  in |    4|    axis    |  INPUT_STREAM_V_strb_V |    pointer   |
|INPUT_STREAM_TUSER    |  in |    1|    axis    |  INPUT_STREAM_V_user_V |    pointer   |
|INPUT_STREAM_TLAST    |  in |    1|    axis    |  INPUT_STREAM_V_last_V |    pointer   |
|INPUT_STREAM_TID      |  in |    1|    axis    |   INPUT_STREAM_V_id_V  |    pointer   |
|INPUT_STREAM_TDEST    |  in |    1|    axis    |  INPUT_STREAM_V_dest_V |    pointer   |
|INPUT_STREAM_TVALID   |  in |    1|    axis    |  INPUT_STREAM_V_dest_V |    pointer   |
|INPUT_STREAM_TREADY   | out |    1|    axis    |  INPUT_STREAM_V_dest_V |    pointer   |
|OUTPUT_STREAM_TDATA   | out |   32|    axis    | OUTPUT_STREAM_V_data_V |    pointer   |
|OUTPUT_STREAM_TKEEP   | out |    4|    axis    | OUTPUT_STREAM_V_keep_V |    pointer   |
|OUTPUT_STREAM_TSTRB   | out |    4|    axis    | OUTPUT_STREAM_V_strb_V |    pointer   |
|OUTPUT_STREAM_TUSER   | out |    1|    axis    | OUTPUT_STREAM_V_user_V |    pointer   |
|OUTPUT_STREAM_TLAST   | out |    1|    axis    | OUTPUT_STREAM_V_last_V |    pointer   |
|OUTPUT_STREAM_TID     | out |    1|    axis    |  OUTPUT_STREAM_V_id_V  |    pointer   |
|OUTPUT_STREAM_TDEST   | out |    1|    axis    | OUTPUT_STREAM_V_dest_V |    pointer   |
|OUTPUT_STREAM_TVALID  | out |    1|    axis    | OUTPUT_STREAM_V_dest_V |    pointer   |
|OUTPUT_STREAM_TREADY  |  in |    1|    axis    | OUTPUT_STREAM_V_dest_V |    pointer   |
|rows                  |  in |   32|  ap_stable |          rows          |    scalar    |
|cols                  |  in |   32|  ap_stable |          cols          |    scalar    |
|ap_clk                |  in |    1| ap_ctrl_hs |      image_filter      | return value |
|ap_rst_n              |  in |    1| ap_ctrl_hs |      image_filter      | return value |
|ap_start              |  in |    1| ap_ctrl_hs |      image_filter      | return value |
|ap_done               | out |    1| ap_ctrl_hs |      image_filter      | return value |
|ap_idle               | out |    1| ap_ctrl_hs |      image_filter      | return value |
|ap_ready              | out |    1| ap_ctrl_hs |      image_filter      | return value |
+----------------------+-----+-----+------------+------------------------+--------------+

