@I [HLS-10] Running '/opt/Xilinx/Vivado_HLS/2015.4/bin/unwrapped/lnx64.o/vivado_hls'
            for user 'raph' on host 'raph-VirtualBox0' (Linux_x86_64 version 3.13.0-74-generic) on Thu Jan 07 10:55:18 CET 2016
            in directory '/home/raph/HLS_OpenCV/hardware'
@I [HLS-10] Opening project '/home/raph/HLS_OpenCV/hardware/hls_ip'.
@I [HLS-10] Opening solution '/home/raph/HLS_OpenCV/hardware/hls_ip/solution'.
@I [SYN-201] Setting up clock 'default' with a period of 10ns.
@I [HLS-10] Setting target device to 'xc7z020clg484-1'
@I [IMPL-8] Exporting RTL as an IP in IP-XACT.
@I [IMPL-200] Port 'input_V_data_V' is mapped to 'TDATA' by default.
@I [IMPL-200] Port 'input_V_keep_V' is mapped to 'TKEEP' by default.
@I [IMPL-200] Port 'input_V_strb_V' is mapped to 'TSTRB' by default.
@I [IMPL-200] Port 'input_V_user_V' is mapped to 'TUSER' by default.
@I [IMPL-200] Port 'input_V_last_V' is mapped to 'TLAST' by default.
@I [IMPL-200] Port 'input_V_id_V' is mapped to 'TID' by default.
@I [IMPL-200] Port 'input_V_dest_V' is mapped to 'TDEST' by default.
@I [IMPL-200] Port 'output_V_data_V' is mapped to 'TDATA' by default.
@I [IMPL-200] Port 'output_V_keep_V' is mapped to 'TKEEP' by default.
@I [IMPL-200] Port 'output_V_strb_V' is mapped to 'TSTRB' by default.
@I [IMPL-200] Port 'output_V_user_V' is mapped to 'TUSER' by default.
@I [IMPL-200] Port 'output_V_last_V' is mapped to 'TLAST' by default.
@I [IMPL-200] Port 'output_V_id_V' is mapped to 'TID' by default.
@I [IMPL-200] Port 'output_V_dest_V' is mapped to 'TDEST' by default.

****** Vivado v2015.4 (64-bit)
  **** SW Build 1412921 on Wed Nov 18 09:44:32 MST 2015
  **** IP Build 1412160 on Tue Nov 17 13:47:24 MST 2015
    ** Copyright 1986-2015 Xilinx, Inc. All Rights Reserved.

source run_ippack.tcl -notrace
INFO: [IP_Flow 19-234] Refreshing IP repositories
INFO: [IP_Flow 19-1704] No user IP repositories specified
INFO: [IP_Flow 19-2313] Loaded Vivado IP repository '/opt/Xilinx/Vivado/2015.4/data/ip'.
INFO: [Common 17-206] Exiting Vivado at Thu Jan  7 10:55:24 2016...
