

================================================================
== Vivado HLS Report for 'image_filter_Sobel_1'
================================================================
* Date:           Tue Jan 19 21:25:07 2016

* Version:        2015.4 (Build 1412921 on Wed Nov 18 09:58:55 AM 2015)
* Project:        hls_ip
* Solution:       solution
* Product family: zynq
* Target device:  xc7z020clg484-1


================================================================
== Performance Estimates
================================================================
+ Timing (ns): 
    * Summary: 
    +--------+-------+----------+------------+
    |  Clock | Target| Estimated| Uncertainty|
    +--------+-------+----------+------------+
    |ap_clk  |  10.00|      8.64|        1.25|
    +--------+-------+----------+------------+

+ Latency (clock cycles): 
    * Summary: 
    +-----+---------+-----+---------+---------+
    |    Latency    |    Interval   | Pipeline|
    | min |   max   | min |   max   |   Type  |
    +-----+---------+-----+---------+---------+
    |  192|  2091509|  192|  2091509|   none  |
    +-----+---------+-----+---------+---------+

    + Detail: 
        * Instance: 
        +---------------------------------+-----------------------+-----+---------+-----+---------+---------+
        |                                 |                       |    Latency    |    Interval   | Pipeline|
        |             Instance            |         Module        | min |   max   | min |   max   |   Type  |
        +---------------------------------+-----------------------+-----+---------+-----+---------+---------+
        |grp_image_filter_Filter2D_fu_56  |image_filter_Filter2D  |  191|  2091508|  191|  2091508|   none  |
        +---------------------------------+-----------------------+-----+---------+-----+---------+---------+

        * Loop: 
        N/A



================================================================
== Utilization Estimates
================================================================
* Summary: 
+-----------------+---------+-------+--------+-------+
|       Name      | BRAM_18K| DSP48E|   FF   |  LUT  |
+-----------------+---------+-------+--------+-------+
|DSP              |        -|      -|       -|      -|
|Expression       |        -|      -|       0|      1|
|FIFO             |        -|      -|       -|      -|
|Instance         |       12|     12|    1162|   1223|
|Memory           |        -|      -|       -|      -|
|Multiplexer      |        -|      -|       -|      3|
|Register         |        -|      -|       4|      -|
+-----------------+---------+-------+--------+-------+
|Total            |       12|     12|    1166|   1227|
+-----------------+---------+-------+--------+-------+
|Available        |      280|    220|  106400|  53200|
+-----------------+---------+-------+--------+-------+
|Utilization (%)  |        4|      5|       1|      2|
+-----------------+---------+-------+--------+-------+

+ Detail: 
    * Instance: 
    +---------------------------------+-----------------------+---------+-------+------+------+
    |             Instance            |         Module        | BRAM_18K| DSP48E|  FF  |  LUT |
    +---------------------------------+-----------------------+---------+-------+------+------+
    |grp_image_filter_Filter2D_fu_56  |image_filter_Filter2D  |       12|     12|  1162|  1223|
    +---------------------------------+-----------------------+---------+-------+------+------+
    |Total                            |                       |       12|     12|  1162|  1223|
    +---------------------------------+-----------------------+---------+-------+------+------+

    * DSP48: 
    N/A

    * Memory: 
    N/A

    * FIFO: 
    N/A

    * Expression: 
    +---------------+----------+-------+---+----+------------+------------+
    | Variable Name | Operation| DSP48E| FF| LUT| Bitwidth P0| Bitwidth P1|
    +---------------+----------+-------+---+----+------------+------------+
    |ap_sig_bdd_43  |    or    |      0|  0|   1|           1|           1|
    +---------------+----------+-------+---+----+------------+------------+
    |Total          |          |      0|  0|   1|           1|           1|
    +---------------+----------+-------+---+----+------------+------------+

    * Multiplexer: 
    +---------------------------+----+-----------+-----+-----------+
    |            Name           | LUT| Input Size| Bits| Total Bits|
    +---------------------------+----+-----------+-----+-----------+
    |ap_NS_fsm                  |   1|          3|    1|          3|
    |p_dst_data_stream_V_write  |   1|          2|    1|          2|
    |p_src_data_stream_V_read   |   1|          2|    1|          2|
    +---------------------------+----+-----------+-----+-----------+
    |Total                      |   3|          7|    3|          7|
    +---------------------------+----+-----------+-----+-----------+

    * Register: 
    +-------------------------------------------------------+---+----+-----+-----------+
    |                          Name                         | FF| LUT| Bits| Const Bits|
    +-------------------------------------------------------+---+----+-----+-----------+
    |ap_CS_fsm                                              |  2|   0|    2|          0|
    |ap_done_reg                                            |  1|   0|    1|          0|
    |grp_image_filter_Filter2D_fu_56_ap_start_ap_start_reg  |  1|   0|    1|          0|
    +-------------------------------------------------------+---+----+-----+-----------+
    |Total                                                  |  4|   0|    4|          0|
    +-------------------------------------------------------+---+----+-----+-----------+



================================================================
== Interface
================================================================
* Summary: 
+-----------------------------+-----+-----+------------+----------------------+--------------+
|          RTL Ports          | Dir | Bits|  Protocol  |     Source Object    |    C Type    |
+-----------------------------+-----+-----+------------+----------------------+--------------+
|ap_clk                       |  in |    1| ap_ctrl_hs | image_filter_Sobel.1 | return value |
|ap_rst                       |  in |    1| ap_ctrl_hs | image_filter_Sobel.1 | return value |
|ap_start                     |  in |    1| ap_ctrl_hs | image_filter_Sobel.1 | return value |
|ap_done                      | out |    1| ap_ctrl_hs | image_filter_Sobel.1 | return value |
|ap_continue                  |  in |    1| ap_ctrl_hs | image_filter_Sobel.1 | return value |
|ap_idle                      | out |    1| ap_ctrl_hs | image_filter_Sobel.1 | return value |
|ap_ready                     | out |    1| ap_ctrl_hs | image_filter_Sobel.1 | return value |
|rows                         |  in |   11|  ap_stable |         rows         |    scalar    |
|cols                         |  in |   11|  ap_stable |         cols         |    scalar    |
|p_src_data_stream_V_dout     |  in |   32|   ap_fifo  |  p_src_data_stream_V |    pointer   |
|p_src_data_stream_V_empty_n  |  in |    1|   ap_fifo  |  p_src_data_stream_V |    pointer   |
|p_src_data_stream_V_read     | out |    1|   ap_fifo  |  p_src_data_stream_V |    pointer   |
|p_dst_data_stream_V_din      | out |   32|   ap_fifo  |  p_dst_data_stream_V |    pointer   |
|p_dst_data_stream_V_full_n   |  in |    1|   ap_fifo  |  p_dst_data_stream_V |    pointer   |
|p_dst_data_stream_V_write    | out |    1|   ap_fifo  |  p_dst_data_stream_V |    pointer   |
+-----------------------------+-----+-----+------------+----------------------+--------------+

