

================================================================
== Vivado HLS Report for 'image_filter_Filter2D'
================================================================
* Date:           Thu Jan  7 10:54:16 2016

* Version:        2015.4 (Build 1412921 on Wed Nov 18 09:58:55 AM 2015)
* Project:        hls_ip
* Solution:       solution
* Product family: zynq
* Target device:  xc7z020clg484-1


================================================================
== Performance Estimates
================================================================
+ Timing (ns): 
    * Summary: 
    +--------+-------+----------+------------+
    |  Clock | Target| Estimated| Uncertainty|
    +--------+-------+----------+------------+
    |ap_clk  |  10.00|      8.64|        1.25|
    +--------+-------+----------+------------+

+ Latency (clock cycles): 
    * Summary: 
    +-----+---------+-----+---------+---------+
    |    Latency    |    Interval   | Pipeline|
    | min |   max   | min |   max   |   Type  |
    +-----+---------+-----+---------+---------+
    |  191|  2091508|  191|  2091508|   none  |
    +-----+---------+-----+---------+---------+

    + Detail: 
        * Instance: 
        N/A

        * Loop: 
        +---------------+-----+---------+-----------+-----------+-----------+-----------+----------+
        |               |    Latency    | Iteration |  Initiation Interval  |    Trip   |          |
        |   Loop Name   | min |   max   |  Latency  |  achieved |   target  |   Count   | Pipelined|
        +---------------+-----+---------+-----------+-----------+-----------+-----------+----------+
        |- Loop 1       |    0|        0|          1|          -|          -|          1|    no    |
        |- loop_height  |  189|  2091506| 21 ~ 1933 |          -|          -|  9 ~ 1082 |    no    |
        | + loop_width  |   17|     1929|          9|          1|          1| 10 ~ 1922 |    yes   |
        +---------------+-----+---------+-----------+-----------+-----------+-----------+----------+



================================================================
== Utilization Estimates
================================================================
* Summary: 
+-----------------+---------+-------+--------+-------+
|       Name      | BRAM_18K| DSP48E|   FF   |  LUT  |
+-----------------+---------+-------+--------+-------+
|DSP              |        -|      -|       -|      -|
|Expression       |        -|      -|       0|    938|
|FIFO             |        -|      -|       -|      -|
|Instance         |        -|     12|       0|    192|
|Memory           |       12|      -|       0|      0|
|Multiplexer      |        -|      -|       -|     91|
|Register         |        -|      -|    1162|      2|
+-----------------+---------+-------+--------+-------+
|Total            |       12|     12|    1162|   1223|
+-----------------+---------+-------+--------+-------+
|Available        |      280|    220|  106400|  53200|
+-----------------+---------+-------+--------+-------+
|Utilization (%)  |        4|      5|       1|      2|
+-----------------+---------+-------+--------+-------+

+ Detail: 
    * Instance: 
    +-------------------------------------+---------------------------------+---------+-------+---+----+
    |               Instance              |              Module             | BRAM_18K| DSP48E| FF| LUT|
    +-------------------------------------+---------------------------------+---------+-------+---+----+
    |image_filter_mul_2s_32s_33_3_U18     |image_filter_mul_2s_32s_33_3     |        0|      2|  0|   0|
    |image_filter_mul_2s_32s_34_3_U17     |image_filter_mul_2s_32s_34_3     |        0|      2|  0|   0|
    |image_filter_mul_2s_32s_34_3_U20     |image_filter_mul_2s_32s_34_3     |        0|      2|  0|   0|
    |image_filter_mul_3ns_32s_34_3_U19    |image_filter_mul_3ns_32s_34_3    |        0|      2|  0|   0|
    |image_filter_mul_3s_32s_35_3_U21     |image_filter_mul_3s_32s_35_3     |        0|      2|  0|   0|
    |image_filter_mul_4ns_32s_35_3_U22    |image_filter_mul_4ns_32s_35_3    |        0|      2|  0|   0|
    |image_filter_mux_3to1_sel2_32_1_U11  |image_filter_mux_3to1_sel2_32_1  |        0|      0|  0|  32|
    |image_filter_mux_3to1_sel2_32_1_U12  |image_filter_mux_3to1_sel2_32_1  |        0|      0|  0|  32|
    |image_filter_mux_3to1_sel2_32_1_U13  |image_filter_mux_3to1_sel2_32_1  |        0|      0|  0|  32|
    |image_filter_mux_3to1_sel2_32_1_U14  |image_filter_mux_3to1_sel2_32_1  |        0|      0|  0|  32|
    |image_filter_mux_3to1_sel2_32_1_U15  |image_filter_mux_3to1_sel2_32_1  |        0|      0|  0|  32|
    |image_filter_mux_3to1_sel2_32_1_U16  |image_filter_mux_3to1_sel2_32_1  |        0|      0|  0|  32|
    +-------------------------------------+---------------------------------+---------+-------+---+----+
    |Total                                |                                 |        0|     12|  0| 192|
    +-------------------------------------+---------------------------------+---------+-------+---+----+

    * DSP48: 
    N/A

    * Memory: 
    +-----------------+-------------------------------------+---------+---+----+------+-----+------+-------------+
    |      Memory     |                Module               | BRAM_18K| FF| LUT| Words| Bits| Banks| W*Bits*Banks|
    +-----------------+-------------------------------------+---------+---+----+------+-----+------+-------------+
    |k_buf_0_val_3_U  |image_filter_Filter2D_k_buf_0_val_3  |        4|  0|   0|  1920|   32|     1|        61440|
    |k_buf_0_val_4_U  |image_filter_Filter2D_k_buf_0_val_3  |        4|  0|   0|  1920|   32|     1|        61440|
    |k_buf_0_val_5_U  |image_filter_Filter2D_k_buf_0_val_3  |        4|  0|   0|  1920|   32|     1|        61440|
    +-----------------+-------------------------------------+---------+---+----+------+-----+------+-------------+
    |Total            |                                     |       12|  0|   0|  5760|   96|     3|       184320|
    +-----------------+-------------------------------------+---------+---+----+------+-----+------+-------------+

    * FIFO: 
    N/A

    * Expression: 
    +-------------------------------------+----------+-------+---+----+------------+------------+
    |            Variable Name            | Operation| DSP48E| FF| LUT| Bitwidth P0| Bitwidth P1|
    +-------------------------------------+----------+-------+---+----+------------+------------+
    |ImagLoc_x_fu_881_p2                  |     +    |      0|  0|  12|           2|          12|
    |i_V_fu_455_p2                        |     +    |      0|  0|  11|          11|           1|
    |j_V_fu_859_p2                        |     +    |      0|  0|  11|          11|           1|
    |p_Val2_3_fu_1339_p2                  |     +    |      0|  0|  36|          36|          36|
    |p_Val2_5_0_2_fu_1309_p2              |     +    |      0|  0|  35|          35|          35|
    |p_Val2_5_1_1_fu_1323_p2              |     +    |      0|  0|  17|          35|          35|
    |p_assign_6_1_fu_574_p2               |     +    |      0|  0|  12|           3|          12|
    |p_assign_6_2_fu_639_p2               |     +    |      0|  0|  12|           3|          12|
    |p_neg392_i_cast_fu_354_p2            |     +    |      0|  0|   2|           2|           2|
    |tmp26_fu_1327_p2                     |     +    |      0|  0|  17|          35|          35|
    |tmp27_fu_1318_p2                     |     +    |      0|  0|  34|          34|          34|
    |tmp28_fu_1296_p2                     |     +    |      0|  0|  33|          33|          33|
    |tmp_10_fu_435_p2                     |     +    |      0|  0|  11|           2|          11|
    |tmp_11_fu_440_p2                     |     +    |      0|  0|   2|           2|           2|
    |tmp_17_fu_509_p2                     |     +    |      0|  0|  12|           2|          12|
    |tmp_3_fu_420_p2                      |     +    |      0|  0|  12|           3|          12|
    |tmp_4_fu_430_p2                      |     +    |      0|  0|  11|           2|          11|
    |tmp_8_fu_384_p2                      |     +    |      0|  0|  12|           2|          12|
    |col_assign_3_t_fu_1013_p2            |     -    |      0|  0|   2|           2|           2|
    |p_Val2_5_0_1_fu_1287_p2              |     -    |      0|  0|  34|          34|          34|
    |p_assign_1_fu_933_p2                 |     -    |      0|  0|  12|           1|          12|
    |p_assign_2_fu_967_p2                 |     -    |      0|  0|  14|          14|          14|
    |p_assign_7_1_fu_613_p2               |     -    |      0|  0|  12|           2|          12|
    |p_assign_7_2_fu_678_p2               |     -    |      0|  0|  12|           2|          12|
    |p_assign_7_fu_548_p2                 |     -    |      0|  0|  12|           1|          12|
    |row_assign_10_1_t_fu_842_p2          |     -    |      0|  0|   2|           2|           2|
    |row_assign_10_2_t_fu_846_p2          |     -    |      0|  0|   2|           2|           2|
    |row_assign_s_fu_838_p2               |     -    |      0|  0|   2|           2|           2|
    |tmp_48_fu_725_p2                     |     -    |      0|  0|   2|           2|           2|
    |tmp_55_fu_768_p2                     |     -    |      0|  0|   2|           2|           2|
    |tmp_59_fu_811_p2                     |     -    |      0|  0|   2|           2|           2|
    |ImagLoc_x_cast_mux_fu_917_p3         |  Select  |      0|  0|  12|           1|          12|
    |col_buf_0_val_0_0_fu_1047_p3         |  Select  |      0|  0|  32|           1|          32|
    |col_buf_0_val_1_0_fu_1065_p3         |  Select  |      0|  0|  32|           1|          32|
    |col_buf_0_val_2_0_fu_1083_p3         |  Select  |      0|  0|  32|           1|          32|
    |p_Val2_1_i_i_fu_1442_p3              |  Select  |      0|  0|  33|           1|          33|
    |p_Val2_1_mux_i_i_fu_1435_p3          |  Select  |      0|  0|  32|           1|          31|
    |p_Val2_s_fu_1449_p3                  |  Select  |      0|  0|  32|           1|          32|
    |p_p2_i413_i_1_fu_619_p3              |  Select  |      0|  0|  12|           1|          12|
    |p_p2_i413_i_2_fu_684_p3              |  Select  |      0|  0|  12|           1|          12|
    |p_p2_i413_i_fu_554_p3                |  Select  |      0|  0|  12|           1|          12|
    |p_p2_i_i_fu_939_p3                   |  Select  |      0|  0|  12|           1|          12|
    |sel_tmp_fu_972_p3                    |  Select  |      0|  0|  14|           1|          14|
    |src_kernel_win_0_val_0_0_fu_1137_p3  |  Select  |      0|  0|  32|           1|          32|
    |src_kernel_win_0_val_1_0_fu_1155_p3  |  Select  |      0|  0|  32|           1|          32|
    |src_kernel_win_0_val_2_0_fu_1173_p3  |  Select  |      0|  0|  32|           1|          32|
    |tmp_37_fu_713_p3                     |  Select  |      0|  0|   2|           1|           2|
    |tmp_39_fu_739_p3                     |  Select  |      0|  0|   2|           1|           2|
    |tmp_42_fu_756_p3                     |  Select  |      0|  0|   2|           1|           2|
    |tmp_44_fu_782_p3                     |  Select  |      0|  0|   2|           1|           2|
    |tmp_47_fu_799_p3                     |  Select  |      0|  0|   2|           1|           2|
    |tmp_49_fu_825_p3                     |  Select  |      0|  0|   2|           1|           2|
    |tmp_52_fu_731_p3                     |  Select  |      0|  0|   2|           1|           2|
    |tmp_56_fu_774_p3                     |  Select  |      0|  0|   2|           1|           2|
    |tmp_60_fu_817_p3                     |  Select  |      0|  0|   2|           1|           2|
    |x_fu_990_p3                          |  Select  |      0|  0|  14|           1|          14|
    |ap_sig_bdd_1211                      |    and   |      0|  0|   1|           1|           1|
    |ap_sig_bdd_1212                      |    and   |      0|  0|   1|           1|           1|
    |ap_sig_bdd_1214                      |    and   |      0|  0|   1|           1|           1|
    |ap_sig_bdd_1217                      |    and   |      0|  0|   1|           1|           1|
    |ap_sig_bdd_214                       |    and   |      0|  0|   1|           1|           1|
    |or_cond_i412_i_1_fu_599_p2           |    and   |      0|  0|   1|           1|           1|
    |or_cond_i412_i_2_fu_664_p2           |    and   |      0|  0|   1|           1|           1|
    |or_cond_i412_i_fu_534_p2             |    and   |      0|  0|   1|           1|           1|
    |or_cond_i_fu_952_p2                  |    and   |      0|  0|   1|           1|           1|
    |or_cond_i_i_fu_906_p2                |    and   |      0|  0|   1|           1|           1|
    |overflow_fu_1396_p2                  |    and   |      0|  0|   1|           1|           1|
    |sel_tmp8_fu_984_p2                   |    and   |      0|  0|   1|           1|           1|
    |underflow_fu_1412_p2                 |    and   |      0|  0|   1|           1|           1|
    |exitcond1_fu_450_p2                  |   icmp   |      0|  0|   4|          11|          11|
    |exitcond_fu_854_p2                   |   icmp   |      0|  0|   4|          11|          11|
    |icmp1_fu_875_p2                      |   icmp   |      0|  0|   4|          10|           1|
    |icmp_fu_481_p2                       |   icmp   |      0|  0|   4|          10|           1|
    |not_tmp_s_fu_363_p2                  |   icmp   |      0|  0|   4|          11|           1|
    |p_not38_i_i_i_fu_1381_p2             |   icmp   |      0|  0|   2|           4|           2|
    |p_not_i_i_i_fu_1375_p2               |   icmp   |      0|  0|   2|           4|           1|
    |tmp_122_1_fu_492_p2                  |   icmp   |      0|  0|   4|          11|           1|
    |tmp_122_2_fu_498_p2                  |   icmp   |      0|  0|   4|          11|           1|
    |tmp_13_fu_461_p2                     |   icmp   |      0|  0|   4|          11|          11|
    |tmp_148_1_fu_594_p2                  |   icmp   |      0|  0|   5|          12|          12|
    |tmp_148_2_fu_659_p2                  |   icmp   |      0|  0|   5|          12|          12|
    |tmp_158_1_fu_627_p2                  |   icmp   |      0|  0|   5|          12|          12|
    |tmp_158_2_fu_692_p2                  |   icmp   |      0|  0|   5|          12|          12|
    |tmp_15_fu_487_p2                     |   icmp   |      0|  0|   5|          12|          12|
    |tmp_16_fu_504_p2                     |   icmp   |      0|  0|   4|          11|          11|
    |tmp_19_fu_529_p2                     |   icmp   |      0|  0|   5|          12|          12|
    |tmp_1_fu_372_p2                      |   icmp   |      0|  0|   4|          11|           1|
    |tmp_22_fu_562_p2                     |   icmp   |      0|  0|   5|          12|          12|
    |tmp_24_fu_901_p2                     |   icmp   |      0|  0|   5|          12|          12|
    |tmp_27_fu_963_p2                     |   icmp   |      0|  0|   5|          12|          12|
    |tmp_9_fu_408_p2                      |   icmp   |      0|  0|   4|          11|           1|
    |ult_fu_466_p2                        |   icmp   |      0|  0|   4|          11|          11|
    |ap_sig_bdd_194                       |    or    |      0|  0|   1|           1|           1|
    |brmerge1_fu_912_p2                   |    or    |      0|  0|   1|           1|           1|
    |brmerge2_fu_704_p2                   |    or    |      0|  0|   1|           1|           1|
    |brmerge39_i_i_i_fu_1407_p2           |    or    |      0|  0|   1|           1|           1|
    |brmerge3_fu_747_p2                   |    or    |      0|  0|   1|           1|           1|
    |brmerge4_fu_790_p2                   |    or    |      0|  0|   1|           1|           1|
    |brmerge_fu_947_p2                    |    or    |      0|  0|   1|           1|           1|
    |brmerge_i_i_fu_1429_p2               |    or    |      0|  0|   1|           1|           1|
    |brmerge_i_i_i_fu_1387_p2             |    or    |      0|  0|   1|           1|           1|
    |brmerge_i_i_i_i_fu_1417_p2           |    or    |      0|  0|   1|           1|           1|
    |newsignbit_0_not_i_i_i_fu_1402_p2    |    xor   |      0|  0|   2|           1|           2|
    |rev1_fu_523_p2                       |    xor   |      0|  0|   2|           1|           2|
    |rev2_fu_588_p2                       |    xor   |      0|  0|   2|           1|           2|
    |rev3_fu_653_p2                       |    xor   |      0|  0|   2|           1|           2|
    |rev4_fu_895_p2                       |    xor   |      0|  0|   2|           1|           2|
    |rev_fu_833_p2                        |    xor   |      0|  0|   2|           1|           2|
    |sel_tmp7_fu_979_p2                   |    xor   |      0|  0|   2|           1|           2|
    |tmp_6_fu_345_p2                      |    xor   |      0|  0|   2|           1|           2|
    |tmp_8_i_i_fu_1391_p2                 |    xor   |      0|  0|   2|           1|           2|
    |underflow_not_i_i_fu_1423_p2         |    xor   |      0|  0|   2|           1|           2|
    +-------------------------------------+----------+-------+---+----+------------+------------+
    |Total                                |          |      0|  0| 938|         625|        1028|
    +-------------------------------------+----------+-------+---+----+------------+------------+

    * Multiplexer: 
    +-----------------------+----+-----------+-----+-----------+
    |          Name         | LUT| Input Size| Bits| Total Bits|
    +-----------------------+----+-----------+-----+-----------+
    |ap_NS_fsm              |   1|          7|    1|          7|
    |ap_reg_ppiten_pp0_it1  |   1|          2|    1|          2|
    |ap_reg_ppiten_pp0_it3  |   1|          2|    1|          2|
    |ap_reg_ppiten_pp0_it8  |   1|          2|    1|          2|
    |k_buf_0_val_4_d1       |  32|          3|   32|         96|
    |k_buf_0_val_5_d1       |  32|          3|   32|         96|
    |p_014_0_i_reg_315      |  11|          2|   11|         22|
    |p_027_0_i_reg_326      |  11|          2|   11|         22|
    |tmp_5_reg_304          |   1|          2|    1|          2|
    +-----------------------+----+-----------+-----+-----------+
    |Total                  |  91|         25|   91|        251|
    +-----------------------+----+-----------+-----+-----------+

    * Register: 
    +--------------------------------------------------------+----+----+-----+-----------+
    |                          Name                          | FF | LUT| Bits| Const Bits|
    +--------------------------------------------------------+----+----+-----+-----------+
    |ImagLoc_x_cast_mux_reg_1780                             |  12|   0|   12|          0|
    |OP2_V_0_1_cast_reg_1630                                 |  34|   0|   34|          0|
    |OP2_V_0_2_cast_reg_1635                                 |  34|   0|   34|          0|
    |OP2_V_1_2_cast_reg_1645                                 |   4|   0|   35|         31|
    |OP2_V_1_cast_reg_1640                                   |  35|   0|   35|          0|
    |OP2_V_2_1_cast_reg_1655                                 |   3|   0|   34|         31|
    |OP2_V_2_cast_reg_1650                                   |  33|   0|   33|          0|
    |ap_CS_fsm                                               |   6|   0|    6|          0|
    |ap_reg_ppiten_pp0_it0                                   |   1|   0|    1|          0|
    |ap_reg_ppiten_pp0_it1                                   |   1|   0|    1|          0|
    |ap_reg_ppiten_pp0_it2                                   |   1|   0|    1|          0|
    |ap_reg_ppiten_pp0_it3                                   |   1|   0|    1|          0|
    |ap_reg_ppiten_pp0_it4                                   |   1|   0|    1|          0|
    |ap_reg_ppiten_pp0_it5                                   |   1|   0|    1|          0|
    |ap_reg_ppiten_pp0_it6                                   |   1|   0|    1|          0|
    |ap_reg_ppiten_pp0_it7                                   |   1|   0|    1|          0|
    |ap_reg_ppiten_pp0_it8                                   |   1|   0|    1|          0|
    |ap_reg_ppstg_brmerge_reg_1791_pp0_it1                   |   1|   0|    1|          0|
    |ap_reg_ppstg_or_cond_i_i_reg_1770_pp0_it1               |   1|   0|    1|          0|
    |ap_reg_ppstg_src_kernel_win_0_val_0_0_reg_1827_pp0_it3  |  32|   0|   32|          0|
    |brmerge1_reg_1774                                       |   1|   0|    1|          0|
    |brmerge_reg_1791                                        |   1|   0|    1|          0|
    |col_assign_3_t_reg_1808                                 |   2|   0|    2|          0|
    |exitcond_reg_1761                                       |   1|   0|    1|          0|
    |i_V_reg_1688                                            |  11|   0|   11|          0|
    |icmp_reg_1702                                           |   1|   0|    1|          0|
    |isneg_reg_1918                                          |   1|   0|    1|          0|
    |k_buf_0_val_3_addr_reg_1802                             |  11|   0|   11|          0|
    |k_buf_0_val_4_addr_reg_1815                             |  11|   0|   11|          0|
    |k_buf_0_val_5_addr_reg_1821                             |  11|   0|   11|          0|
    |newsignbit_reg_1930                                     |   1|   0|    1|          0|
    |or_cond_i_i_reg_1770                                    |   1|   0|    1|          0|
    |or_cond_i_reg_1798                                      |   1|   0|    1|          0|
    |p_014_0_i_reg_315                                       |  11|   0|   11|          0|
    |p_027_0_i_reg_326                                       |  11|   0|   11|          0|
    |p_Val2_1_2_reg_1908                                     |  35|   0|   35|          0|
    |p_Val2_1_reg_1903                                       |  35|   0|   35|          0|
    |p_Val2_2_1_reg_1888                                     |  34|   0|   34|          0|
    |p_Val2_4_reg_1924                                       |  32|   0|   32|          0|
    |p_Val2_5_0_1_reg_1883                                   |  34|   0|   34|          0|
    |p_Val2_5_0_2_reg_1898                                   |  35|   0|   35|          0|
    |p_Val2_s_reg_1946                                       |  32|   0|   32|          0|
    |p_not38_i_i_i_reg_1941                                  |   1|   0|    1|          0|
    |p_not_i_i_i_reg_1936                                    |   1|   0|    1|          0|
    |p_p2_i_i_reg_1785                                       |  12|   0|   12|          0|
    |rev_reg_1741                                            |   1|   0|    1|          0|
    |right_border_buf_0_val_0_1_1_fu_176                     |  32|   0|   32|          0|
    |right_border_buf_0_val_0_1_fu_172                       |  32|   0|   32|          0|
    |right_border_buf_0_val_1_1_1_fu_188                     |  32|   0|   32|          0|
    |right_border_buf_0_val_1_1_fu_184                       |  32|   0|   32|          0|
    |right_border_buf_0_val_2_1_1_fu_192                     |  32|   0|   32|          0|
    |right_border_buf_0_val_2_1_fu_180                       |  32|   0|   32|          0|
    |row_assign_10_1_t_reg_1751                              |   2|   0|    2|          0|
    |row_assign_10_2_t_reg_1756                              |   2|   0|    2|          0|
    |row_assign_s_reg_1746                                   |   2|   0|    2|          0|
    |src_kernel_win_0_val_0_0_reg_1827                       |  32|   0|   32|          0|
    |src_kernel_win_0_val_0_1_1_fu_152                       |  32|   0|   32|          0|
    |src_kernel_win_0_val_0_1_fu_148                         |  32|   0|   32|          0|
    |src_kernel_win_0_val_1_0_reg_1832                       |  32|   0|   32|          0|
    |src_kernel_win_0_val_1_1_1_fu_160                       |  32|   0|   32|          0|
    |src_kernel_win_0_val_1_1_fu_156                         |  32|   0|   32|          0|
    |src_kernel_win_0_val_2_0_reg_1838                       |  32|   0|   32|          0|
    |src_kernel_win_0_val_2_1_1_fu_168                       |  32|   0|   32|          0|
    |src_kernel_win_0_val_2_1_1_s_reg_1863                   |  32|   0|   32|          0|
    |src_kernel_win_0_val_2_1_fu_164                         |  32|   0|   32|          0|
    |src_kernel_win_0_val_2_1_lo_1_reg_1858                  |  32|   0|   32|          0|
    |tmp27_reg_1913                                          |  34|   0|   34|          0|
    |tmp28_reg_1893                                          |  33|   0|   33|          0|
    |tmp_122_1_reg_1711                                      |   1|   0|    1|          0|
    |tmp_122_2_reg_1715                                      |   1|   0|    1|          0|
    |tmp_13_reg_1693                                         |   1|   0|    1|          0|
    |tmp_15_reg_1707                                         |   1|   0|    1|          0|
    |tmp_16_reg_1719                                         |   1|   0|    1|          0|
    |tmp_39_reg_1726                                         |   2|   0|    2|          0|
    |tmp_44_reg_1731                                         |   2|   0|    2|          0|
    |tmp_49_reg_1736                                         |   2|   0|    2|          0|
    |tmp_5_reg_304                                           |   1|   0|    1|          0|
    |ult_reg_1697                                            |   1|   0|    1|          0|
    |exitcond_reg_1761                                       |   0|   1|    1|          0|
    |or_cond_i_reg_1798                                      |   0|   1|    1|          0|
    +--------------------------------------------------------+----+----+-----+-----------+
    |Total                                                   |1162|   2| 1226|         62|
    +--------------------------------------------------------+----+----+-----+-----------+



================================================================
== Interface
================================================================
* Summary: 
+-----------------------------+-----+-----+------------+-------------------------+--------------+
|          RTL Ports          | Dir | Bits|  Protocol  |      Source Object      |    C Type    |
+-----------------------------+-----+-----+------------+-------------------------+--------------+
|ap_clk                       |  in |    1| ap_ctrl_hs |  image_filter_Filter2D  | return value |
|ap_rst                       |  in |    1| ap_ctrl_hs |  image_filter_Filter2D  | return value |
|ap_start                     |  in |    1| ap_ctrl_hs |  image_filter_Filter2D  | return value |
|ap_done                      | out |    1| ap_ctrl_hs |  image_filter_Filter2D  | return value |
|ap_idle                      | out |    1| ap_ctrl_hs |  image_filter_Filter2D  | return value |
|ap_ready                     | out |    1| ap_ctrl_hs |  image_filter_Filter2D  | return value |
|p_src_rows_V_read            |  in |   11|  ap_stable |    p_src_rows_V_read    |    scalar    |
|p_src_cols_V_read            |  in |   11|  ap_stable |    p_src_cols_V_read    |    scalar    |
|p_src_data_stream_V_dout     |  in |   32|   ap_fifo  |   p_src_data_stream_V   |    pointer   |
|p_src_data_stream_V_empty_n  |  in |    1|   ap_fifo  |   p_src_data_stream_V   |    pointer   |
|p_src_data_stream_V_read     | out |    1|   ap_fifo  |   p_src_data_stream_V   |    pointer   |
|p_dst_data_stream_V_din      | out |   32|   ap_fifo  |   p_dst_data_stream_V   |    pointer   |
|p_dst_data_stream_V_full_n   |  in |    1|   ap_fifo  |   p_dst_data_stream_V   |    pointer   |
|p_dst_data_stream_V_write    | out |    1|   ap_fifo  |   p_dst_data_stream_V   |    pointer   |
|p_kernel_val_0_V_1_read      |  in |    2|   ap_none  | p_kernel_val_0_V_1_read |    scalar    |
|p_kernel_val_0_V_2_read      |  in |    2|   ap_none  | p_kernel_val_0_V_2_read |    scalar    |
|p_kernel_val_1_V_0_read      |  in |    3|   ap_none  | p_kernel_val_1_V_0_read |    scalar    |
|p_kernel_val_1_V_2_read      |  in |    4|   ap_none  | p_kernel_val_1_V_2_read |    scalar    |
|p_kernel_val_2_V_0_read      |  in |    2|   ap_none  | p_kernel_val_2_V_0_read |    scalar    |
|p_kernel_val_2_V_1_read      |  in |    3|   ap_none  | p_kernel_val_2_V_1_read |    scalar    |
+-----------------------------+-----+-----+------------+-------------------------+--------------+

