

================================================================
== Vivado HLS Report for 'image_filter_Mat2AXIvideo'
================================================================
* Date:           Thu Jan  7 10:54:17 2016

* Version:        2015.4 (Build 1412921 on Wed Nov 18 09:58:55 AM 2015)
* Project:        hls_ip
* Solution:       solution
* Product family: zynq
* Target device:  xc7z020clg484-1


================================================================
== Performance Estimates
================================================================
+ Timing (ns): 
    * Summary: 
    +--------+-------+----------+------------+
    |  Clock | Target| Estimated| Uncertainty|
    +--------+-------+----------+------------+
    |ap_clk  |  10.00|      4.38|        1.25|
    +--------+-------+----------+------------+

+ Latency (clock cycles): 
    * Summary: 
    +-----+---------+-----+---------+---------+
    |    Latency    |    Interval   | Pipeline|
    | min |   max   | min |   max   |   Type  |
    +-----+---------+-----+---------+---------+
    |    1|  2076841|    1|  2076841|   none  |
    +-----+---------+-----+---------+---------+

    + Detail: 
        * Instance: 
        N/A

        * Loop: 
        +---------------+-----+---------+----------+-----------+-----------+----------+----------+
        |               |    Latency    | Iteration|  Initiation Interval  |   Trip   |          |
        |   Loop Name   | min |   max   |  Latency |  achieved |   target  |   Count  | Pipelined|
        +---------------+-----+---------+----------+-----------+-----------+----------+----------+
        |- loop_height  |    0|  2076840| 3 ~ 1923 |          -|          -| 0 ~ 1080 |    no    |
        | + loop_width  |    0|     1920|         2|          1|          1| 0 ~ 1920 |    yes   |
        +---------------+-----+---------+----------+-----------+-----------+----------+----------+



================================================================
== Utilization Estimates
================================================================
* Summary: 
+-----------------+---------+-------+--------+-------+
|       Name      | BRAM_18K| DSP48E|   FF   |  LUT  |
+-----------------+---------+-------+--------+-------+
|DSP              |        -|      -|       -|      -|
|Expression       |        -|      -|       0|     48|
|FIFO             |        -|      -|       -|      -|
|Instance         |        -|      -|       -|      -|
|Memory           |        -|      -|       -|      -|
|Multiplexer      |        -|      -|       -|     23|
|Register         |        -|      -|      43|      -|
+-----------------+---------+-------+--------+-------+
|Total            |        0|      0|      43|     71|
+-----------------+---------+-------+--------+-------+
|Available        |      280|    220|  106400|  53200|
+-----------------+---------+-------+--------+-------+
|Utilization (%)  |        0|      0|   ~0   |   ~0  |
+-----------------+---------+-------+--------+-------+

+ Detail: 
    * Instance: 
    N/A

    * DSP48: 
    N/A

    * Memory: 
    N/A

    * FIFO: 
    N/A

    * Expression: 
    +-------------------------------+----------+-------+---+----+------------+------------+
    |         Variable Name         | Operation| DSP48E| FF| LUT| Bitwidth P0| Bitwidth P1|
    +-------------------------------+----------+-------+---+----+------------+------------+
    |i_V_fu_184_p2                  |     +    |      0|  0|  11|          11|           1|
    |j_V_fu_195_p2                  |     +    |      0|  0|  11|          11|           1|
    |r_V_fu_168_p2                  |     +    |      0|  0|  11|          11|           2|
    |AXI_video_strm_V_id_V1_status  |    and   |      0|  0|   1|           1|           1|
    |axi_last_V_fu_201_p2           |   icmp   |      0|  0|   4|          11|          11|
    |exitcond7_i_fu_179_p2          |   icmp   |      0|  0|   4|          11|          11|
    |exitcond_i_fu_190_p2           |   icmp   |      0|  0|   4|          11|          11|
    |ap_sig_bdd_108                 |    or    |      0|  0|   1|           1|           1|
    |ap_sig_bdd_71                  |    or    |      0|  0|   1|           1|           1|
    +-------------------------------+----------+-------+---+----+------------+------------+
    |Total                          |          |      0|  0|  48|          69|          40|
    +-------------------------------+----------+-------+---+----+------------+------------+

    * Multiplexer: 
    +---------------+----+-----------+-----+-----------+
    |      Name     | LUT| Input Size| Bits| Total Bits|
    +---------------+----+-----------+-----+-----------+
    |ap_NS_fsm      |   1|          5|    1|          5|
    |p_3_i_reg_157  |  11|          2|   11|         22|
    |p_i_reg_146    |  11|          2|   11|         22|
    +---------------+----+-----------+-----+-----------+
    |Total          |  23|          9|   23|         49|
    +---------------+----+-----------+-----+-----------+

    * Register: 
    +-----------------------+----+----+-----+-----------+
    |          Name         | FF | LUT| Bits| Const Bits|
    +-----------------------+----+----+-----+-----------+
    |ap_CS_fsm              |   4|   0|    4|          0|
    |ap_done_reg            |   1|   0|    1|          0|
    |ap_reg_ppiten_pp0_it0  |   1|   0|    1|          0|
    |ap_reg_ppiten_pp0_it1  |   1|   0|    1|          0|
    |axi_last_V_reg_255     |   1|   0|    1|          0|
    |exitcond_i_reg_246     |   1|   0|    1|          0|
    |i_V_reg_241            |  11|   0|   11|          0|
    |p_3_i_reg_157          |  11|   0|   11|          0|
    |p_i_reg_146            |  11|   0|   11|          0|
    |tmp_user_V_fu_94       |   1|   0|    1|          0|
    +-----------------------+----+----+-----+-----------+
    |Total                  |  43|   0|   43|          0|
    +-----------------------+----+----+-----+-----------+



================================================================
== Interface
================================================================
* Summary: 
+--------------------------------+-----+-----+------------+---------------------------+--------------+
|            RTL Ports           | Dir | Bits|  Protocol  |       Source Object       |    C Type    |
+--------------------------------+-----+-----+------------+---------------------------+--------------+
|ap_clk                          |  in |    1| ap_ctrl_hs | image_filter_Mat2AXIvideo | return value |
|ap_rst                          |  in |    1| ap_ctrl_hs | image_filter_Mat2AXIvideo | return value |
|ap_start                        |  in |    1| ap_ctrl_hs | image_filter_Mat2AXIvideo | return value |
|ap_done                         | out |    1| ap_ctrl_hs | image_filter_Mat2AXIvideo | return value |
|ap_continue                     |  in |    1| ap_ctrl_hs | image_filter_Mat2AXIvideo | return value |
|ap_idle                         | out |    1| ap_ctrl_hs | image_filter_Mat2AXIvideo | return value |
|ap_ready                        | out |    1| ap_ctrl_hs | image_filter_Mat2AXIvideo | return value |
|rows                            |  in |   11|  ap_stable |            rows           |    scalar    |
|cols                            |  in |   11|  ap_stable |            cols           |    scalar    |
|img_data_stream_V_dout          |  in |   32|   ap_fifo  |     img_data_stream_V     |    pointer   |
|img_data_stream_V_empty_n       |  in |    1|   ap_fifo  |     img_data_stream_V     |    pointer   |
|img_data_stream_V_read          | out |    1|   ap_fifo  |     img_data_stream_V     |    pointer   |
|AXI_video_strm_V_data_V_din     | out |   32|   ap_fifo  |  AXI_video_strm_V_data_V  |    pointer   |
|AXI_video_strm_V_data_V_full_n  |  in |    1|   ap_fifo  |  AXI_video_strm_V_data_V  |    pointer   |
|AXI_video_strm_V_data_V_write   | out |    1|   ap_fifo  |  AXI_video_strm_V_data_V  |    pointer   |
|AXI_video_strm_V_keep_V_din     | out |    4|   ap_fifo  |  AXI_video_strm_V_keep_V  |    pointer   |
|AXI_video_strm_V_keep_V_full_n  |  in |    1|   ap_fifo  |  AXI_video_strm_V_keep_V  |    pointer   |
|AXI_video_strm_V_keep_V_write   | out |    1|   ap_fifo  |  AXI_video_strm_V_keep_V  |    pointer   |
|AXI_video_strm_V_strb_V_din     | out |    4|   ap_fifo  |  AXI_video_strm_V_strb_V  |    pointer   |
|AXI_video_strm_V_strb_V_full_n  |  in |    1|   ap_fifo  |  AXI_video_strm_V_strb_V  |    pointer   |
|AXI_video_strm_V_strb_V_write   | out |    1|   ap_fifo  |  AXI_video_strm_V_strb_V  |    pointer   |
|AXI_video_strm_V_user_V_din     | out |    1|   ap_fifo  |  AXI_video_strm_V_user_V  |    pointer   |
|AXI_video_strm_V_user_V_full_n  |  in |    1|   ap_fifo  |  AXI_video_strm_V_user_V  |    pointer   |
|AXI_video_strm_V_user_V_write   | out |    1|   ap_fifo  |  AXI_video_strm_V_user_V  |    pointer   |
|AXI_video_strm_V_last_V_din     | out |    1|   ap_fifo  |  AXI_video_strm_V_last_V  |    pointer   |
|AXI_video_strm_V_last_V_full_n  |  in |    1|   ap_fifo  |  AXI_video_strm_V_last_V  |    pointer   |
|AXI_video_strm_V_last_V_write   | out |    1|   ap_fifo  |  AXI_video_strm_V_last_V  |    pointer   |
|AXI_video_strm_V_id_V_din       | out |    1|   ap_fifo  |   AXI_video_strm_V_id_V   |    pointer   |
|AXI_video_strm_V_id_V_full_n    |  in |    1|   ap_fifo  |   AXI_video_strm_V_id_V   |    pointer   |
|AXI_video_strm_V_id_V_write     | out |    1|   ap_fifo  |   AXI_video_strm_V_id_V   |    pointer   |
|AXI_video_strm_V_dest_V_din     | out |    1|   ap_fifo  |  AXI_video_strm_V_dest_V  |    pointer   |
|AXI_video_strm_V_dest_V_full_n  |  in |    1|   ap_fifo  |  AXI_video_strm_V_dest_V  |    pointer   |
|AXI_video_strm_V_dest_V_write   | out |    1|   ap_fifo  |  AXI_video_strm_V_dest_V  |    pointer   |
+--------------------------------+-----+-----+------------+---------------------------+--------------+

