

================================================================
== Vivado HLS Report for 'image_filter_Dilate_0_0_1080_1920_s'
================================================================
* Date:           Fri Sep 11 21:51:02 2015

* Version:        2015.2 (Build 1266856 on Fri Jun 26 16:57:37 PM 2015)
* Project:        prj
* Solution:       solution1
* Product family: zynq
* Target device:  xc7z020clg484-1


================================================================
== Performance Estimates
================================================================
+ Timing (ns): 
    * Summary: 
    +--------+-------+----------+------------+
    |  Clock | Target| Estimated| Uncertainty|
    +--------+-------+----------+------------+
    |ap_clk  |   6.67|      6.76|        0.83|
    +--------+-------+----------+------------+

+ Latency (clock cycles): 
    * Summary: 
    +-----+---------+-----+---------+---------+
    |    Latency    |    Interval   | Pipeline|
    | min |   max   | min |   max   |   Type  |
    +-----+---------+-----+---------+---------+
    |  290|  2098394|  290|  2098394|   none  |
    +-----+---------+-----+---------+---------+

    + Detail: 
        * Instance: 
        N/A

        * Loop: 
        +---------------+-----+---------+-----------+-----------+-----------+-----------+----------+
        |               |    Latency    | Iteration |  Initiation Interval  |    Trip   |          |
        |   Loop Name   | min |   max   |  Latency  |  achieved |   target  |   Count   | Pipelined|
        +---------------+-----+---------+-----------+-----------+-----------+-----------+----------+
        |- Loop 1       |    0|        0|          1|          -|          -|          1|    no    |
        |- Loop 2       |    0|        0|          1|          -|          -|          1|    no    |
        |- Loop 3       |    0|        0|          1|          -|          -|          1|    no    |
        |- loop_height  |  286|  2098390| 22 ~ 1934 |          -|          -| 13 ~ 1085 |    no    |
        | + loop_width  |   18|     1930|         10|          1|          1| 10 ~ 1922 |    yes   |
        +---------------+-----+---------+-----------+-----------+-----------+-----------+----------+



================================================================
== Utilization Estimates
================================================================
* Summary: 
+-----------------+---------+-------+--------+-------+
|       Name      | BRAM_18K| DSP48E|   FF   |  LUT  |
+-----------------+---------+-------+--------+-------+
|Expression       |        -|      -|       0|    466|
|FIFO             |        -|      -|       -|      -|
|Instance         |        -|      -|       0|      0|
|Memory           |        3|      -|       0|      0|
|Multiplexer      |        -|      -|       -|     58|
|Register         |        -|      -|     464|     29|
+-----------------+---------+-------+--------+-------+
|Total            |        3|      0|     464|    553|
+-----------------+---------+-------+--------+-------+
|Available        |      280|    220|  106400|  53200|
+-----------------+---------+-------+--------+-------+
|Utilization (%)  |        1|      0|   ~0   |      1|
+-----------------+---------+-------+--------+-------+

+ Detail: 
    * Instance: 
    +------------------------------------+--------------------------------+---------+-------+---+----+
    |              Instance              |             Module             | BRAM_18K| DSP48E| FF| LUT|
    +------------------------------------+--------------------------------+---------+-------+---+----+
    |image_filter_mux_3to1_sel2_8_1_U54  |image_filter_mux_3to1_sel2_8_1  |        0|      0|  0|   0|
    |image_filter_mux_3to1_sel2_8_1_U55  |image_filter_mux_3to1_sel2_8_1  |        0|      0|  0|   0|
    |image_filter_mux_3to1_sel2_8_1_U56  |image_filter_mux_3to1_sel2_8_1  |        0|      0|  0|   0|
    |image_filter_mux_3to1_sel2_8_1_U57  |image_filter_mux_3to1_sel2_8_1  |        0|      0|  0|   0|
    |image_filter_mux_3to1_sel2_8_1_U58  |image_filter_mux_3to1_sel2_8_1  |        0|      0|  0|   0|
    |image_filter_mux_3to1_sel2_8_1_U59  |image_filter_mux_3to1_sel2_8_1  |        0|      0|  0|   0|
    +------------------------------------+--------------------------------+---------+-------+---+----+
    |Total                               |                                |        0|      0|  0|   0|
    +------------------------------------+--------------------------------+---------+-------+---+----+

    * Memory: 
    +-----------------+---------------------------------------+---------+---+----+------+-----+------+-------------+
    |      Memory     |                 Module                | BRAM_18K| FF| LUT| Words| Bits| Banks| W*Bits*Banks|
    +-----------------+---------------------------------------+---------+---+----+------+-----+------+-------------+
    |k_buf_0_val_0_U  |image_filter_FAST_t_opr_k_buf_val_0_V  |        1|  0|   0|  1920|    8|     1|        15360|
    |k_buf_0_val_1_U  |image_filter_FAST_t_opr_k_buf_val_0_V  |        1|  0|   0|  1920|    8|     1|        15360|
    |k_buf_0_val_2_U  |image_filter_FAST_t_opr_k_buf_val_0_V  |        1|  0|   0|  1920|    8|     1|        15360|
    +-----------------+---------------------------------------+---------+---+----+------+-----+------+-------------+
    |Total            |                                       |        3|  0|   0|  5760|   24|     3|        46080|
    +-----------------+---------------------------------------+---------+---+----+------+-----+------+-------------+

    * FIFO: 
    N/A

    * Expression: 
    +---------------------------------------+----------+-------+---+----+------------+------------+
    |             Variable Name             | Operation| DSP48E| FF| LUT| Bitwidth P0| Bitwidth P1|
    +---------------------------------------+----------+-------+---+----+------------+------------+
    |ImagLoc_x_fu_633_p2                    |     +    |      0|  0|  13|           2|          13|
    |ImagLoc_y_fu_398_p2                    |     +    |      0|  0|  13|           4|          13|
    |col_assign_3_t_fu_719_p2               |     +    |      0|  0|   2|           2|           2|
    |col_assign_fu_691_p2                   |     +    |      0|  0|   2|           2|           2|
    |heightloop_fu_335_p2                   |     +    |      0|  0|  13|           3|          13|
    |i_V_fu_386_p2                          |     +    |      0|  0|  12|          12|           1|
    |j_V_fu_606_p2                          |     +    |      0|  0|  12|          12|           1|
    |ref_fu_359_p2                          |     +    |      0|  0|  13|           2|          13|
    |tmp_16_fu_345_p2                       |     +    |      0|  0|  13|           3|          13|
    |tmp_40_fu_367_p2                       |     +    |      0|  0|  11|           2|          11|
    |widthloop_fu_340_p2                    |     +    |      0|  0|  13|           2|          13|
    |y_1_1_fu_498_p2                        |     +    |      0|  0|  13|           4|          13|
    |y_1_fu_455_p2                          |     +    |      0|  0|  13|           4|          13|
    |locy_1_t_fu_568_p2                     |     -    |      0|  0|   2|           2|           2|
    |locy_2_t_fu_586_p2                     |     -    |      0|  0|   2|           2|           2|
    |locy_fu_551_p2                         |     -    |      0|  0|   2|           2|           2|
    |col_buf_0_val_0_0_2_fu_812_p3          |  Select  |      0|  0|   8|           1|           8|
    |col_buf_0_val_0_0_3_fu_820_p3          |  Select  |      0|  0|   8|           1|           8|
    |col_buf_0_val_0_0_4_fu_828_p3          |  Select  |      0|  0|   8|           1|           8|
    |col_buf_0_val_0_0_5_fu_836_p3          |  Select  |      0|  0|   8|           1|           8|
    |col_buf_0_val_0_0_7_fu_844_p3          |  Select  |      0|  0|   8|           1|           8|
    |col_buf_0_val_1_0_1_fu_780_p3          |  Select  |      0|  0|   8|           1|           8|
    |col_buf_0_val_1_0_2_fu_788_p3          |  Select  |      0|  0|   8|           1|           8|
    |col_buf_0_val_1_0_3_fu_796_p3          |  Select  |      0|  0|   8|           1|           8|
    |col_buf_0_val_1_0_5_fu_804_p3          |  Select  |      0|  0|   8|           1|           8|
    |col_buf_0_val_1_0_fu_767_p3            |  Select  |      0|  0|   8|           1|           8|
    |k_buf_val_load_0_mux_fu_942_p3         |  Select  |      0|  0|   8|           1|           8|
    |k_buf_val_load_1_mux_fu_936_p3         |  Select  |      0|  0|   8|           1|           8|
    |k_buf_val_load_2_mux_fu_930_p3         |  Select  |      0|  0|   8|           1|           8|
    |p_assign_1_cast_fu_696_p3              |  Select  |      0|  0|  11|           1|           1|
    |temp_0_i_i_i_061_i_i_1_0_1_fu_1059_p3  |  Select  |      0|  0|   8|           1|           8|
    |temp_0_i_i_i_061_i_i_1_0_2_fu_1086_p3  |  Select  |      0|  0|   8|           1|           8|
    |temp_0_i_i_i_061_i_i_1_1_1_fu_1117_p3  |  Select  |      0|  0|   8|           1|           8|
    |temp_0_i_i_i_061_i_i_1_1_2_fu_1127_p3  |  Select  |      0|  0|   8|           1|           8|
    |temp_0_i_i_i_061_i_i_1_1_fu_1101_p3    |  Select  |      0|  0|   8|           1|           8|
    |temp_0_i_i_i_061_i_i_1_2_1_fu_1158_p3  |  Select  |      0|  0|   8|           1|           8|
    |temp_0_i_i_i_061_i_i_1_2_fu_1142_p3    |  Select  |      0|  0|   8|           1|           8|
    |tmp_44_fu_1168_p3                      |  Select  |      0|  0|   8|           1|           8|
    |tmp_47_fu_448_p3                       |  Select  |      0|  0|   2|           1|           2|
    |tmp_61_fu_545_p3                       |  Select  |      0|  0|   3|           1|           3|
    |tmp_62_fu_556_p3                       |  Select  |      0|  0|   2|           1|           1|
    |tmp_63_fu_562_p3                       |  Select  |      0|  0|   2|           1|           2|
    |tmp_64_fu_574_p3                       |  Select  |      0|  0|   2|           1|           1|
    |tmp_65_fu_580_p3                       |  Select  |      0|  0|   2|           1|           2|
    |x_fu_702_p3                            |  Select  |      0|  0|  11|           1|          11|
    |ap_sig_bdd_1040                        |    and   |      0|  0|   1|           1|           1|
    |ap_sig_bdd_1043                        |    and   |      0|  0|   1|           1|           1|
    |ap_sig_bdd_1045                        |    and   |      0|  0|   1|           1|           1|
    |ap_sig_bdd_1047                        |    and   |      0|  0|   1|           1|           1|
    |ap_sig_bdd_181                         |    and   |      0|  0|   1|           1|           1|
    |ap_sig_bdd_203                         |    and   |      0|  0|   1|           1|           1|
    |ap_sig_bdd_485                         |    and   |      0|  0|   1|           1|           1|
    |or_cond307_i_i_fu_628_p2               |    and   |      0|  0|   1|           1|           1|
    |or_cond_fu_541_p2                      |    and   |      0|  0|   1|           1|           1|
    |or_cond_i335_i_i_1_fu_480_p2           |    and   |      0|  0|   1|           1|           1|
    |or_cond_i335_i_i_2_fu_523_p2           |    and   |      0|  0|   1|           1|           1|
    |or_cond_i_i_i_fu_666_p2                |    and   |      0|  0|   1|           1|           1|
    |icmp2_fu_622_p2                        |   icmp   |      0|  0|   4|          11|           1|
    |icmp_fu_420_p2                         |   icmp   |      0|  0|   5|          12|           1|
    |sel_tmp1_fu_775_p2                     |   icmp   |      0|  0|   1|           2|           1|
    |sel_tmp_fu_762_p2                      |   icmp   |      0|  0|   1|           2|           1|
    |tmp_131_0_1_fu_1053_p2                 |   icmp   |      0|  0|   3|           8|           8|
    |tmp_131_0_2_fu_1081_p2                 |   icmp   |      0|  0|   3|           8|           8|
    |tmp_131_1_1_fu_1108_p2                 |   icmp   |      0|  0|   3|           8|           8|
    |tmp_131_1_2_fu_1122_p2                 |   icmp   |      0|  0|   3|           8|           8|
    |tmp_131_1_fu_1096_p2                   |   icmp   |      0|  0|   3|           8|           8|
    |tmp_131_2_1_fu_1149_p2                 |   icmp   |      0|  0|   3|           8|           8|
    |tmp_131_2_2_fu_1163_p2                 |   icmp   |      0|  0|   3|           8|           8|
    |tmp_131_2_fu_1137_p2                   |   icmp   |      0|  0|   3|           8|           8|
    |tmp_18_fu_381_p2                       |   icmp   |      0|  0|   5|          13|          13|
    |tmp_19_fu_392_p2                       |   icmp   |      0|  0|   5|          12|           3|
    |tmp_21_fu_601_p2                       |   icmp   |      0|  0|   5|          13|          13|
    |tmp_24_fu_661_p2                       |   icmp   |      0|  0|   5|          13|          13|
    |tmp_27_fu_404_p2                       |   icmp   |      0|  0|   5|          13|           2|
    |tmp_29_fu_426_p2                       |   icmp   |      0|  0|   5|          13|          13|
    |tmp_31_fu_686_p2                       |   icmp   |      0|  0|   5|          13|          13|
    |tmp_42_fu_439_p2                       |   icmp   |      0|  0|   5|          13|          13|
    |tmp_82_1_fu_475_p2                     |   icmp   |      0|  0|   5|          13|          13|
    |tmp_82_2_fu_518_p2                     |   icmp   |      0|  0|   5|          13|          13|
    |ap_sig_bdd_51                          |    or    |      0|  0|   1|           1|           1|
    |brmerge1_fu_592_p2                     |    or    |      0|  0|   1|           1|           1|
    |brmerge_fu_680_p2                      |    or    |      0|  0|   1|           1|           1|
    |p_neg313_i_i_cast_fu_353_p2            |    xor   |      0|  0|   2|           2|           2|
    |rev1_fu_512_p2                         |    xor   |      0|  0|   2|           1|           2|
    |rev2_fu_655_p2                         |    xor   |      0|  0|   2|           1|           2|
    |rev_fu_469_p2                          |    xor   |      0|  0|   2|           1|           2|
    |tmp_11_fu_323_p2                       |    xor   |      0|  0|   2|           1|           2|
    |tmp_14_fu_329_p2                       |    xor   |      0|  0|   2|           1|           2|
    |tmp_8_fu_317_p2                        |    xor   |      0|  0|   2|           1|           2|
    +---------------------------------------+----------+-------+---+----+------------+------------+
    |Total                                  |          |      0|  0| 466|         332|         524|
    +---------------------------------------+----------+-------+---+----+------------+------------+

    * Multiplexer: 
    +---------------------------------+----+-----------+-----+-----------+
    |               Name              | LUT| Input Size| Bits| Total Bits|
    +---------------------------------+----+-----------+-----+-----------+
    |ap_NS_fsm                        |   4|          9|    1|          9|
    |ap_reg_ppiten_pp0_it1            |   1|          2|    1|          2|
    |ap_reg_ppiten_pp0_it4            |   1|          2|    1|          2|
    |ap_reg_ppiten_pp0_it9            |   1|          2|    1|          2|
    |p_016_0_i_i_reg_287              |  12|          2|   12|         24|
    |p_029_0_i_i_reg_298              |  12|          2|   12|         24|
    |src_kernel_win_0_val_0_1_fu_136  |   8|          4|    8|         32|
    |src_kernel_win_0_val_1_1_fu_148  |   8|          4|    8|         32|
    |src_kernel_win_0_val_2_1_fu_156  |   8|          4|    8|         32|
    |tmp_10_reg_265                   |   1|          2|    1|          2|
    |tmp_13_reg_276                   |   1|          2|    1|          2|
    |tmp_7_reg_254                    |   1|          2|    1|          2|
    +---------------------------------+----+-----------+-----+-----------+
    |Total                            |  58|         37|   55|        165|
    +---------------------------------+----+-----------+-----+-----------+

    * Register: 
    +-----------------------------------------------------------+----+----+-----+-----------+
    |                            Name                           | FF | LUT| Bits| Const Bits|
    +-----------------------------------------------------------+----+----+-----+-----------+
    |ap_CS_fsm                                                  |   8|   0|    8|          0|
    |ap_done_reg                                                |   1|   0|    1|          0|
    |ap_reg_ppiten_pp0_it0                                      |   1|   0|    1|          0|
    |ap_reg_ppiten_pp0_it1                                      |   1|   0|    1|          0|
    |ap_reg_ppiten_pp0_it2                                      |   1|   0|    1|          0|
    |ap_reg_ppiten_pp0_it3                                      |   1|   0|    1|          0|
    |ap_reg_ppiten_pp0_it4                                      |   1|   0|    1|          0|
    |ap_reg_ppiten_pp0_it5                                      |   1|   0|    1|          0|
    |ap_reg_ppiten_pp0_it6                                      |   1|   0|    1|          0|
    |ap_reg_ppiten_pp0_it7                                      |   1|   0|    1|          0|
    |ap_reg_ppiten_pp0_it8                                      |   1|   0|    1|          0|
    |ap_reg_ppiten_pp0_it9                                      |   1|   0|    1|          0|
    |ap_reg_ppstg_col_assign_3_t_reg_1514_pp0_it2               |   2|   0|    2|          0|
    |ap_reg_ppstg_col_assign_reg_1490_pp0_it1                   |   2|   0|    2|          0|
    |ap_reg_ppstg_src_kernel_win_0_val_1_1_lo_reg_1574_pp0_it5  |   8|   0|    8|          0|
    |ap_reg_ppstg_tmp_31_reg_1486_pp0_it1                       |   1|   0|    1|          0|
    |brmerge1_reg_1447                                          |   1|   0|    1|          0|
    |brmerge_reg_1482                                           |   1|   0|    1|          0|
    |col_assign_3_t_reg_1514                                    |   2|   0|    2|          0|
    |col_assign_reg_1490                                        |   2|   0|    2|          0|
    |col_buf_0_val_0_0_1_fu_172                                 |   8|   0|    8|          0|
    |col_buf_0_val_0_0_6_fu_176                                 |   8|   0|    8|          0|
    |col_buf_0_val_0_0_8_fu_180                                 |   8|   0|    8|          0|
    |col_buf_0_val_1_0_4_fu_160                                 |   8|   0|    8|          0|
    |col_buf_0_val_1_0_6_fu_164                                 |   8|   0|    8|          0|
    |col_buf_0_val_1_0_7_fu_168                                 |   8|   0|    8|          0|
    |cols_assign_cast_reg_1213                                  |  12|   0|   13|          1|
    |heightloop_reg_1325                                        |  13|   0|   13|          0|
    |i_V_reg_1367                                               |  12|   0|   12|          0|
    |icmp_reg_1382                                              |   1|   0|    1|          0|
    |k_buf_0_val_0_addr_reg_1496                                |  11|   0|   11|          0|
    |k_buf_0_val_1_addr_reg_1502                                |  11|   0|   11|          0|
    |k_buf_0_val_2_addr_reg_1508                                |  11|   0|   11|          0|
    |locy_1_t_reg_1437                                          |   2|   0|    2|          0|
    |locy_2_t_reg_1442                                          |   2|   0|    2|          0|
    |locy_reg_1432                                              |   2|   0|    2|          0|
    |or_cond307_i_i_reg_1460                                    |   1|   0|    1|          0|
    |or_cond_i335_i_i_1_reg_1402                                |   1|   0|    1|          0|
    |or_cond_i335_i_i_2_reg_1417                                |   1|   0|    1|          0|
    |or_cond_i_i_i_reg_1469                                     |   1|   0|    1|          0|
    |p_016_0_i_i_reg_287                                        |  12|   0|   12|          0|
    |p_029_0_i_i_reg_298                                        |  12|   0|   12|          0|
    |p_neg313_i_i_cast_reg_1340                                 |   2|   0|    2|          0|
    |ref_reg_1346                                               |  13|   0|   13|          0|
    |right_border_buf_0_val_0_0_fu_120                          |   8|   0|    8|          0|
    |right_border_buf_0_val_0_1_fu_124                          |   8|   0|    8|          0|
    |right_border_buf_0_val_0_2_fu_128                          |   8|   0|    8|          0|
    |rows_assign_cast_reg_1204                                  |  12|   0|   13|          1|
    |src_kernel_win_0_val_0_0_4_reg_1521                        |   8|   0|    8|          0|
    |src_kernel_win_0_val_0_1_1_reg_1548                        |   8|   0|    8|          0|
    |src_kernel_win_0_val_0_1_fu_136                            |   8|   0|    8|          0|
    |src_kernel_win_0_val_0_1_lo_reg_1568                       |   8|   0|    8|          0|
    |src_kernel_win_0_val_0_2_fu_140                            |   8|   0|    8|          0|
    |src_kernel_win_0_val_1_0_4_reg_1530                        |   8|   0|    8|          0|
    |src_kernel_win_0_val_1_1_1_reg_1555                        |   8|   0|    8|          0|
    |src_kernel_win_0_val_1_1_fu_148                            |   8|   0|    8|          0|
    |src_kernel_win_0_val_1_1_lo_reg_1574                       |   8|   0|    8|          0|
    |src_kernel_win_0_val_1_2_fu_152                            |   8|   0|    8|          0|
    |src_kernel_win_0_val_2_0_reg_1539                          |   8|   0|    8|          0|
    |src_kernel_win_0_val_2_1_fu_156                            |   8|   0|    8|          0|
    |src_kernel_win_0_val_2_2_fu_144                            |   8|   0|    8|          0|
    |temp_0_i_i_i_061_i_i_1_0_1_reg_1562                        |   8|   0|    8|          0|
    |temp_0_i_i_i_061_i_i_1_0_2_reg_1580                        |   8|   0|    8|          0|
    |temp_0_i_i_i_061_i_i_1_1_2_reg_1596                        |   8|   0|    8|          0|
    |temp_0_i_i_i_061_i_i_1_1_reg_1586                          |   8|   0|    8|          0|
    |temp_0_i_i_i_061_i_i_1_2_reg_1602                          |   8|   0|    8|          0|
    |tmp_100_reg_1412                                           |   2|   0|    2|          0|
    |tmp_102_reg_1422                                           |   1|   0|    1|          0|
    |tmp_103_reg_1427                                           |   2|   0|    2|          0|
    |tmp_106_reg_1464                                           |  11|   0|   11|          0|
    |tmp_108_reg_1474                                           |   1|   0|    1|          0|
    |tmp_10_reg_265                                             |   1|   0|    1|          0|
    |tmp_131_1_1_reg_1591                                       |   1|   0|    1|          0|
    |tmp_131_2_1_reg_1607                                       |   1|   0|    1|          0|
    |tmp_13_reg_276                                             |   1|   0|    1|          0|
    |tmp_16_reg_1335                                            |  13|   0|   13|          0|
    |tmp_19_reg_1372                                            |   1|   0|    1|          0|
    |tmp_21_reg_1451                                            |   1|   0|    1|          0|
    |tmp_27_reg_1377                                            |   1|   0|    1|          0|
    |tmp_29_reg_1387                                            |   1|   0|    1|          0|
    |tmp_31_reg_1486                                            |   1|   0|    1|          0|
    |tmp_40_reg_1351                                            |  11|   0|   11|          0|
    |tmp_44_reg_1612                                            |   8|   0|    8|          0|
    |tmp_47_reg_1397                                            |   2|   0|    2|          0|
    |tmp_7_reg_254                                              |   1|   0|    1|          0|
    |tmp_94_reg_1356                                            |   2|   0|    2|          0|
    |tmp_96_reg_1393                                            |   1|   0|    1|          0|
    |tmp_99_reg_1407                                            |   1|   0|    1|          0|
    |widthloop_reg_1330                                         |  13|   0|   13|          0|
    |brmerge_reg_1482                                           |   0|   1|    1|          0|
    |or_cond307_i_i_reg_1460                                    |   0|   1|    1|          0|
    |or_cond_i_i_i_reg_1469                                     |   0|   1|    1|          0|
    |src_kernel_win_0_val_0_1_1_reg_1548                        |   0|   8|    8|          0|
    |src_kernel_win_0_val_0_1_lo_reg_1568                       |   0|   8|    8|          0|
    |src_kernel_win_0_val_1_1_1_reg_1555                        |   0|   8|    8|          0|
    |tmp_108_reg_1474                                           |   0|   1|    1|          0|
    |tmp_21_reg_1451                                            |   0|   1|    1|          0|
    +-----------------------------------------------------------+----+----+-----+-----------+
    |Total                                                      | 464|  29|  495|          2|
    +-----------------------------------------------------------+----+----+-----+-----------+



================================================================
== Interface
================================================================
* Summary: 
+-----------------------------+-----+-----+------------+---------------------------------------+--------------+
|          RTL Ports          | Dir | Bits|  Protocol  |             Source Object             |    C Type    |
+-----------------------------+-----+-----+------------+---------------------------------------+--------------+
|ap_clk                       |  in |    1| ap_ctrl_hs | image_filter_Dilate<0, 0, 1080, 1920> | return value |
|ap_rst                       |  in |    1| ap_ctrl_hs | image_filter_Dilate<0, 0, 1080, 1920> | return value |
|ap_start                     |  in |    1| ap_ctrl_hs | image_filter_Dilate<0, 0, 1080, 1920> | return value |
|ap_done                      | out |    1| ap_ctrl_hs | image_filter_Dilate<0, 0, 1080, 1920> | return value |
|ap_continue                  |  in |    1| ap_ctrl_hs | image_filter_Dilate<0, 0, 1080, 1920> | return value |
|ap_idle                      | out |    1| ap_ctrl_hs | image_filter_Dilate<0, 0, 1080, 1920> | return value |
|ap_ready                     | out |    1| ap_ctrl_hs | image_filter_Dilate<0, 0, 1080, 1920> | return value |
|p_src_rows_V_read            |  in |   12|   ap_none  |           p_src_rows_V_read           |    scalar    |
|p_src_cols_V_read            |  in |   12|   ap_none  |           p_src_cols_V_read           |    scalar    |
|p_src_data_stream_V_dout     |  in |    8|   ap_fifo  |          p_src_data_stream_V          |    pointer   |
|p_src_data_stream_V_empty_n  |  in |    1|   ap_fifo  |          p_src_data_stream_V          |    pointer   |
|p_src_data_stream_V_read     | out |    1|   ap_fifo  |          p_src_data_stream_V          |    pointer   |
|p_dst_data_stream_V_din      | out |    8|   ap_fifo  |          p_dst_data_stream_V          |    pointer   |
|p_dst_data_stream_V_full_n   |  in |    1|   ap_fifo  |          p_dst_data_stream_V          |    pointer   |
|p_dst_data_stream_V_write    | out |    1|   ap_fifo  |          p_dst_data_stream_V          |    pointer   |
+-----------------------------+-----+-----+------------+---------------------------------------+--------------+

