

================================================================
== Vivado HLS Report for 'image_filter_Duplicate_1080_1920_32_32_s'
================================================================
* Date:           Fri Sep 11 21:51:00 2015

* Version:        2015.2 (Build 1266856 on Fri Jun 26 16:57:37 PM 2015)
* Project:        prj
* Solution:       solution1
* Product family: zynq
* Target device:  xc7z020clg484-1


================================================================
== Performance Estimates
================================================================
+ Timing (ns): 
    * Summary: 
    +--------+-------+----------+------------+
    |  Clock | Target| Estimated| Uncertainty|
    +--------+-------+----------+------------+
    |ap_clk  |   6.67|      5.83|        0.83|
    +--------+-------+----------+------------+

+ Latency (clock cycles): 
    * Summary: 
    +-----+---------+-----+---------+---------+
    |    Latency    |    Interval   | Pipeline|
    | min |   max   | min |   max   |   Type  |
    +-----+---------+-----+---------+---------+
    |    1|  2076841|    1|  2076841|   none  |
    +-----+---------+-----+---------+---------+

    + Detail: 
        * Instance: 
        N/A

        * Loop: 
        +---------------+-----+---------+----------+-----------+-----------+----------+----------+
        |               |    Latency    | Iteration|  Initiation Interval  |   Trip   |          |
        |   Loop Name   | min |   max   |  Latency |  achieved |   target  |   Count  | Pipelined|
        +---------------+-----+---------+----------+-----------+-----------+----------+----------+
        |- loop_height  |    0|  2076840| 3 ~ 1923 |          -|          -| 0 ~ 1080 |    no    |
        | + loop_width  |    0|     1920|         2|          1|          1| 0 ~ 1920 |    yes   |
        +---------------+-----+---------+----------+-----------+-----------+----------+----------+



================================================================
== Utilization Estimates
================================================================
* Summary: 
+-----------------+---------+-------+--------+-------+
|       Name      | BRAM_18K| DSP48E|   FF   |  LUT  |
+-----------------+---------+-------+--------+-------+
|Expression       |        -|      -|       0|     34|
|FIFO             |        -|      -|       -|      -|
|Instance         |        -|      -|       -|      -|
|Memory           |        -|      -|       -|      -|
|Multiplexer      |        -|      -|       -|     23|
|Register         |        -|      -|      65|      -|
+-----------------+---------+-------+--------+-------+
|Total            |        0|      0|      65|     57|
+-----------------+---------+-------+--------+-------+
|Available        |      280|    220|  106400|  53200|
+-----------------+---------+-------+--------+-------+
|Utilization (%)  |        0|      0|   ~0   |   ~0  |
+-----------------+---------+-------+--------+-------+

+ Detail: 
    * Instance: 
    N/A

    * Memory: 
    N/A

    * FIFO: 
    N/A

    * Expression: 
    +-----------------------+----------+-------+---+----+------------+------------+
    |     Variable Name     | Operation| DSP48E| FF| LUT| Bitwidth P0| Bitwidth P1|
    +-----------------------+----------+-------+---+----+------------+------------+
    |i_V_fu_179_p2          |     +    |      0|  0|  11|          11|           1|
    |j_V_fu_194_p2          |     +    |      0|  0|  11|          11|           1|
    |exitcond3_i_fu_174_p2  |   icmp   |      0|  0|   5|          12|          12|
    |exitcond_i_fu_189_p2   |   icmp   |      0|  0|   5|          12|          12|
    |ap_sig_bdd_140         |    or    |      0|  0|   1|           1|           1|
    |ap_sig_bdd_85          |    or    |      0|  0|   1|           1|           1|
    +-----------------------+----------+-------+---+----+------------+------------+
    |Total                  |          |      0|  0|  34|          48|          28|
    +-----------------------+----------+-------+---+----+------------+------------+

    * Multiplexer: 
    +---------------+----+-----------+-----+-----------+
    |      Name     | LUT| Input Size| Bits| Total Bits|
    +---------------+----+-----------+-----+-----------+
    |ap_NS_fsm      |   1|          5|    1|          5|
    |p_3_i_reg_159  |  11|          2|   11|         22|
    |p_i_reg_148    |  11|          2|   11|         22|
    +---------------+----+-----------+-----+-----------+
    |Total          |  23|          9|   23|         49|
    +---------------+----+-----------+-----+-----------+

    * Register: 
    +-----------------------+----+----+-----+-----------+
    |          Name         | FF | LUT| Bits| Const Bits|
    +-----------------------+----+----+-----+-----------+
    |ap_CS_fsm              |   4|   0|    4|          0|
    |ap_done_reg            |   1|   0|    1|          0|
    |ap_reg_ppiten_pp0_it0  |   1|   0|    1|          0|
    |ap_reg_ppiten_pp0_it1  |   1|   0|    1|          0|
    |cols_V_reg_205         |  12|   0|   12|          0|
    |exitcond_i_reg_219     |   1|   0|    1|          0|
    |i_V_reg_214            |  11|   0|   11|          0|
    |p_3_i_reg_159          |  11|   0|   11|          0|
    |p_i_reg_148            |  11|   0|   11|          0|
    |rows_V_reg_200         |  12|   0|   12|          0|
    +-----------------------+----+----+-----+-----------+
    |Total                  |  65|   0|   65|          0|
    +-----------------------+----+----+-----+-----------+



================================================================
== Interface
================================================================
* Summary: 
+-----------------------------+-----+-----+------------+--------------------------------------------+--------------+
|          RTL Ports          | Dir | Bits|  Protocol  |                Source Object               |    C Type    |
+-----------------------------+-----+-----+------------+--------------------------------------------+--------------+
|ap_clk                       |  in |    1| ap_ctrl_hs | image_filter_Duplicate<1080, 1920, 32, 32> | return value |
|ap_rst                       |  in |    1| ap_ctrl_hs | image_filter_Duplicate<1080, 1920, 32, 32> | return value |
|ap_start                     |  in |    1| ap_ctrl_hs | image_filter_Duplicate<1080, 1920, 32, 32> | return value |
|ap_done                      | out |    1| ap_ctrl_hs | image_filter_Duplicate<1080, 1920, 32, 32> | return value |
|ap_continue                  |  in |    1| ap_ctrl_hs | image_filter_Duplicate<1080, 1920, 32, 32> | return value |
|ap_idle                      | out |    1| ap_ctrl_hs | image_filter_Duplicate<1080, 1920, 32, 32> | return value |
|ap_ready                     | out |    1| ap_ctrl_hs | image_filter_Duplicate<1080, 1920, 32, 32> | return value |
|src_rows_V_dout              |  in |   12|   ap_fifo  |                 src_rows_V                 |    pointer   |
|src_rows_V_empty_n           |  in |    1|   ap_fifo  |                 src_rows_V                 |    pointer   |
|src_rows_V_read              | out |    1|   ap_fifo  |                 src_rows_V                 |    pointer   |
|src_cols_V_dout              |  in |   12|   ap_fifo  |                 src_cols_V                 |    pointer   |
|src_cols_V_empty_n           |  in |    1|   ap_fifo  |                 src_cols_V                 |    pointer   |
|src_cols_V_read              | out |    1|   ap_fifo  |                 src_cols_V                 |    pointer   |
|src_data_stream_0_V_dout     |  in |    8|   ap_fifo  |             src_data_stream_0_V            |    pointer   |
|src_data_stream_0_V_empty_n  |  in |    1|   ap_fifo  |             src_data_stream_0_V            |    pointer   |
|src_data_stream_0_V_read     | out |    1|   ap_fifo  |             src_data_stream_0_V            |    pointer   |
|src_data_stream_1_V_dout     |  in |    8|   ap_fifo  |             src_data_stream_1_V            |    pointer   |
|src_data_stream_1_V_empty_n  |  in |    1|   ap_fifo  |             src_data_stream_1_V            |    pointer   |
|src_data_stream_1_V_read     | out |    1|   ap_fifo  |             src_data_stream_1_V            |    pointer   |
|src_data_stream_2_V_dout     |  in |    8|   ap_fifo  |             src_data_stream_2_V            |    pointer   |
|src_data_stream_2_V_empty_n  |  in |    1|   ap_fifo  |             src_data_stream_2_V            |    pointer   |
|src_data_stream_2_V_read     | out |    1|   ap_fifo  |             src_data_stream_2_V            |    pointer   |
|dst1_data_stream_0_V_din     | out |    8|   ap_fifo  |            dst1_data_stream_0_V            |    pointer   |
|dst1_data_stream_0_V_full_n  |  in |    1|   ap_fifo  |            dst1_data_stream_0_V            |    pointer   |
|dst1_data_stream_0_V_write   | out |    1|   ap_fifo  |            dst1_data_stream_0_V            |    pointer   |
|dst1_data_stream_1_V_din     | out |    8|   ap_fifo  |            dst1_data_stream_1_V            |    pointer   |
|dst1_data_stream_1_V_full_n  |  in |    1|   ap_fifo  |            dst1_data_stream_1_V            |    pointer   |
|dst1_data_stream_1_V_write   | out |    1|   ap_fifo  |            dst1_data_stream_1_V            |    pointer   |
|dst1_data_stream_2_V_din     | out |    8|   ap_fifo  |            dst1_data_stream_2_V            |    pointer   |
|dst1_data_stream_2_V_full_n  |  in |    1|   ap_fifo  |            dst1_data_stream_2_V            |    pointer   |
|dst1_data_stream_2_V_write   | out |    1|   ap_fifo  |            dst1_data_stream_2_V            |    pointer   |
|dst2_data_stream_0_V_din     | out |    8|   ap_fifo  |            dst2_data_stream_0_V            |    pointer   |
|dst2_data_stream_0_V_full_n  |  in |    1|   ap_fifo  |            dst2_data_stream_0_V            |    pointer   |
|dst2_data_stream_0_V_write   | out |    1|   ap_fifo  |            dst2_data_stream_0_V            |    pointer   |
|dst2_data_stream_1_V_din     | out |    8|   ap_fifo  |            dst2_data_stream_1_V            |    pointer   |
|dst2_data_stream_1_V_full_n  |  in |    1|   ap_fifo  |            dst2_data_stream_1_V            |    pointer   |
|dst2_data_stream_1_V_write   | out |    1|   ap_fifo  |            dst2_data_stream_1_V            |    pointer   |
|dst2_data_stream_2_V_din     | out |    8|   ap_fifo  |            dst2_data_stream_2_V            |    pointer   |
|dst2_data_stream_2_V_full_n  |  in |    1|   ap_fifo  |            dst2_data_stream_2_V            |    pointer   |
|dst2_data_stream_2_V_write   | out |    1|   ap_fifo  |            dst2_data_stream_2_V            |    pointer   |
+-----------------------------+-----+-----+------------+--------------------------------------------+--------------+

