

================================================================
== Vivado HLS Report for 'image_filter_PaintMask_32_0_1080_1920_s'
================================================================
* Date:           Fri Sep 11 21:51:02 2015

* Version:        2015.2 (Build 1266856 on Fri Jun 26 16:57:37 PM 2015)
* Project:        prj
* Solution:       solution1
* Product family: zynq
* Target device:  xc7z020clg484-1


================================================================
== Performance Estimates
================================================================
+ Timing (ns): 
    * Summary: 
    +--------+-------+----------+------------+
    |  Clock | Target| Estimated| Uncertainty|
    +--------+-------+----------+------------+
    |ap_clk  |   6.67|      4.91|        0.83|
    +--------+-------+----------+------------+

+ Latency (clock cycles): 
    * Summary: 
    +-----+---------+-----+---------+---------+
    |    Latency    |    Interval   | Pipeline|
    | min |   max   | min |   max   |   Type  |
    +-----+---------+-----+---------+---------+
    |    1|  2077921|    1|  2077921|   none  |
    +-----+---------+-----+---------+---------+

    + Detail: 
        * Instance: 
        N/A

        * Loop: 
        +---------------+-----+---------+----------+-----------+-----------+----------+----------+
        |               |    Latency    | Iteration|  Initiation Interval  |   Trip   |          |
        |   Loop Name   | min |   max   |  Latency |  achieved |   target  |   Count  | Pipelined|
        +---------------+-----+---------+----------+-----------+-----------+----------+----------+
        |- loop_height  |    0|  2077920| 3 ~ 1924 |          -|          -| 0 ~ 1080 |    no    |
        | + loop_width  |    0|     1921|         3|          1|          1| 0 ~ 1920 |    yes   |
        +---------------+-----+---------+----------+-----------+-----------+----------+----------+



================================================================
== Utilization Estimates
================================================================
* Summary: 
+-----------------+---------+-------+--------+-------+
|       Name      | BRAM_18K| DSP48E|   FF   |  LUT  |
+-----------------+---------+-------+--------+-------+
|Expression       |        -|      -|       0|     62|
|FIFO             |        -|      -|       -|      -|
|Instance         |        -|      -|       -|      -|
|Memory           |        -|      -|       -|      -|
|Multiplexer      |        -|      -|       -|     24|
|Register         |        -|      -|      68|      -|
+-----------------+---------+-------+--------+-------+
|Total            |        0|      0|      68|     86|
+-----------------+---------+-------+--------+-------+
|Available        |      280|    220|  106400|  53200|
+-----------------+---------+-------+--------+-------+
|Utilization (%)  |        0|      0|   ~0   |   ~0  |
+-----------------+---------+-------+--------+-------+

+ Detail: 
    * Instance: 
    N/A

    * Memory: 
    N/A

    * FIFO: 
    N/A

    * Expression: 
    +---------------------------+----------+-------+---+----+------------+------------+
    |       Variable Name       | Operation| DSP48E| FF| LUT| Bitwidth P0| Bitwidth P1|
    +---------------------------+----------+-------+---+----+------------+------------+
    |i_V_fu_160_p2              |     +    |      0|  0|  11|          11|           1|
    |j_V_fu_175_p2              |     +    |      0|  0|  11|          11|           1|
    |p_dst_data_stream_0_V_din  |  Select  |      0|  0|   8|           1|           8|
    |p_dst_data_stream_1_V_din  |  Select  |      0|  0|   8|           1|           8|
    |p_dst_data_stream_2_V_din  |  Select  |      0|  0|   8|           1|           8|
    |exitcond4_fu_155_p2        |   icmp   |      0|  0|   5|          12|          12|
    |exitcond_fu_170_p2         |   icmp   |      0|  0|   5|          12|          12|
    |tmp_s_fu_181_p2            |   icmp   |      0|  0|   3|           8|           1|
    |ap_sig_bdd_107             |    or    |      0|  0|   1|           1|           1|
    |ap_sig_bdd_121             |    or    |      0|  0|   1|           1|           1|
    |ap_sig_bdd_67              |    or    |      0|  0|   1|           1|           1|
    +---------------------------+----------+-------+---+----+------------+------------+
    |Total                      |          |      0|  0|  62|          60|          54|
    +---------------------------+----------+-------+---+----+------------+------------+

    * Multiplexer: 
    +-----------------------+----+-----------+-----+-----------+
    |          Name         | LUT| Input Size| Bits| Total Bits|
    +-----------------------+----+-----------+-----+-----------+
    |ap_NS_fsm              |   1|          5|    1|          5|
    |ap_reg_ppiten_pp0_it2  |   1|          2|    1|          2|
    |p_4_reg_140            |  11|          2|   11|         22|
    |p_s_reg_129            |  11|          2|   11|         22|
    +-----------------------+----+-----------+-----+-----------+
    |Total                  |  24|         11|   24|         51|
    +-----------------------+----+-----------+-----+-----------+

    * Register: 
    +---------------------------------------+----+----+-----+-----------+
    |                  Name                 | FF | LUT| Bits| Const Bits|
    +---------------------------------------+----+----+-----+-----------+
    |ap_CS_fsm                              |   4|   0|    4|          0|
    |ap_done_reg                            |   1|   0|    1|          0|
    |ap_reg_ppiten_pp0_it0                  |   1|   0|    1|          0|
    |ap_reg_ppiten_pp0_it1                  |   1|   0|    1|          0|
    |ap_reg_ppiten_pp0_it2                  |   1|   0|    1|          0|
    |ap_reg_ppstg_exitcond_reg_227_pp0_it1  |   1|   0|    1|          0|
    |exitcond_reg_227                       |   1|   0|    1|          0|
    |i_V_reg_222                            |  11|   0|   11|          0|
    |p_4_reg_140                            |  11|   0|   11|          0|
    |p_s_reg_129                            |  11|   0|   11|          0|
    |tmp_114_reg_246                        |   8|   0|    8|          0|
    |tmp_116_reg_236                        |   8|   0|    8|          0|
    |tmp_117_reg_241                        |   8|   0|    8|          0|
    |tmp_s_reg_251                          |   1|   0|    1|          0|
    +---------------------------------------+----+----+-----+-----------+
    |Total                                  |  68|   0|   68|          0|
    +---------------------------------------+----+----+-----+-----------+



================================================================
== Interface
================================================================
* Summary: 
+-------------------------------+-----+-----+------------+-------------------------------------------+--------------+
|           RTL Ports           | Dir | Bits|  Protocol  |               Source Object               |    C Type    |
+-------------------------------+-----+-----+------------+-------------------------------------------+--------------+
|ap_clk                         |  in |    1| ap_ctrl_hs | image_filter_PaintMask<32, 0, 1080, 1920> | return value |
|ap_rst                         |  in |    1| ap_ctrl_hs | image_filter_PaintMask<32, 0, 1080, 1920> | return value |
|ap_start                       |  in |    1| ap_ctrl_hs | image_filter_PaintMask<32, 0, 1080, 1920> | return value |
|ap_done                        | out |    1| ap_ctrl_hs | image_filter_PaintMask<32, 0, 1080, 1920> | return value |
|ap_continue                    |  in |    1| ap_ctrl_hs | image_filter_PaintMask<32, 0, 1080, 1920> | return value |
|ap_idle                        | out |    1| ap_ctrl_hs | image_filter_PaintMask<32, 0, 1080, 1920> | return value |
|ap_ready                       | out |    1| ap_ctrl_hs | image_filter_PaintMask<32, 0, 1080, 1920> | return value |
|p_src_rows_V_read              |  in |   12|   ap_none  |             p_src_rows_V_read             |    scalar    |
|p_src_cols_V_read              |  in |   12|   ap_none  |             p_src_cols_V_read             |    scalar    |
|p_src_data_stream_0_V_dout     |  in |    8|   ap_fifo  |           p_src_data_stream_0_V           |    pointer   |
|p_src_data_stream_0_V_empty_n  |  in |    1|   ap_fifo  |           p_src_data_stream_0_V           |    pointer   |
|p_src_data_stream_0_V_read     | out |    1|   ap_fifo  |           p_src_data_stream_0_V           |    pointer   |
|p_src_data_stream_1_V_dout     |  in |    8|   ap_fifo  |           p_src_data_stream_1_V           |    pointer   |
|p_src_data_stream_1_V_empty_n  |  in |    1|   ap_fifo  |           p_src_data_stream_1_V           |    pointer   |
|p_src_data_stream_1_V_read     | out |    1|   ap_fifo  |           p_src_data_stream_1_V           |    pointer   |
|p_src_data_stream_2_V_dout     |  in |    8|   ap_fifo  |           p_src_data_stream_2_V           |    pointer   |
|p_src_data_stream_2_V_empty_n  |  in |    1|   ap_fifo  |           p_src_data_stream_2_V           |    pointer   |
|p_src_data_stream_2_V_read     | out |    1|   ap_fifo  |           p_src_data_stream_2_V           |    pointer   |
|p_mask_data_stream_V_dout      |  in |    8|   ap_fifo  |            p_mask_data_stream_V           |    pointer   |
|p_mask_data_stream_V_empty_n   |  in |    1|   ap_fifo  |            p_mask_data_stream_V           |    pointer   |
|p_mask_data_stream_V_read      | out |    1|   ap_fifo  |            p_mask_data_stream_V           |    pointer   |
|p_dst_data_stream_0_V_din      | out |    8|   ap_fifo  |           p_dst_data_stream_0_V           |    pointer   |
|p_dst_data_stream_0_V_full_n   |  in |    1|   ap_fifo  |           p_dst_data_stream_0_V           |    pointer   |
|p_dst_data_stream_0_V_write    | out |    1|   ap_fifo  |           p_dst_data_stream_0_V           |    pointer   |
|p_dst_data_stream_1_V_din      | out |    8|   ap_fifo  |           p_dst_data_stream_1_V           |    pointer   |
|p_dst_data_stream_1_V_full_n   |  in |    1|   ap_fifo  |           p_dst_data_stream_1_V           |    pointer   |
|p_dst_data_stream_1_V_write    | out |    1|   ap_fifo  |           p_dst_data_stream_1_V           |    pointer   |
|p_dst_data_stream_2_V_din      | out |    8|   ap_fifo  |           p_dst_data_stream_2_V           |    pointer   |
|p_dst_data_stream_2_V_full_n   |  in |    1|   ap_fifo  |           p_dst_data_stream_2_V           |    pointer   |
|p_dst_data_stream_2_V_write    | out |    1|   ap_fifo  |           p_dst_data_stream_2_V           |    pointer   |
+-------------------------------+-----+-----+------------+-------------------------------------------+--------------+

