

================================================================
== Vivado HLS Report for 'image_filter_CvtColor'
================================================================
* Date:           Fri Sep 11 21:51:00 2015

* Version:        2015.2 (Build 1266856 on Fri Jun 26 16:57:37 PM 2015)
* Project:        prj
* Solution:       solution1
* Product family: zynq
* Target device:  xc7z020clg484-1


================================================================
== Performance Estimates
================================================================
+ Timing (ns): 
    * Summary: 
    +--------+-------+----------+------------+
    |  Clock | Target| Estimated| Uncertainty|
    +--------+-------+----------+------------+
    |ap_clk  |   6.67|      8.10|        0.83|
    +--------+-------+----------+------------+

+ Latency (clock cycles): 
    * Summary: 
    +-----+---------+-----+---------+---------+
    |    Latency    |    Interval   | Pipeline|
    | min |   max   | min |   max   |   Type  |
    +-----+---------+-----+---------+---------+
    |    1|  2083321|    1|  2083321|   none  |
    +-----+---------+-----+---------+---------+

    + Detail: 
        * Instance: 
        N/A

        * Loop: 
        +---------------+-----+---------+----------+-----------+-----------+----------+----------+
        |               |    Latency    | Iteration|  Initiation Interval  |   Trip   |          |
        |   Loop Name   | min |   max   |  Latency |  achieved |   target  |   Count  | Pipelined|
        +---------------+-----+---------+----------+-----------+-----------+----------+----------+
        |- loop_height  |    0|  2083320| 3 ~ 1929 |          -|          -| 0 ~ 1080 |    no    |
        | + loop_width  |    0|     1926|         8|          1|          1| 0 ~ 1920 |    yes   |
        +---------------+-----+---------+----------+-----------+-----------+----------+----------+



================================================================
== Utilization Estimates
================================================================
* Summary: 
+-----------------+---------+-------+--------+-------+
|       Name      | BRAM_18K| DSP48E|   FF   |  LUT  |
+-----------------+---------+-------+--------+-------+
|Expression       |        -|      -|       0|     54|
|FIFO             |        -|      -|       -|      -|
|Instance         |        -|      3|       0|      0|
|Memory           |        -|      -|       -|      -|
|Multiplexer      |        -|      -|       -|     24|
|Register         |        -|      -|     139|     17|
+-----------------+---------+-------+--------+-------+
|Total            |        0|      3|     139|     95|
+-----------------+---------+-------+--------+-------+
|Available        |      280|    220|  106400|  53200|
+-----------------+---------+-------+--------+-------+
|Utilization (%)  |        0|      1|   ~0   |   ~0  |
+-----------------+---------+-------+--------+-------+

+ Detail: 
    * Instance: 
    +------------------------------------------------+--------------------------------------------+---------+-------+---+----+
    |                    Instance                    |                   Module                   | BRAM_18K| DSP48E| FF| LUT|
    +------------------------------------------------+--------------------------------------------+---------+-------+---+----+
    |image_filter_mac_muladd_8ns_20ns_29ns_29_1_U40  |image_filter_mac_muladd_8ns_20ns_29ns_29_1  |        0|      1|  0|   0|
    |image_filter_mac_muladd_8ns_23ns_29ns_30_1_U39  |image_filter_mac_muladd_8ns_23ns_29ns_30_1  |        0|      1|  0|   0|
    |image_filter_mul_8ns_22ns_29_3_U38              |image_filter_mul_8ns_22ns_29_3              |        0|      1|  0|   0|
    +------------------------------------------------+--------------------------------------------+---------+-------+---+----+
    |Total                                           |                                            |        0|      3|  0|   0|
    +------------------------------------------------+--------------------------------------------+---------+-------+---+----+

    * Memory: 
    N/A

    * FIFO: 
    N/A

    * Expression: 
    +--------------------------------+----------+-------+---+----+------------+------------+
    |          Variable Name         | Operation| DSP48E| FF| LUT| Bitwidth P0| Bitwidth P1|
    +--------------------------------+----------+-------+---+----+------------+------------+
    |i_1_fu_152_p2                   |     +    |      0|  0|  11|          11|           1|
    |j_1_fu_167_p2                   |     +    |      0|  0|  11|          11|           1|
    |p_Val2_4_fu_218_p2              |     +    |      0|  0|   8|           8|           8|
    |p_dst_data_stream_V_din         |  Select  |      0|  0|   8|           1|           8|
    |ap_sig_bdd_110                  |    and   |      0|  0|   1|           1|           1|
    |exitcond2_fu_147_p2             |   icmp   |      0|  0|   5|          12|          12|
    |exitcond_fu_162_p2              |   icmp   |      0|  0|   5|          12|          12|
    |ap_sig_bdd_55                   |    or    |      0|  0|   1|           1|           1|
    |ap_sig_bdd_92                   |    or    |      0|  0|   1|           1|           1|
    |not_carry_fu_238_p2             |    or    |      0|  0|   1|           1|           1|
    |p_Result_2_i_i_i_not_fu_232_p2  |    xor   |      0|  0|   2|           1|           2|
    +--------------------------------+----------+-------+---+----+------------+------------+
    |Total                           |          |      0|  0|  54|          60|          48|
    +--------------------------------+----------+-------+---+----+------------+------------+

    * Multiplexer: 
    +-----------------------+----+-----------+-----+-----------+
    |          Name         | LUT| Input Size| Bits| Total Bits|
    +-----------------------+----+-----------+-----+-----------+
    |ap_NS_fsm              |   1|          5|    1|          5|
    |ap_reg_ppiten_pp0_it7  |   1|          2|    1|          2|
    |i_reg_121              |  11|          2|   11|         22|
    |j_reg_132              |  11|          2|   11|         22|
    +-----------------------+----+-----------+-----+-----------+
    |Total                  |  24|         11|   24|         51|
    +-----------------------+----+-----------+-----+-----------+

    * Register: 
    +------------------------------+----+----+-----+-----------+
    |             Name             | FF | LUT| Bits| Const Bits|
    +------------------------------+----+----+-----+-----------+
    |ap_CS_fsm                     |   4|   0|    4|          0|
    |ap_done_reg                   |   1|   0|    1|          0|
    |ap_reg_ppiten_pp0_it0         |   1|   0|    1|          0|
    |ap_reg_ppiten_pp0_it1         |   1|   0|    1|          0|
    |ap_reg_ppiten_pp0_it2         |   1|   0|    1|          0|
    |ap_reg_ppiten_pp0_it3         |   1|   0|    1|          0|
    |ap_reg_ppiten_pp0_it4         |   1|   0|    1|          0|
    |ap_reg_ppiten_pp0_it5         |   1|   0|    1|          0|
    |ap_reg_ppiten_pp0_it6         |   1|   0|    1|          0|
    |ap_reg_ppiten_pp0_it7         |   1|   0|    1|          0|
    |exitcond_reg_287              |   1|   0|    1|          0|
    |i_1_reg_282                   |  11|   0|   11|          0|
    |i_reg_121                     |  11|   0|   11|          0|
    |j_reg_132                     |  11|   0|   11|          0|
    |p_Result_2_i_i_i_not_reg_336  |   1|   0|    1|          0|
    |p_Val2_1_reg_321              |  29|   0|   29|          0|
    |p_Val2_4_reg_326              |   8|   0|    8|          0|
    |r_V_4_i_reg_316               |  29|   0|   29|          0|
    |tmp_10_reg_331                |   1|   0|    1|          0|
    |tmp_12_reg_296                |   8|   0|    8|          0|
    |tmp_13_reg_301                |   8|   0|    8|          0|
    |tmp_14_reg_306                |   8|   0|    8|          0|
    |exitcond_reg_287              |   0|   1|    1|          0|
    |tmp_12_reg_296                |   0|   8|    8|          0|
    |tmp_13_reg_301                |   0|   8|    8|          0|
    +------------------------------+----+----+-----+-----------+
    |Total                         | 139|  17|  156|          0|
    +------------------------------+----+----+-----+-----------+



================================================================
== Interface
================================================================
* Summary: 
+-------------------------------+-----+-----+------------+-----------------------+--------------+
|           RTL Ports           | Dir | Bits|  Protocol  |     Source Object     |    C Type    |
+-------------------------------+-----+-----+------------+-----------------------+--------------+
|ap_clk                         |  in |    1| ap_ctrl_hs | image_filter_CvtColor | return value |
|ap_rst                         |  in |    1| ap_ctrl_hs | image_filter_CvtColor | return value |
|ap_start                       |  in |    1| ap_ctrl_hs | image_filter_CvtColor | return value |
|ap_done                        | out |    1| ap_ctrl_hs | image_filter_CvtColor | return value |
|ap_continue                    |  in |    1| ap_ctrl_hs | image_filter_CvtColor | return value |
|ap_idle                        | out |    1| ap_ctrl_hs | image_filter_CvtColor | return value |
|ap_ready                       | out |    1| ap_ctrl_hs | image_filter_CvtColor | return value |
|p_src_rows_V_read              |  in |   12|   ap_none  |   p_src_rows_V_read   |    scalar    |
|p_src_cols_V_read              |  in |   12|   ap_none  |   p_src_cols_V_read   |    scalar    |
|p_src_data_stream_0_V_dout     |  in |    8|   ap_fifo  | p_src_data_stream_0_V |    pointer   |
|p_src_data_stream_0_V_empty_n  |  in |    1|   ap_fifo  | p_src_data_stream_0_V |    pointer   |
|p_src_data_stream_0_V_read     | out |    1|   ap_fifo  | p_src_data_stream_0_V |    pointer   |
|p_src_data_stream_1_V_dout     |  in |    8|   ap_fifo  | p_src_data_stream_1_V |    pointer   |
|p_src_data_stream_1_V_empty_n  |  in |    1|   ap_fifo  | p_src_data_stream_1_V |    pointer   |
|p_src_data_stream_1_V_read     | out |    1|   ap_fifo  | p_src_data_stream_1_V |    pointer   |
|p_src_data_stream_2_V_dout     |  in |    8|   ap_fifo  | p_src_data_stream_2_V |    pointer   |
|p_src_data_stream_2_V_empty_n  |  in |    1|   ap_fifo  | p_src_data_stream_2_V |    pointer   |
|p_src_data_stream_2_V_read     | out |    1|   ap_fifo  | p_src_data_stream_2_V |    pointer   |
|p_dst_data_stream_V_din        | out |    8|   ap_fifo  |  p_dst_data_stream_V  |    pointer   |
|p_dst_data_stream_V_full_n     |  in |    1|   ap_fifo  |  p_dst_data_stream_V  |    pointer   |
|p_dst_data_stream_V_write      | out |    1|   ap_fifo  |  p_dst_data_stream_V  |    pointer   |
+-------------------------------+-----+-----+------------+-----------------------+--------------+

