==============================================================
File generated by Vivado(TM) HLS - High-Level Synthesis from C, C++ and SystemC
Version: 2015.2
Copyright (C) 2015 Xilinx Inc. All rights reserved.

==============================================================

@I [HLS-10] Setting target device to 'xc7z020clg484-1'
@I [SYN-201] Setting up clock 'default' with a period of 6.66667ns.
@I [HLS-10] Analyzing design file 'top.cpp' ... 
@I [HLS-10] Validating synthesis directives ...
@I [HLS-10] Starting code transformations ...
@I [XFORM-501] Unrolling loop 'Loop-1' (/opt/Xilinx/Vivado_HLS/2015.2/common/technology/autopilot/hls/hls_video_core.h:622) in function 'hls::Mat<1080, 1920, 0>::read()' completely.
@I [XFORM-501] Unrolling loop 'Loop-1' (/opt/Xilinx/Vivado_HLS/2015.2/common/technology/autopilot/hls/hls_video_core.h:646) in function 'hls::Mat<1080, 1920, 0>::write(hls::Scalar<1, unsigned char>)' completely.
@I [XFORM-603] Inlining function 'hls::Mat<1080, 1920, 32>::init' into 'hls::Mat<1080, 1920, 32>::Mat.1' (/opt/Xilinx/Vivado_HLS/2015.2/common/technology/autopilot/hls/hls_video_core.h:587).
@I [XFORM-603] Inlining function 'hls::AXIGetBitFields<32, unsigned char>' into 'hls::AXIvideo2Mat<32, 1080, 1920, 32>' (/opt/Xilinx/Vivado_HLS/2015.2/common/technology/autopilot/hls/hls_video_io.h:92).
@I [XFORM-603] Inlining function 'hls::Mat<1080, 1920, 32>::write' into 'hls::Mat<1080, 1920, 32>::operator<<' (/opt/Xilinx/Vivado_HLS/2015.2/common/technology/autopilot/hls/hls_video_core.h:662).
@I [XFORM-603] Inlining function 'hls::Mat<1080, 1920, 32>::operator<<' into 'hls::PaintMask<32, 0, 1080, 1920>' (/opt/Xilinx/Vivado_HLS/2015.2/common/technology/autopilot/hls/hls_video_fast.h:482).
@I [XFORM-603] Inlining function 'hls::Mat<1080, 1920, 32>::operator<<' into 'hls::Duplicate<1080, 1920, 32, 32>' (/opt/Xilinx/Vivado_HLS/2015.2/common/technology/autopilot/hls/hls_video_arithm.h:1297).
@I [XFORM-603] Inlining function 'hls::Mat<1080, 1920, 32>::operator<<' into 'hls::Duplicate<1080, 1920, 32, 32>' (/opt/Xilinx/Vivado_HLS/2015.2/common/technology/autopilot/hls/hls_video_arithm.h:1296).
@I [XFORM-603] Inlining function 'hls::Mat<1080, 1920, 32>::operator<<' into 'hls::AXIvideo2Mat<32, 1080, 1920, 32>' (/opt/Xilinx/Vivado_HLS/2015.2/common/technology/autopilot/hls/hls_video_io.h:94).
@I [XFORM-603] Inlining function 'hls::Mat<1080, 1920, 0>::init' into 'hls::Mat<1080, 1920, 0>::Mat.1' (/opt/Xilinx/Vivado_HLS/2015.2/common/technology/autopilot/hls/hls_video_core.h:587).
@I [XFORM-603] Inlining function 'hls::Mat<1080, 1920, 32>::read' into 'hls::Mat<1080, 1920, 32>::operator>>' (/opt/Xilinx/Vivado_HLS/2015.2/common/technology/autopilot/hls/hls_video_core.h:656).
@I [XFORM-603] Inlining function 'hls::Mat<1080, 1920, 32>::operator>>' into 'hls::Mat2AXIvideo<32, 1080, 1920, 32>' (/opt/Xilinx/Vivado_HLS/2015.2/common/technology/autopilot/hls/hls_video_io.h:140).
@I [XFORM-603] Inlining function 'hls::Mat<1080, 1920, 32>::operator>>' into 'hls::PaintMask<32, 0, 1080, 1920>' (/opt/Xilinx/Vivado_HLS/2015.2/common/technology/autopilot/hls/hls_video_fast.h:472).
@I [XFORM-603] Inlining function 'hls::Mat<1080, 1920, 32>::operator>>' into 'hls::CvtColor<HLS_BGR2GRAY, 32, 0, 1080, 1920>' (/opt/Xilinx/Vivado_HLS/2015.2/common/technology/autopilot/hls/hls_video_imgproc.h:1368).
@I [XFORM-603] Inlining function 'hls::Mat<1080, 1920, 32>::operator>>' into 'hls::Duplicate<1080, 1920, 32, 32>' (/opt/Xilinx/Vivado_HLS/2015.2/common/technology/autopilot/hls/hls_video_arithm.h:1295).
@I [XFORM-603] Inlining function 'ap_fixed_base<8, 8, false, (ap_q_mode)0, (ap_o_mode)0, 0>::quantization_adjust' into 'ap_fixed_base<8, 8, false, (ap_q_mode)0, (ap_o_mode)0, 0>::ap_fixed_base<35, 13, true, (ap_q_mode)5, (ap_o_mode)3, 0>' ().
@I [XFORM-603] Inlining function 'ap_fixed_base<8, 8, false, (ap_q_mode)0, (ap_o_mode)0, 0>::overflow_adjust' into 'ap_fixed_base<8, 8, false, (ap_q_mode)0, (ap_o_mode)0, 0>::ap_fixed_base<35, 13, true, (ap_q_mode)5, (ap_o_mode)3, 0>' ().
@I [XFORM-603] Inlining function 'hls::ColorConverter<unsigned char, unsigned char>::convert<3>' into 'hls::kernel_CvtColor<HLS_BGR2GRAY, unsigned char, unsigned char>::apply<3, 1>' (/opt/Xilinx/Vivado_HLS/2015.2/common/technology/autopilot/hls/hls_video_imgproc.h:935).
@I [XFORM-603] Inlining function 'hls::Mat<1080, 1920, 0>::write' into 'hls::Mat<1080, 1920, 0>::operator<<' (/opt/Xilinx/Vivado_HLS/2015.2/common/technology/autopilot/hls/hls_video_core.h:662).
@I [XFORM-603] Inlining function 'hls::Mat<1080, 1920, 0>::operator<<' into 'hls::FAST_t_opr<16, 7, 0, 1080, 1920>' (/opt/Xilinx/Vivado_HLS/2015.2/common/technology/autopilot/hls/hls_video_fast.h:309).
@I [XFORM-603] Inlining function 'hls::Mat<1080, 1920, 0>::operator<<' into 'hls::CvtColor<HLS_BGR2GRAY, 32, 0, 1080, 1920>' (/opt/Xilinx/Vivado_HLS/2015.2/common/technology/autopilot/hls/hls_video_imgproc.h:1370).
@I [XFORM-603] Inlining function 'hls::Mat<1080, 1920, 0>::read' into 'hls::Mat<1080, 1920, 0>::operator>>' (/opt/Xilinx/Vivado_HLS/2015.2/common/technology/autopilot/hls/hls_video_core.h:656).
@I [XFORM-603] Inlining function 'hls::Mat<1080, 1920, 0>::operator>>' into 'hls::FAST_t_opr<16, 7, 0, 1080, 1920>' (/opt/Xilinx/Vivado_HLS/2015.2/common/technology/autopilot/hls/hls_video_fast.h:260).
@I [XFORM-603] Inlining function 'hls::Mat<1080, 1920, 0>::operator>>' into 'hls::PaintMask<32, 0, 1080, 1920>' (/opt/Xilinx/Vivado_HLS/2015.2/common/technology/autopilot/hls/hls_video_fast.h:473).
@I [XFORM-603] Inlining function 'hls::fast_pixel_diff<16, 7, 25, ap_uint<8>, int>' into 'hls::fast_judge<16, 7, ap_uint<8>, int>' (/opt/Xilinx/Vivado_HLS/2015.2/common/technology/autopilot/hls/hls_video_fast.h:164).
@I [XFORM-603] Inlining function 'hls::coreScore<16, 25, int, ap_uint<8> >' into 'hls::fast_judge<16, 7, ap_uint<8>, int>' (/opt/Xilinx/Vivado_HLS/2015.2/common/technology/autopilot/hls/hls_video_fast.h:182).
@I [XFORM-603] Inlining function 'hls::fast_judge<16, 7, ap_uint<8>, int>' into 'hls::FAST_t_opr<16, 7, 0, 1080, 1920>' (/opt/Xilinx/Vivado_HLS/2015.2/common/technology/autopilot/hls/hls_video_fast.h:283).
@I [XFORM-603] Inlining function 'hls::fast_nonmax<3, ap_int<16> >' into 'hls::FAST_t_opr<16, 7, 0, 1080, 1920>' (/opt/Xilinx/Vivado_HLS/2015.2/common/technology/autopilot/hls/hls_video_fast.h:299).
@I [XFORM-603] Inlining function 'hls::FASTX<0, 1080, 1920>' into 'image_filter' (top.cpp:69).
@I [XFORM-603] Inlining function 'ap_fixed_base<63, 43, true, (ap_q_mode)5, (ap_o_mode)3, 0>::to_double' into 'hls::getStructuringElement<unsigned char, int, int, 3, 3>' (/opt/Xilinx/Vivado_HLS/2015.2/common/technology/autopilot/hls/hls_video_imgproc.h:325).
@I [XFORM-603] Inlining function 'ap_fixed_base<12, 12, true, (ap_q_mode)0, (ap_o_mode)3, 0>::quantization_adjust' into 'ap_fixed_base<12, 12, true, (ap_q_mode)0, (ap_o_mode)3, 0>::ap_fixed_base' ().
@I [XFORM-603] Inlining function 'hls::getStructuringElement<unsigned char, int, int, 3, 3>' into 'hls::morp_opr<hls::dilate_kernel, hls::BORDER_REPLICATE, 0, 0, 1080, 1920>' (/opt/Xilinx/Vivado_HLS/2015.2/common/technology/autopilot/hls/hls_video_imgproc.h:677).
@I [XFORM-603] Inlining function 'hls::normalizeAnchor<int, int>' into 'hls::filter_opr<hls::dilate_kernel, hls::BORDER_REPLICATE>::filter<0, 0, unsigned char, int, 1080, 1920, 3, 3>' (/opt/Xilinx/Vivado_HLS/2015.2/common/technology/autopilot/hls/hls_video_imgproc.h:404).
@I [XFORM-603] Inlining function 'hls::borderInterpolate' into 'hls::filter_opr<hls::dilate_kernel, hls::BORDER_REPLICATE>::filter<0, 0, unsigned char, int, 1080, 1920, 3, 3>' (/opt/Xilinx/Vivado_HLS/2015.2/common/technology/autopilot/hls/hls_video_imgproc.h:425).
@I [XFORM-603] Inlining function 'hls::borderInterpolate' into 'hls::filter_opr<hls::dilate_kernel, hls::BORDER_REPLICATE>::filter<0, 0, unsigned char, int, 1080, 1920, 3, 3>' (/opt/Xilinx/Vivado_HLS/2015.2/common/technology/autopilot/hls/hls_video_imgproc.h:492).
@I [XFORM-603] Inlining function 'hls::Window<3, 3, unsigned char>::getval' into 'hls::Window<3, 3, unsigned char>::operator()' (/opt/Xilinx/Vivado_HLS/2015.2/common/technology/autopilot/hls/hls_video_mem.h:216).
@I [XFORM-603] Inlining function 'hls::Window<3, 3, unsigned char>::operator()' into 'hls::filter_opr<hls::dilate_kernel, hls::BORDER_REPLICATE>::filter<0, 0, unsigned char, int, 1080, 1920, 3, 3>' (/opt/Xilinx/Vivado_HLS/2015.2/common/technology/autopilot/hls/hls_video_imgproc.h:502).
@I [XFORM-603] Inlining function 'hls::Window<3, 3, unsigned char>::operator()' into 'hls::filter_opr<hls::dilate_kernel, hls::BORDER_REPLICATE>::filter<0, 0, unsigned char, int, 1080, 1920, 3, 3>' (/opt/Xilinx/Vivado_HLS/2015.2/common/technology/autopilot/hls/hls_video_imgproc.h:479).
@I [XFORM-603] Inlining function 'hls::Window<3, 3, unsigned char>::operator()' into 'hls::filter_opr<hls::dilate_kernel, hls::BORDER_REPLICATE>::filter<0, 0, unsigned char, int, 1080, 1920, 3, 3>' (/opt/Xilinx/Vivado_HLS/2015.2/common/technology/autopilot/hls/hls_video_imgproc.h:469).
@I [XFORM-603] Inlining function 'hls::Window<3, 3, unsigned char>::operator()' into 'hls::filter_opr<hls::dilate_kernel, hls::BORDER_REPLICATE>::filter<0, 0, unsigned char, int, 1080, 1920, 3, 3>' (/opt/Xilinx/Vivado_HLS/2015.2/common/technology/autopilot/hls/hls_video_imgproc.h:452).
@I [XFORM-603] Inlining function 'hls::Window<3, 3, unsigned char>::operator()' into 'hls::filter_opr<hls::dilate_kernel, hls::BORDER_REPLICATE>::filter<0, 0, unsigned char, int, 1080, 1920, 3, 3>' (/opt/Xilinx/Vivado_HLS/2015.2/common/technology/autopilot/hls/hls_video_imgproc.h:445).
@I [XFORM-603] Inlining function 'hls::Window<3, 3, unsigned char>::operator()' into 'hls::filter_opr<hls::dilate_kernel, hls::BORDER_REPLICATE>::filter<0, 0, unsigned char, int, 1080, 1920, 3, 3>' (/opt/Xilinx/Vivado_HLS/2015.2/common/technology/autopilot/hls/hls_video_imgproc.h:430).
@I [XFORM-603] Inlining function 'hls::Window<3, 3, unsigned char>::operator()' into 'hls::filter_opr<hls::dilate_kernel, hls::BORDER_REPLICATE>::filter<0, 0, unsigned char, int, 1080, 1920, 3, 3>' (/opt/Xilinx/Vivado_HLS/2015.2/common/technology/autopilot/hls/hls_video_imgproc.h:430).
@I [XFORM-603] Inlining function 'hls::LineBuffer<3, 1920, unsigned char, 0>::getval' into 'hls::LineBuffer<3, 1920, unsigned char, 0>::operator()' (/opt/Xilinx/Vivado_HLS/2015.2/common/technology/autopilot/hls/hls_video_mem.h:321).
@I [XFORM-603] Inlining function 'hls::LineBuffer<3, 1920, unsigned char, 0>::operator()' into 'hls::filter_opr<hls::dilate_kernel, hls::BORDER_REPLICATE>::filter<0, 0, unsigned char, int, 1080, 1920, 3, 3>' (/opt/Xilinx/Vivado_HLS/2015.2/common/technology/autopilot/hls/hls_video_imgproc.h:460).
@I [XFORM-603] Inlining function 'hls::LineBuffer<3, 1920, unsigned char, 0>::operator()' into 'hls::filter_opr<hls::dilate_kernel, hls::BORDER_REPLICATE>::filter<0, 0, unsigned char, int, 1080, 1920, 3, 3>' (/opt/Xilinx/Vivado_HLS/2015.2/common/technology/autopilot/hls/hls_video_imgproc.h:453).
@I [XFORM-603] Inlining function 'hls::LineBuffer<3, 1920, unsigned char, 0>::operator()' into 'hls::filter_opr<hls::dilate_kernel, hls::BORDER_REPLICATE>::filter<0, 0, unsigned char, int, 1080, 1920, 3, 3>' (/opt/Xilinx/Vivado_HLS/2015.2/common/technology/autopilot/hls/hls_video_imgproc.h:436).
@I [XFORM-603] Inlining function 'hls::LineBuffer<3, 1, unsigned char, 0>::getval' into 'hls::LineBuffer<3, 1, unsigned char, 0>::operator()' (/opt/Xilinx/Vivado_HLS/2015.2/common/technology/autopilot/hls/hls_video_mem.h:321).
@I [XFORM-603] Inlining function 'hls::LineBuffer<3, 1, unsigned char, 0>::operator()' into 'hls::filter_opr<hls::dilate_kernel, hls::BORDER_REPLICATE>::filter<0, 0, unsigned char, int, 1080, 1920, 3, 3>' (/opt/Xilinx/Vivado_HLS/2015.2/common/technology/autopilot/hls/hls_video_imgproc.h:502).
@I [XFORM-603] Inlining function 'hls::LineBuffer<3, 1, unsigned char, 0>::operator()' into 'hls::filter_opr<hls::dilate_kernel, hls::BORDER_REPLICATE>::filter<0, 0, unsigned char, int, 1080, 1920, 3, 3>' (/opt/Xilinx/Vivado_HLS/2015.2/common/technology/autopilot/hls/hls_video_imgproc.h:469).
@I [XFORM-603] Inlining function 'hls::LineBuffer<3, 1, unsigned char, 0>::operator()' into 'hls::filter_opr<hls::dilate_kernel, hls::BORDER_REPLICATE>::filter<0, 0, unsigned char, int, 1080, 1920, 3, 3>' (/opt/Xilinx/Vivado_HLS/2015.2/common/technology/autopilot/hls/hls_video_imgproc.h:451).
@I [XFORM-603] Inlining function 'hls::LineBuffer<3, 1, unsigned char, 0>::operator()' into 'hls::filter_opr<hls::dilate_kernel, hls::BORDER_REPLICATE>::filter<0, 0, unsigned char, int, 1080, 1920, 3, 3>' (/opt/Xilinx/Vivado_HLS/2015.2/common/technology/autopilot/hls/hls_video_imgproc.h:444).
@I [XFORM-603] Inlining function 'hls::LineBuffer<3, 1, unsigned char, 0>::operator()' into 'hls::filter_opr<hls::dilate_kernel, hls::BORDER_REPLICATE>::filter<0, 0, unsigned char, int, 1080, 1920, 3, 3>' (/opt/Xilinx/Vivado_HLS/2015.2/common/technology/autopilot/hls/hls_video_imgproc.h:436).
@I [XFORM-603] Inlining function 'hls::LineBuffer<3, 3, unsigned char, 0>::getval' into 'hls::LineBuffer<3, 3, unsigned char, 0>::operator()' (/opt/Xilinx/Vivado_HLS/2015.2/common/technology/autopilot/hls/hls_video_mem.h:321).
@I [XFORM-603] Inlining function 'hls::LineBuffer<3, 3, unsigned char, 0>::operator()' into 'hls::filter_opr<hls::dilate_kernel, hls::BORDER_REPLICATE>::filter<0, 0, unsigned char, int, 1080, 1920, 3, 3>' (/opt/Xilinx/Vivado_HLS/2015.2/common/technology/autopilot/hls/hls_video_imgproc.h:479).
@I [XFORM-603] Inlining function 'hls::LineBuffer<3, 3, unsigned char, 0>::operator()' into 'hls::filter_opr<hls::dilate_kernel, hls::BORDER_REPLICATE>::filter<0, 0, unsigned char, int, 1080, 1920, 3, 3>' (/opt/Xilinx/Vivado_HLS/2015.2/common/technology/autopilot/hls/hls_video_imgproc.h:455).
@I [XFORM-603] Inlining function 'hls::LineBuffer<3, 3, unsigned char, 0>::operator()' into 'hls::filter_opr<hls::dilate_kernel, hls::BORDER_REPLICATE>::filter<0, 0, unsigned char, int, 1080, 1920, 3, 3>' (/opt/Xilinx/Vivado_HLS/2015.2/common/technology/autopilot/hls/hls_video_imgproc.h:447).
@I [XFORM-603] Inlining function 'hls::dilate_kernel::apply<0, unsigned char, unsigned char, unsigned char, 3, 3>' into 'hls::filter_opr<hls::dilate_kernel, hls::BORDER_REPLICATE>::filter<0, 0, unsigned char, int, 1080, 1920, 3, 3>' (/opt/Xilinx/Vivado_HLS/2015.2/common/technology/autopilot/hls/hls_video_imgproc.h:521).
@I [XFORM-603] Inlining function 'hls::filter_opr<hls::dilate_kernel, hls::BORDER_REPLICATE>::filter<0, 0, unsigned char, int, 1080, 1920, 3, 3>' into 'hls::morp_opr<hls::dilate_kernel, hls::BORDER_REPLICATE, 0, 0, 1080, 1920>' (/opt/Xilinx/Vivado_HLS/2015.2/common/technology/autopilot/hls/hls_video_imgproc.h:679).
@I [XFORM-603] Inlining function 'hls::morp_opr<hls::dilate_kernel, hls::BORDER_REPLICATE, 0, 0, 1080, 1920>' into 'hls::Dilate<0, 0, 1080, 1920>' (/opt/Xilinx/Vivado_HLS/2015.2/common/technology/autopilot/hls/hls_video_imgproc.h:747).
@I [XFORM-603] Inlining function 'hls::AXISetBitFields<32, unsigned char>' into 'hls::Mat2AXIvideo<32, 1080, 1920, 32>' (/opt/Xilinx/Vivado_HLS/2015.2/common/technology/autopilot/hls/hls_video_io.h:143).
@I [HLS-10] Checking synthesizability ...
@I [XFORM-602] Inlining function 'hls::sr_cast_class<ap_uint<8> >::operator()<35, 13, (ap_q_mode)5, (ap_o_mode)3>' into 'hls::sr_cast<unsigned char, ap_fixed<35, 13, (ap_q_mode)5, (ap_o_mode)3, 0> >' (/opt/Xilinx/Vivado_HLS/2015.2/common/technology/autopilot/hls/hls_video_types.h:474) automatically.
@I [XFORM-602] Inlining function 'hls::kernel_CvtColor<HLS_BGR2GRAY, unsigned char, unsigned char>::apply<3, 1>' into 'hls::CvtColor<HLS_BGR2GRAY, 32, 0, 1080, 1920>' (/opt/Xilinx/Vivado_HLS/2015.2/common/technology/autopilot/hls/hls_video_imgproc.h:1369) automatically.
@I [XFORM-602] Inlining function 'std::numeric_limits<int>::max' into 'hls::numeric_limits<int>::max' (/opt/Xilinx/Vivado_HLS/2015.2/common/technology/autopilot/hls/utils/x_hls_utils.h:73) automatically.
@I [XFORM-602] Inlining function 'std::numeric_limits<int>::min' into 'hls::numeric_limits<int>::min' (/opt/Xilinx/Vivado_HLS/2015.2/common/technology/autopilot/hls/utils/x_hls_utils.h:74) automatically.
@I [XFORM-602] Inlining function 'hls::numeric_limits<int>::max' into 'hls::FAST_t_opr<16, 7, 0, 1080, 1920>' (/opt/Xilinx/Vivado_HLS/2015.2/common/technology/autopilot/hls/hls_video_fast.h:123->/opt/Xilinx/Vivado_HLS/2015.2/common/technology/autopilot/hls/hls_video_fast.h:182->/opt/Xilinx/Vivado_HLS/2015.2/common/technology/autopilot/hls/hls_video_fast.h:283) automatically.
@I [XFORM-602] Inlining function 'hls::numeric_limits<int>::min' into 'hls::FAST_t_opr<16, 7, 0, 1080, 1920>' (/opt/Xilinx/Vivado_HLS/2015.2/common/technology/autopilot/hls/hls_video_fast.h:136->/opt/Xilinx/Vivado_HLS/2015.2/common/technology/autopilot/hls/hls_video_fast.h:182->/opt/Xilinx/Vivado_HLS/2015.2/common/technology/autopilot/hls/hls_video_fast.h:283) automatically.
@I [XFORM-602] Inlining function 'std::numeric_limits<unsigned char>::min' into 'hls::numeric_limits<unsigned char>::min' (/opt/Xilinx/Vivado_HLS/2015.2/common/technology/autopilot/hls/utils/x_hls_utils.h:74) automatically.
@I [XFORM-602] Inlining function 'hls::assert_cn' into 'hls::Dilate<0, 0, 1080, 1920>' (/opt/Xilinx/Vivado_HLS/2015.2/common/technology/autopilot/hls/hls_video_imgproc.h:746) automatically.
@I [XFORM-602] Inlining function 'hls::numeric_limits<unsigned char>::min' into 'hls::Dilate<0, 0, 1080, 1920>' (/opt/Xilinx/Vivado_HLS/2015.2/common/technology/autopilot/hls/hls_video_imgproc.h:177->/opt/Xilinx/Vivado_HLS/2015.2/common/technology/autopilot/hls/hls_video_imgproc.h:521->/opt/Xilinx/Vivado_HLS/2015.2/common/technology/autopilot/hls/hls_video_imgproc.h:679->/opt/Xilinx/Vivado_HLS/2015.2/common/technology/autopilot/hls/hls_video_imgproc.h:747) automatically.
@W [SYNCHK-23] /opt/Xilinx/Vivado_HLS/2015.2/common/technology/autopilot/hls/hls_axi_io.h:49: variable-indexed range selection may cause suboptimal QoR.
@I [SYNCHK-10] 0 error(s), 1 warning(s).
@W [XFORM-1103] Ignored data pack directive on non-struct variable '_src.data_stream.V' (top.cpp:56).
@W [XFORM-1103] Ignored data pack directive on non-struct variable 'src0.data_stream.V' (top.cpp:60).
@W [XFORM-1103] Ignored data pack directive on non-struct variable 'src1.data_stream.V' (top.cpp:61).
@W [XFORM-1103] Ignored data pack directive on non-struct variable 'gray.data_stream.V' (top.cpp:67).
@W [XFORM-1103] Ignored data pack directive on non-struct variable '_dst.data_stream.V' (top.cpp:57).
@W [XFORM-1103] Ignored data pack directive on non-struct variable 'mask.data_stream.V' (top.cpp:63).
@I [XFORM-502] Unrolling all sub-loops inside loop 'loop_width' (/opt/Xilinx/Vivado_HLS/2015.2/common/technology/autopilot/hls/hls_video_io.h:70) in function 'hls::AXIvideo2Mat<32, 1080, 1920, 32>' for pipelining.
@I [XFORM-502] Unrolling all sub-loops inside loop 'loop_width' (/opt/Xilinx/Vivado_HLS/2015.2/common/technology/autopilot/hls/hls_video_arithm.h:1292) in function 'hls::Duplicate<1080, 1920, 32, 32>' for pipelining.
@I [XFORM-502] Unrolling all sub-loops inside loop 'loop_width' (/opt/Xilinx/Vivado_HLS/2015.2/common/technology/autopilot/hls/hls_video_imgproc.h:1365) in function 'hls::CvtColor<HLS_BGR2GRAY, 32, 0, 1080, 1920>' for pipelining.
@I [XFORM-502] Unrolling all sub-loops inside loop 'loop_width' (/opt/Xilinx/Vivado_HLS/2015.2/common/technology/autopilot/hls/hls_video_imgproc.h:415) in function 'hls::Dilate<0, 0, 1080, 1920>' for pipelining.
@I [XFORM-502] Unrolling all sub-loops inside loop 'loop_width' (/opt/Xilinx/Vivado_HLS/2015.2/common/technology/autopilot/hls/hls_video_fast.h:469) in function 'hls::PaintMask<32, 0, 1080, 1920>' for pipelining.
@I [XFORM-502] Unrolling all sub-loops inside loop 'loop_width' (/opt/Xilinx/Vivado_HLS/2015.2/common/technology/autopilot/hls/hls_video_io.h:125) in function 'hls::Mat2AXIvideo<32, 1080, 1920, 32>' for pipelining.
@I [XFORM-502] Unrolling all sub-loops inside loop 'loop_width' (/opt/Xilinx/Vivado_HLS/2015.2/common/technology/autopilot/hls/hls_video_fast.h:244) in function 'hls::FAST_t_opr<16, 7, 0, 1080, 1920>' for pipelining.
@I [XFORM-501] Unrolling loop 'loop_channels' (/opt/Xilinx/Vivado_HLS/2015.2/common/technology/autopilot/hls/hls_video_io.h:91) in function 'hls::AXIvideo2Mat<32, 1080, 1920, 32>' completely.
@I [XFORM-501] Unrolling loop 'Loop-2.1.2' (/opt/Xilinx/Vivado_HLS/2015.2/common/technology/autopilot/hls/hls_video_core.h:646) in function 'hls::AXIvideo2Mat<32, 1080, 1920, 32>' completely.
@I [XFORM-501] Unrolling loop 'Loop-1.1.1' (/opt/Xilinx/Vivado_HLS/2015.2/common/technology/autopilot/hls/hls_video_core.h:622) in function 'hls::Duplicate<1080, 1920, 32, 32>' completely.
@I [XFORM-501] Unrolling loop 'Loop-1.1.2' (/opt/Xilinx/Vivado_HLS/2015.2/common/technology/autopilot/hls/hls_video_core.h:646) in function 'hls::Duplicate<1080, 1920, 32, 32>' completely.
@I [XFORM-501] Unrolling loop 'Loop-1.1.3' (/opt/Xilinx/Vivado_HLS/2015.2/common/technology/autopilot/hls/hls_video_core.h:646) in function 'hls::Duplicate<1080, 1920, 32, 32>' completely.
@I [XFORM-501] Unrolling loop 'Loop-1.1.1' (/opt/Xilinx/Vivado_HLS/2015.2/common/technology/autopilot/hls/hls_video_core.h:622) in function 'hls::CvtColor<HLS_BGR2GRAY, 32, 0, 1080, 1920>' completely.
@I [XFORM-501] Unrolling loop 'Loop-6.1.1' (/opt/Xilinx/Vivado_HLS/2015.2/common/technology/autopilot/hls/hls_video_imgproc.h:428) in function 'hls::Dilate<0, 0, 1080, 1920>' completely.
@I [XFORM-501] Unrolling loop 'Loop-6.1.1.1' (/opt/Xilinx/Vivado_HLS/2015.2/common/technology/autopilot/hls/hls_video_imgproc.h:429) in function 'hls::Dilate<0, 0, 1080, 1920>' completely.
@I [XFORM-501] Unrolling loop 'Loop-6.1.2' (/opt/Xilinx/Vivado_HLS/2015.2/common/technology/autopilot/hls/hls_video_imgproc.h:432) in function 'hls::Dilate<0, 0, 1080, 1920>' completely.
@I [XFORM-501] Unrolling loop 'Loop-6.1.3' (/opt/Xilinx/Vivado_HLS/2015.2/common/technology/autopilot/hls/hls_video_imgproc.h:449) in function 'hls::Dilate<0, 0, 1080, 1920>' completely.
@I [XFORM-501] Unrolling loop 'Loop-6.1.4' (/opt/Xilinx/Vivado_HLS/2015.2/common/technology/autopilot/hls/hls_video_imgproc.h:464) in function 'hls::Dilate<0, 0, 1080, 1920>' completely.
@I [XFORM-501] Unrolling loop 'Loop-6.1.5' (/opt/Xilinx/Vivado_HLS/2015.2/common/technology/autopilot/hls/hls_video_imgproc.h:474) in function 'hls::Dilate<0, 0, 1080, 1920>' completely.
@I [XFORM-501] Unrolling loop 'Loop-6.1.6' (/opt/Xilinx/Vivado_HLS/2015.2/common/technology/autopilot/hls/hls_video_imgproc.h:491) in function 'hls::Dilate<0, 0, 1080, 1920>' completely.
@I [XFORM-501] Unrolling loop 'loop_height' (/opt/Xilinx/Vivado_HLS/2015.2/common/technology/autopilot/hls/hls_video_imgproc.h:179) in function 'hls::Dilate<0, 0, 1080, 1920>' completely.
@I [XFORM-501] Unrolling loop 'loop_width' (/opt/Xilinx/Vivado_HLS/2015.2/common/technology/autopilot/hls/hls_video_imgproc.h:181) in function 'hls::Dilate<0, 0, 1080, 1920>' completely.
@I [XFORM-501] Unrolling loop 'Loop-1.1.1' (/opt/Xilinx/Vivado_HLS/2015.2/common/technology/autopilot/hls/hls_video_core.h:622) in function 'hls::PaintMask<32, 0, 1080, 1920>' completely.
@I [XFORM-501] Unrolling loop 'Loop-1.1.2' (/opt/Xilinx/Vivado_HLS/2015.2/common/technology/autopilot/hls/hls_video_core.h:646) in function 'hls::PaintMask<32, 0, 1080, 1920>' completely.
@I [XFORM-501] Unrolling loop 'Loop-1.1.1' (/opt/Xilinx/Vivado_HLS/2015.2/common/technology/autopilot/hls/hls_video_core.h:622) in function 'hls::Mat2AXIvideo<32, 1080, 1920, 32>' completely.
@I [XFORM-501] Unrolling loop 'loop_channels' (/opt/Xilinx/Vivado_HLS/2015.2/common/technology/autopilot/hls/hls_video_io.h:142) in function 'hls::Mat2AXIvideo<32, 1080, 1920, 32>' completely.
@I [XFORM-501] Unrolling loop 'Loop-1.1.1' (/opt/Xilinx/Vivado_HLS/2015.2/common/technology/autopilot/hls/hls_video_fast.h:249) in function 'hls::FAST_t_opr<16, 7, 0, 1080, 1920>' completely.
@I [XFORM-501] Unrolling loop 'Loop-1.1.1.1' (/opt/Xilinx/Vivado_HLS/2015.2/common/technology/autopilot/hls/hls_video_fast.h:250) in function 'hls::FAST_t_opr<16, 7, 0, 1080, 1920>' completely.
@I [XFORM-501] Unrolling loop 'Loop-1.1.2' (/opt/Xilinx/Vivado_HLS/2015.2/common/technology/autopilot/hls/hls_video_fast.h:255) in function 'hls::FAST_t_opr<16, 7, 0, 1080, 1920>' completely.
@I [XFORM-501] Unrolling loop 'Loop-1.1.3' (/opt/Xilinx/Vivado_HLS/2015.2/common/technology/autopilot/hls/hls_video_fast.h:265) in function 'hls::FAST_t_opr<16, 7, 0, 1080, 1920>' completely.
@I [XFORM-501] Unrolling loop 'Loop-1.1.3.1' (/opt/Xilinx/Vivado_HLS/2015.2/common/technology/autopilot/hls/hls_video_fast.h:267) in function 'hls::FAST_t_opr<16, 7, 0, 1080, 1920>' completely.
@I [XFORM-501] Unrolling loop 'Loop-1.1.4' (/opt/Xilinx/Vivado_HLS/2015.2/common/technology/autopilot/hls/hls_video_fast.h:273) in function 'hls::FAST_t_opr<16, 7, 0, 1080, 1920>' completely.
@I [XFORM-501] Unrolling loop 'Loop-1.1.5' (/opt/Xilinx/Vivado_HLS/2015.2/common/technology/autopilot/hls/hls_video_fast.h:55) in function 'hls::FAST_t_opr<16, 7, 0, 1080, 1920>' completely.
@I [XFORM-501] Unrolling loop 'Loop-1.1.6' (/opt/Xilinx/Vivado_HLS/2015.2/common/technology/autopilot/hls/hls_video_fast.h:166) in function 'hls::FAST_t_opr<16, 7, 0, 1080, 1920>' completely.
@I [XFORM-501] Unrolling loop 'Loop-1.1.7' (/opt/Xilinx/Vivado_HLS/2015.2/common/technology/autopilot/hls/hls_video_fast.h:104) in function 'hls::FAST_t_opr<16, 7, 0, 1080, 1920>' completely.
@I [XFORM-501] Unrolling loop 'Loop-1.1.8' (/opt/Xilinx/Vivado_HLS/2015.2/common/technology/autopilot/hls/hls_video_fast.h:108) in function 'hls::FAST_t_opr<16, 7, 0, 1080, 1920>' completely.
@I [XFORM-501] Unrolling loop 'Loop-1.1.9' (/opt/Xilinx/Vivado_HLS/2015.2/common/technology/autopilot/hls/hls_video_fast.h:113) in function 'hls::FAST_t_opr<16, 7, 0, 1080, 1920>' completely.
@I [XFORM-501] Unrolling loop 'Loop-1.1.10' (/opt/Xilinx/Vivado_HLS/2015.2/common/technology/autopilot/hls/hls_video_fast.h:122) in function 'hls::FAST_t_opr<16, 7, 0, 1080, 1920>' completely.
@I [XFORM-501] Unrolling loop 'Loop-1.1.11' (/opt/Xilinx/Vivado_HLS/2015.2/common/technology/autopilot/hls/hls_video_fast.h:135) in function 'hls::FAST_t_opr<16, 7, 0, 1080, 1920>' completely.
@I [XFORM-501] Unrolling loop 'Loop-1.1.12' (/opt/Xilinx/Vivado_HLS/2015.2/common/technology/autopilot/hls/hls_video_fast.h:193) in function 'hls::FAST_t_opr<16, 7, 0, 1080, 1920>' completely.
@I [XFORM-501] Unrolling loop 'Loop-1.1.13' (/opt/Xilinx/Vivado_HLS/2015.2/common/technology/autopilot/hls/hls_video_fast.h:199) in function 'hls::FAST_t_opr<16, 7, 0, 1080, 1920>' completely.
@I [XFORM-102] Partitioning array 's.val.assign' (/opt/Xilinx/Vivado_HLS/2015.2/common/technology/autopilot/hls/hls_video_core.h:563) automatically.
@I [XFORM-102] Partitioning array 's.val.assign.1' (/opt/Xilinx/Vivado_HLS/2015.2/common/technology/autopilot/hls/hls_video_core.h:563) automatically.
@I [XFORM-102] Partitioning array 's.val.assign.2' (/opt/Xilinx/Vivado_HLS/2015.2/common/technology/autopilot/hls/hls_video_core.h:563) automatically.
@I [XFORM-102] Partitioning array 'flag_d_min8' (/opt/Xilinx/Vivado_HLS/2015.2/common/technology/autopilot/hls/hls_video_fast.h:97) automatically.
@I [XFORM-102] Partitioning array 'flag_d_max8' (/opt/Xilinx/Vivado_HLS/2015.2/common/technology/autopilot/hls/hls_video_fast.h:98) automatically.
@I [XFORM-102] Partitioning array 's.val.assign.4' (/opt/Xilinx/Vivado_HLS/2015.2/common/technology/autopilot/hls/hls_video_core.h:563) automatically.
@I [XFORM-102] Automatically partitioning streamed array 'gray.data_stream.V' (top.cpp:67) .
@I [XFORM-102] Automatically partitioning streamed array '_src.data_stream.V' (top.cpp:56) .
@I [XFORM-102] Automatically partitioning streamed array 'src0.data_stream.V' (top.cpp:60) .
@I [XFORM-102] Automatically partitioning streamed array 'src1.data_stream.V' (top.cpp:61) .
@I [XFORM-102] Automatically partitioning streamed array 'dmask.data_stream.V' (top.cpp:64) .
@I [XFORM-102] Automatically partitioning streamed array 'mask.data_stream.V' (top.cpp:63) .
@I [XFORM-102] Automatically partitioning streamed array '_dst.data_stream.V' (top.cpp:57) .
@I [XFORM-101] Partitioning array 'color.val'  in dimension 1 completely.
@I [XFORM-101] Partitioning array 'pix.val' (/opt/Xilinx/Vivado_HLS/2015.2/common/technology/autopilot/hls/hls_video_io.h:54) in dimension 1 completely.
@I [XFORM-101] Partitioning array 's.val' (/opt/Xilinx/Vivado_HLS/2015.2/common/technology/autopilot/hls/hls_video_arithm.h:1290) in dimension 1 completely.
@I [XFORM-101] Partitioning array 'scl.val' (/opt/Xilinx/Vivado_HLS/2015.2/common/technology/autopilot/hls/hls_video_core.h:615) in dimension 1 completely.
@I [XFORM-101] Partitioning array 'kernel_opr.par.val.V' (/opt/Xilinx/Vivado_HLS/2015.2/common/technology/autopilot/hls/hls_video_imgproc.h:1357) in dimension 1 completely.
@I [XFORM-101] Partitioning array '_s.val' (/opt/Xilinx/Vivado_HLS/2015.2/common/technology/autopilot/hls/hls_video_imgproc.h:1362) in dimension 1 completely.
@I [XFORM-101] Partitioning array '_d.val' (/opt/Xilinx/Vivado_HLS/2015.2/common/technology/autopilot/hls/hls_video_imgproc.h:1363) in dimension 1 completely.
@I [XFORM-101] Partitioning array 'scl.val' (/opt/Xilinx/Vivado_HLS/2015.2/common/technology/autopilot/hls/hls_video_core.h:615) in dimension 1 completely.
@I [XFORM-101] Partitioning array 'temp_kernel.val'  in dimension 1 completely.
@I [XFORM-101] Partitioning array 'src_kernel_win.val' (/opt/Xilinx/Vivado_HLS/2015.2/common/technology/autopilot/hls/hls_video_imgproc.h:377) in dimension 1 completely.
@I [XFORM-101] Partitioning array 'k_buf.val' (/opt/Xilinx/Vivado_HLS/2015.2/common/technology/autopilot/hls/hls_video_imgproc.h:379) in dimension 1 completely.
@I [XFORM-101] Partitioning array 'right_border_buf.val' (/opt/Xilinx/Vivado_HLS/2015.2/common/technology/autopilot/hls/hls_video_imgproc.h:382) in dimension 1 completely.
@I [XFORM-101] Partitioning array 'col_buf.val' (/opt/Xilinx/Vivado_HLS/2015.2/common/technology/autopilot/hls/hls_video_imgproc.h:384) in dimension 1 completely.
@I [XFORM-101] Partitioning array 's.val' (/opt/Xilinx/Vivado_HLS/2015.2/common/technology/autopilot/hls/hls_video_fast.h:465) in dimension 1 completely.
@I [XFORM-101] Partitioning array 'd.val' (/opt/Xilinx/Vivado_HLS/2015.2/common/technology/autopilot/hls/hls_video_fast.h:466) in dimension 1 completely.
@I [XFORM-101] Partitioning array 'm.val' (/opt/Xilinx/Vivado_HLS/2015.2/common/technology/autopilot/hls/hls_video_fast.h:467) in dimension 1 completely.
@I [XFORM-101] Partitioning array 'scl.val' (/opt/Xilinx/Vivado_HLS/2015.2/common/technology/autopilot/hls/hls_video_core.h:615) in dimension 1 completely.
@I [XFORM-101] Partitioning array 'scl.val.1' (/opt/Xilinx/Vivado_HLS/2015.2/common/technology/autopilot/hls/hls_video_core.h:615) in dimension 1 completely.
@I [XFORM-101] Partitioning array 'pix.val' (/opt/Xilinx/Vivado_HLS/2015.2/common/technology/autopilot/hls/hls_video_io.h:115) in dimension 1 completely.
@I [XFORM-101] Partitioning array 'scl.val' (/opt/Xilinx/Vivado_HLS/2015.2/common/technology/autopilot/hls/hls_video_core.h:615) in dimension 1 completely.
@I [XFORM-101] Partitioning array 'k_buf.val.V' (/opt/Xilinx/Vivado_HLS/2015.2/common/technology/autopilot/hls/hls_video_fast.h:220) in dimension 1 completely.
@I [XFORM-101] Partitioning array 'core_buf.val.V' (/opt/Xilinx/Vivado_HLS/2015.2/common/technology/autopilot/hls/hls_video_fast.h:221) in dimension 1 completely.
@I [XFORM-101] Partitioning array 'core_win.val.V' (/opt/Xilinx/Vivado_HLS/2015.2/common/technology/autopilot/hls/hls_video_fast.h:222) in dimension 1 completely.
@I [XFORM-101] Partitioning array 'win.val.V' (/opt/Xilinx/Vivado_HLS/2015.2/common/technology/autopilot/hls/hls_video_fast.h:223) in dimension 1 completely.
@I [XFORM-101] Partitioning array 's.val' (/opt/Xilinx/Vivado_HLS/2015.2/common/technology/autopilot/hls/hls_video_fast.h:224) in dimension 1 completely.
@I [XFORM-101] Partitioning array 'd.val' (/opt/Xilinx/Vivado_HLS/2015.2/common/technology/autopilot/hls/hls_video_fast.h:225) in dimension 1 completely.
@I [XFORM-101] Partitioning array 'flag_val.V.assign'  in dimension 1 completely.
@I [XFORM-101] Partitioning array 'flag_d.assign'  in dimension 1 completely.
@I [XFORM-101] Partitioning array 'scl.val' (/opt/Xilinx/Vivado_HLS/2015.2/common/technology/autopilot/hls/hls_video_core.h:615) in dimension 1 completely.
@I [XFORM-101] Partitioning array 'flag_d_min2' (/opt/Xilinx/Vivado_HLS/2015.2/common/technology/autopilot/hls/hls_video_fast.h:93) in dimension 1 completely.
@I [XFORM-101] Partitioning array 'flag_d_max2' (/opt/Xilinx/Vivado_HLS/2015.2/common/technology/autopilot/hls/hls_video_fast.h:94) in dimension 1 completely.
@I [XFORM-101] Partitioning array 'flag_d_min4' (/opt/Xilinx/Vivado_HLS/2015.2/common/technology/autopilot/hls/hls_video_fast.h:95) in dimension 1 completely.
@I [XFORM-101] Partitioning array 'flag_d_max4' (/opt/Xilinx/Vivado_HLS/2015.2/common/technology/autopilot/hls/hls_video_fast.h:96) in dimension 1 completely.
@I [XFORM-101] Partitioning array 'gray.data_stream.V' (top.cpp:67) in dimension 1 completely.
@I [XFORM-101] Partitioning array '_src.data_stream.V' (top.cpp:56) in dimension 1 completely.
@I [XFORM-101] Partitioning array 'src0.data_stream.V' (top.cpp:60) in dimension 1 completely.
@I [XFORM-101] Partitioning array 'src1.data_stream.V' (top.cpp:61) in dimension 1 completely.
@I [XFORM-101] Partitioning array 'dmask.data_stream.V' (top.cpp:64) in dimension 1 completely.
@I [XFORM-101] Partitioning array 'mask.data_stream.V' (top.cpp:63) in dimension 1 completely.
@I [XFORM-101] Partitioning array '_dst.data_stream.V' (top.cpp:57) in dimension 1 completely.
@I [XFORM-101] Partitioning array 'temp_kernel.val.0'  in dimension 1 completely.
@I [XFORM-101] Partitioning array 'temp_kernel.val.1'  in dimension 1 completely.
@I [XFORM-101] Partitioning array 'temp_kernel.val.2'  in dimension 1 completely.
@I [XFORM-101] Partitioning array 'src_kernel_win.val.0' (/opt/Xilinx/Vivado_HLS/2015.2/common/technology/autopilot/hls/hls_video_imgproc.h:377) in dimension 1 completely.
@I [XFORM-101] Partitioning array 'k_buf.val.0' (/opt/Xilinx/Vivado_HLS/2015.2/common/technology/autopilot/hls/hls_video_imgproc.h:379) in dimension 1 completely.
@I [XFORM-101] Partitioning array 'right_border_buf.val.0' (/opt/Xilinx/Vivado_HLS/2015.2/common/technology/autopilot/hls/hls_video_imgproc.h:382) in dimension 1 completely.
@I [XFORM-101] Partitioning array 'col_buf.val.0' (/opt/Xilinx/Vivado_HLS/2015.2/common/technology/autopilot/hls/hls_video_imgproc.h:384) in dimension 1 completely.
@I [XFORM-101] Partitioning array 'core_win.val.V.0' (/opt/Xilinx/Vivado_HLS/2015.2/common/technology/autopilot/hls/hls_video_fast.h:222) in dimension 1 completely.
@I [XFORM-101] Partitioning array 'core_win.val.V.1' (/opt/Xilinx/Vivado_HLS/2015.2/common/technology/autopilot/hls/hls_video_fast.h:222) in dimension 1 completely.
@I [XFORM-101] Partitioning array 'core_win.val.V.2' (/opt/Xilinx/Vivado_HLS/2015.2/common/technology/autopilot/hls/hls_video_fast.h:222) in dimension 1 completely.
@I [XFORM-101] Partitioning array 'win.val.V.0' (/opt/Xilinx/Vivado_HLS/2015.2/common/technology/autopilot/hls/hls_video_fast.h:223) in dimension 1 completely.
@I [XFORM-101] Partitioning array 'win.val.V.1' (/opt/Xilinx/Vivado_HLS/2015.2/common/technology/autopilot/hls/hls_video_fast.h:223) in dimension 1 completely.
@I [XFORM-101] Partitioning array 'win.val.V.2' (/opt/Xilinx/Vivado_HLS/2015.2/common/technology/autopilot/hls/hls_video_fast.h:223) in dimension 1 completely.
@I [XFORM-101] Partitioning array 'win.val.V.3' (/opt/Xilinx/Vivado_HLS/2015.2/common/technology/autopilot/hls/hls_video_fast.h:223) in dimension 1 completely.
@I [XFORM-101] Partitioning array 'win.val.V.4' (/opt/Xilinx/Vivado_HLS/2015.2/common/technology/autopilot/hls/hls_video_fast.h:223) in dimension 1 completely.
@I [XFORM-101] Partitioning array 'win.val.V.5' (/opt/Xilinx/Vivado_HLS/2015.2/common/technology/autopilot/hls/hls_video_fast.h:223) in dimension 1 completely.
@I [XFORM-101] Partitioning array 'win.val.V.6' (/opt/Xilinx/Vivado_HLS/2015.2/common/technology/autopilot/hls/hls_video_fast.h:223) in dimension 1 completely.
@I [XFORM-101] Partitioning array 'src_kernel_win.val.0.0' (/opt/Xilinx/Vivado_HLS/2015.2/common/technology/autopilot/hls/hls_video_imgproc.h:377) in dimension 1 completely.
@I [XFORM-101] Partitioning array 'src_kernel_win.val.0.1' (/opt/Xilinx/Vivado_HLS/2015.2/common/technology/autopilot/hls/hls_video_imgproc.h:377) in dimension 1 completely.
@I [XFORM-101] Partitioning array 'src_kernel_win.val.0.2' (/opt/Xilinx/Vivado_HLS/2015.2/common/technology/autopilot/hls/hls_video_imgproc.h:377) in dimension 1 completely.
@I [XFORM-101] Partitioning array 'right_border_buf.val.0.0' (/opt/Xilinx/Vivado_HLS/2015.2/common/technology/autopilot/hls/hls_video_imgproc.h:382) in dimension 1 completely.
@I [XFORM-101] Partitioning array 'right_border_buf.val.0.1' (/opt/Xilinx/Vivado_HLS/2015.2/common/technology/autopilot/hls/hls_video_imgproc.h:382) in dimension 1 completely.
@I [XFORM-101] Partitioning array 'right_border_buf.val.0.2' (/opt/Xilinx/Vivado_HLS/2015.2/common/technology/autopilot/hls/hls_video_imgproc.h:382) in dimension 1 completely.
@I [XFORM-101] Partitioning array 'col_buf.val.0.0' (/opt/Xilinx/Vivado_HLS/2015.2/common/technology/autopilot/hls/hls_video_imgproc.h:384) in dimension 1 completely.
@I [XFORM-101] Partitioning array 'col_buf.val.0.1' (/opt/Xilinx/Vivado_HLS/2015.2/common/technology/autopilot/hls/hls_video_imgproc.h:384) in dimension 1 completely.
@I [XFORM-101] Partitioning array 'col_buf.val.0.2' (/opt/Xilinx/Vivado_HLS/2015.2/common/technology/autopilot/hls/hls_video_imgproc.h:384) in dimension 1 completely.
@I [XFORM-602] Inlining function 'hls::sr_cast_class<ap_uint<8> >::operator()<35, 13, (ap_q_mode)5, (ap_o_mode)3>' into 'hls::sr_cast<unsigned char, ap_fixed<35, 13, (ap_q_mode)5, (ap_o_mode)3, 0> >' (/opt/Xilinx/Vivado_HLS/2015.2/common/technology/autopilot/hls/hls_video_types.h:474) automatically.
@I [XFORM-602] Inlining function 'hls::sr_cast<unsigned char, ap_fixed<35, 13, (ap_q_mode)5, (ap_o_mode)3, 0> >' into 'hls::kernel_CvtColor<HLS_BGR2GRAY, unsigned char, unsigned char>::apply<3, 1>' (/opt/Xilinx/Vivado_HLS/2015.2/common/technology/autopilot/hls/hls_video_imgproc.h:899->/opt/Xilinx/Vivado_HLS/2015.2/common/technology/autopilot/hls/hls_video_imgproc.h:935) automatically.
@I [XFORM-602] Inlining function 'hls::kernel_CvtColor<HLS_BGR2GRAY, unsigned char, unsigned char>::apply<3, 1>' into 'hls::CvtColor<HLS_BGR2GRAY, 32, 0, 1080, 1920>' (/opt/Xilinx/Vivado_HLS/2015.2/common/technology/autopilot/hls/hls_video_imgproc.h:1369) automatically.
@I [XFORM-712] Applying dataflow to function 'image_filter' (top.cpp:44), detected/extracted 10 process function(s):
	 'Block_Mat.exit1217_proc'
	 'hls::AXIvideo2Mat<32, 1080, 1920, 32>'
	 'Block_Mat.exit121719_proc1'
	 'hls::Duplicate<1080, 1920, 32, 32>'
	 'Block_Mat.exit121721_proc1'
	 'hls::CvtColor<HLS_BGR2GRAY, 32, 0, 1080, 1920>'
	 'hls::FAST_t_opr<16, 7, 0, 1080, 1920>'
	 'hls::Dilate<0, 0, 1080, 1920>'
	 'hls::PaintMask<32, 0, 1080, 1920>'
	 'hls::Mat2AXIvideo<32, 1080, 1920, 32>'.
@I [XFORM-401] Performing if-conversion on hyperblock from (/opt/Xilinx/Vivado_HLS/2015.2/common/technology/autopilot/hls/hls_video_imgproc.h:1365:48) to (/opt/Xilinx/Vivado_HLS/2015.2/common/technology/autopilot/hls/hls_video_imgproc.h:1365:42) in function 'hls::CvtColor<HLS_BGR2GRAY, 32, 0, 1080, 1920>'... converting 7 basic blocks.
@I [XFORM-401] Performing if-conversion on hyperblock from (/opt/Xilinx/Vivado_HLS/2015.2/common/technology/autopilot/hls/hls_video_fast.h:61:12) to (/opt/Xilinx/Vivado_HLS/2015.2/common/technology/autopilot/hls/hls_video_fast.h:181:5) in function 'hls::FAST_t_opr<16, 7, 0, 1080, 1920>'... converting 67 basic blocks.
@I [XFORM-401] Performing if-conversion on hyperblock from (/opt/Xilinx/Vivado_HLS/2015.2/common/technology/autopilot/hls/hls_video_fast.h:295:17) to (/opt/Xilinx/Vivado_HLS/2015.2/common/technology/autopilot/hls/hls_video_fast.h:307:16) in function 'hls::FAST_t_opr<16, 7, 0, 1080, 1920>'... converting 3 basic blocks.
@I [XFORM-401] Performing if-conversion on hyperblock from (/opt/Xilinx/Vivado_HLS/2015.2/common/technology/autopilot/hls/hls_video_imgproc.h:415:57) to (/opt/Xilinx/Vivado_HLS/2015.2/common/technology/autopilot/hls/hls_video_imgproc.h:440:21) in function 'hls::Dilate<0, 0, 1080, 1920>'... converting 3 basic blocks.
@I [XFORM-401] Performing if-conversion on hyperblock from (/opt/Xilinx/Vivado_HLS/2015.2/common/technology/autopilot/hls/hls_video_imgproc.h:489:29) in function 'hls::Dilate<0, 0, 1080, 1920>'... converting 7 basic blocks.
@I [XFORM-401] Performing if-conversion on hyperblock to (/opt/Xilinx/Vivado_HLS/2015.2/common/technology/autopilot/hls/hls_video_imgproc.h:456:33) in function 'hls::Dilate<0, 0, 1080, 1920>'... converting 9 basic blocks.
@I [XFORM-11] Balancing expressions in function 'hls::FAST_t_opr<16, 7, 0, 1080, 1920>' (/opt/Xilinx/Vivado_HLS/2015.2/common/technology/autopilot/hls/hls_video_fast.h:61:13)...26 expression(s) balanced.
@W [XFORM-631] Renaming function 'hls::AXIvideo2Mat<32, 1080, 1920, 32>' (/opt/Xilinx/Vivado_HLS/2015.2/common/technology/autopilot/hls/hls_video_io.h:49:9) into AXIvideo2Mat.
@W [XFORM-631] Renaming function 'hls::Duplicate<1080, 1920, 32, 32>' (/opt/Xilinx/Vivado_HLS/2015.2/common/technology/autopilot/hls/hls_video_arithm.h:1277) into Duplicate<1080, 1920, 32, 32>.
@W [XFORM-631] Renaming function 'hls::CvtColor<HLS_BGR2GRAY, 32, 0, 1080, 1920>' (/opt/Xilinx/Vivado_HLS/2015.2/common/technology/autopilot/hls/hls_video_imgproc.h:398:42) into CvtColor.
@W [XFORM-631] Renaming function 'hls::FAST_t_opr<16, 7, 0, 1080, 1920>' (/opt/Xilinx/Vivado_HLS/2015.2/common/technology/autopilot/hls/hls_video_fast.h:61:13) into FAST_t_opr.
@W [XFORM-631] Renaming function 'hls::Dilate<0, 0, 1080, 1920>' (/opt/Xilinx/Vivado_HLS/2015.2/common/technology/autopilot/hls/hls_video_imgproc.h:743) into Dilate<0, 0, 1080, 1920>.
@W [XFORM-631] Renaming function 'hls::PaintMask<32, 0, 1080, 1920>' (/opt/Xilinx/Vivado_HLS/2015.2/common/technology/autopilot/hls/hls_video_fast.h:451) into PaintMask<32, 0, 1080, 1920>.
@W [XFORM-631] Renaming function 'hls::Mat2AXIvideo<32, 1080, 1920, 32>' (/opt/Xilinx/Vivado_HLS/2015.2/common/technology/autopilot/hls/hls_video_io.h:72:50) into Mat2AXIvideo.
@W [ANALYSIS-52] Setting false inter dependency for variable 'k_buf_val_0_V' (/opt/Xilinx/Vivado_HLS/2015.2/common/technology/autopilot/hls/hls_video_fast.h:220).
@W [ANALYSIS-52] Setting false inter dependency for variable 'k_buf_val_1_V' (/opt/Xilinx/Vivado_HLS/2015.2/common/technology/autopilot/hls/hls_video_fast.h:220).
@W [ANALYSIS-52] Setting false inter dependency for variable 'k_buf_val_2_V' (/opt/Xilinx/Vivado_HLS/2015.2/common/technology/autopilot/hls/hls_video_fast.h:220).
@W [ANALYSIS-52] Setting false inter dependency for variable 'k_buf_val_3_V' (/opt/Xilinx/Vivado_HLS/2015.2/common/technology/autopilot/hls/hls_video_fast.h:220).
@W [ANALYSIS-52] Setting false inter dependency for variable 'k_buf_val_4_V' (/opt/Xilinx/Vivado_HLS/2015.2/common/technology/autopilot/hls/hls_video_fast.h:220).
@W [ANALYSIS-52] Setting false inter dependency for variable 'k_buf_val_5_V' (/opt/Xilinx/Vivado_HLS/2015.2/common/technology/autopilot/hls/hls_video_fast.h:220).
@W [ANALYSIS-52] Setting false intra dependency for variable 'k_buf_val_0_V' (/opt/Xilinx/Vivado_HLS/2015.2/common/technology/autopilot/hls/hls_video_fast.h:220).
@W [ANALYSIS-52] Setting false intra dependency for variable 'k_buf_val_1_V' (/opt/Xilinx/Vivado_HLS/2015.2/common/technology/autopilot/hls/hls_video_fast.h:220).
@W [ANALYSIS-52] Setting false intra dependency for variable 'k_buf_val_2_V' (/opt/Xilinx/Vivado_HLS/2015.2/common/technology/autopilot/hls/hls_video_fast.h:220).
@W [ANALYSIS-52] Setting false intra dependency for variable 'k_buf_val_3_V' (/opt/Xilinx/Vivado_HLS/2015.2/common/technology/autopilot/hls/hls_video_fast.h:220).
@W [ANALYSIS-52] Setting false intra dependency for variable 'k_buf_val_4_V' (/opt/Xilinx/Vivado_HLS/2015.2/common/technology/autopilot/hls/hls_video_fast.h:220).
@W [ANALYSIS-52] Setting false intra dependency for variable 'k_buf_val_5_V' (/opt/Xilinx/Vivado_HLS/2015.2/common/technology/autopilot/hls/hls_video_fast.h:220).
@W [ANALYSIS-52] Setting false inter dependency for variable 'core_buf_val_0_V' (/opt/Xilinx/Vivado_HLS/2015.2/common/technology/autopilot/hls/hls_video_fast.h:221).
@W [ANALYSIS-52] Setting false inter dependency for variable 'core_buf_val_1_V' (/opt/Xilinx/Vivado_HLS/2015.2/common/technology/autopilot/hls/hls_video_fast.h:221).
@W [ANALYSIS-52] Setting false intra dependency for variable 'core_buf_val_0_V' (/opt/Xilinx/Vivado_HLS/2015.2/common/technology/autopilot/hls/hls_video_fast.h:221).
@W [ANALYSIS-52] Setting false intra dependency for variable 'core_buf_val_1_V' (/opt/Xilinx/Vivado_HLS/2015.2/common/technology/autopilot/hls/hls_video_fast.h:221).
@W [ANALYSIS-52] Setting false inter dependency for variable 'k_buf_0_val_0' (/opt/Xilinx/Vivado_HLS/2015.2/common/technology/autopilot/hls/hls_video_imgproc.h:379).
@W [ANALYSIS-52] Setting false inter dependency for variable 'k_buf_0_val_2' (/opt/Xilinx/Vivado_HLS/2015.2/common/technology/autopilot/hls/hls_video_imgproc.h:379).
@W [ANALYSIS-52] Setting false inter dependency for variable 'k_buf_0_val_1' (/opt/Xilinx/Vivado_HLS/2015.2/common/technology/autopilot/hls/hls_video_imgproc.h:379).
@I [HLS-111] Elapsed time: 11.3584 seconds; current memory usage: 390 MB.
@I [HLS-10] Starting hardware synthesis ...
@I [HLS-10] Synthesizing 'image_filter' ...
@W [SYN-103] Legalizing function name 'image_filter_Block_Mat.exit1217_proc' to 'image_filter_Block_Mat_exit1217_proc'.
@W [SYN-103] Legalizing function name 'image_filter_Block_Mat.exit121719_proc1' to 'image_filter_Block_Mat_exit121719_proc1'.
@W [SYN-103] Legalizing function name 'image_filter_Duplicate<1080, 1920, 32, 32>' to 'image_filter_Duplicate_1080_1920_32_32_s'.
@W [SYN-103] Legalizing function name 'image_filter_Block_Mat.exit121721_proc1' to 'image_filter_Block_Mat_exit121721_proc1'.
@W [SYN-103] Legalizing function name 'image_filter_reg<int>' to 'image_filter_reg_int_s'.
@W [SYN-103] Legalizing function name 'image_filter_Dilate<0, 0, 1080, 1920>' to 'image_filter_Dilate_0_0_1080_1920_s'.
@W [SYN-103] Legalizing function name 'image_filter_PaintMask<32, 0, 1080, 1920>' to 'image_filter_PaintMask_32_0_1080_1920_s'.
@I [HLS-10] ----------------------------------------------------------------
@I [HLS-10] -- Scheduling module 'image_filter_Block_Mat_exit1217_proc' 
@I [HLS-10] ----------------------------------------------------------------
@I [SCHED-11] Starting scheduling ...
@I [SCHED-11] Finished scheduling.
@I [HLS-111] Elapsed time: 0.124032 seconds; current memory usage: 390 MB.
@I [HLS-10] ----------------------------------------------------------------
@I [HLS-10] -- Exploring micro-architecture for module 'image_filter_Block_Mat_exit1217_proc' 
@I [HLS-10] ----------------------------------------------------------------
@I [BIND-100] Starting micro-architecture generation ...
@I [BIND-101] Performing variable lifetime analysis.
@I [BIND-101] Exploring resource sharing.
@I [BIND-101] Binding ...
@I [BIND-100] Finished micro-architecture generation.
@I [HLS-111] Elapsed time: 0.006917 seconds; current memory usage: 390 MB.
@I [HLS-10] ----------------------------------------------------------------
@I [HLS-10] -- Scheduling module 'image_filter_AXIvideo2Mat' 
@I [HLS-10] ----------------------------------------------------------------
@I [SCHED-11] Starting scheduling ...
@I [SCHED-61] Pipelining loop 'loop_wait_for_start'.
@I [SCHED-61] Pipelining result: Target II: 1, Final II: 1, Depth: 1.
@I [SCHED-61] Pipelining loop 'loop_width'.
@I [SCHED-61] Pipelining result: Target II: 1, Final II: 1, Depth: 2.
@I [SCHED-61] Pipelining loop 'loop_wait_for_eol'.
@I [SCHED-61] Pipelining result: Target II: 1, Final II: 1, Depth: 1.
@I [SCHED-11] Finished scheduling.
@I [HLS-111] Elapsed time: 0.083723 seconds; current memory usage: 391 MB.
@I [HLS-10] ----------------------------------------------------------------
@I [HLS-10] -- Exploring micro-architecture for module 'image_filter_AXIvideo2Mat' 
@I [HLS-10] ----------------------------------------------------------------
@I [BIND-100] Starting micro-architecture generation ...
@I [BIND-101] Performing variable lifetime analysis.
@I [BIND-101] Exploring resource sharing.
@I [BIND-101] Binding ...
@I [BIND-100] Finished micro-architecture generation.
@I [HLS-111] Elapsed time: 0.021392 seconds; current memory usage: 391 MB.
@I [HLS-10] ----------------------------------------------------------------
@I [HLS-10] -- Scheduling module 'image_filter_Block_Mat_exit121719_proc1' 
@I [HLS-10] ----------------------------------------------------------------
@I [SCHED-11] Starting scheduling ...
@I [SCHED-11] Finished scheduling.
@I [HLS-111] Elapsed time: 0.047164 seconds; current memory usage: 391 MB.
@I [HLS-10] ----------------------------------------------------------------
@I [HLS-10] -- Exploring micro-architecture for module 'image_filter_Block_Mat_exit121719_proc1' 
@I [HLS-10] ----------------------------------------------------------------
@I [BIND-100] Starting micro-architecture generation ...
@I [BIND-101] Performing variable lifetime analysis.
@I [BIND-101] Exploring resource sharing.
@I [BIND-101] Binding ...
@I [BIND-100] Finished micro-architecture generation.
@I [HLS-111] Elapsed time: 0.003514 seconds; current memory usage: 391 MB.
@I [HLS-10] ----------------------------------------------------------------
@I [HLS-10] -- Scheduling module 'image_filter_Duplicate_1080_1920_32_32_s' 
@I [HLS-10] ----------------------------------------------------------------
@I [SCHED-11] Starting scheduling ...
@I [SCHED-61] Pipelining loop 'loop_width'.
@I [SCHED-61] Pipelining result: Target II: 1, Final II: 1, Depth: 2.
@I [SCHED-11] Finished scheduling.
@I [HLS-111] Elapsed time: 0.142756 seconds; current memory usage: 391 MB.
@I [HLS-10] ----------------------------------------------------------------
@I [HLS-10] -- Exploring micro-architecture for module 'image_filter_Duplicate_1080_1920_32_32_s' 
@I [HLS-10] ----------------------------------------------------------------
@I [BIND-100] Starting micro-architecture generation ...
@I [BIND-101] Performing variable lifetime analysis.
@I [BIND-101] Exploring resource sharing.
@I [BIND-101] Binding ...
@I [BIND-100] Finished micro-architecture generation.
@I [HLS-111] Elapsed time: 0.013232 seconds; current memory usage: 391 MB.
@I [HLS-10] ----------------------------------------------------------------
@I [HLS-10] -- Scheduling module 'image_filter_Block_Mat_exit121721_proc1' 
@I [HLS-10] ----------------------------------------------------------------
@I [SCHED-11] Starting scheduling ...
@I [SCHED-11] Finished scheduling.
@I [HLS-111] Elapsed time: 0.039556 seconds; current memory usage: 392 MB.
@I [HLS-10] ----------------------------------------------------------------
@I [HLS-10] -- Exploring micro-architecture for module 'image_filter_Block_Mat_exit121721_proc1' 
@I [HLS-10] ----------------------------------------------------------------
@I [BIND-100] Starting micro-architecture generation ...
@I [BIND-101] Performing variable lifetime analysis.
@I [BIND-101] Exploring resource sharing.
@I [BIND-101] Binding ...
@I [BIND-100] Finished micro-architecture generation.
@I [HLS-111] Elapsed time: 0.002701 seconds; current memory usage: 392 MB.
@I [HLS-10] ----------------------------------------------------------------
@I [HLS-10] -- Scheduling module 'image_filter_CvtColor' 
@I [HLS-10] ----------------------------------------------------------------
@I [SCHED-11] Starting scheduling ...
@I [SCHED-61] Pipelining loop 'loop_width'.
@I [SCHED-61] Pipelining result: Target II: 1, Final II: 1, Depth: 8.
@W [SCHED-21] Estimated clock period (8.1ns) exceeds the target (target clock period: 6.67ns, clock uncertainty: 0.833ns, effective delay budget: 5.83ns).
@W [SCHED-21] The critical path consists of the following:
	'mul' operation ('r_V_3_i', /opt/Xilinx/Vivado_HLS/2015.2/common/technology/autopilot/hls/hls_video_imgproc.h:898->/opt/Xilinx/Vivado_HLS/2015.2/common/technology/autopilot/hls/hls_video_imgproc.h:935->/opt/Xilinx/Vivado_HLS/2015.2/common/technology/autopilot/hls/hls_video_imgproc.h:1369) (3.36 ns)
	'add' operation ('r.V', /opt/Xilinx/Vivado_HLS/2015.2/common/technology/autopilot/hls/hls_video_imgproc.h:898->/opt/Xilinx/Vivado_HLS/2015.2/common/technology/autopilot/hls/hls_video_imgproc.h:935->/opt/Xilinx/Vivado_HLS/2015.2/common/technology/autopilot/hls/hls_video_imgproc.h:1369) (3.02 ns)
	'partselect' operation ('__Val2__', /opt/Xilinx/Vivado_HLS/2015.2/common/technology/autopilot/hls/hls_video_types.h:398->/opt/Xilinx/Vivado_HLS/2015.2/common/technology/autopilot/hls/hls_video_types.h:474->/opt/Xilinx/Vivado_HLS/2015.2/common/technology/autopilot/hls/hls_video_imgproc.h:899->/opt/Xilinx/Vivado_HLS/2015.2/common/technology/autopilot/hls/hls_video_imgproc.h:935->/opt/Xilinx/Vivado_HLS/2015.2/common/technology/autopilot/hls/hls_video_imgproc.h:1369) (0 ns)
	'add' operation ('__Val2__', /opt/Xilinx/Vivado_HLS/2015.2/common/technology/autopilot/hls/hls_video_types.h:398->/opt/Xilinx/Vivado_HLS/2015.2/common/technology/autopilot/hls/hls_video_types.h:474->/opt/Xilinx/Vivado_HLS/2015.2/common/technology/autopilot/hls/hls_video_imgproc.h:899->/opt/Xilinx/Vivado_HLS/2015.2/common/technology/autopilot/hls/hls_video_imgproc.h:935->/opt/Xilinx/Vivado_HLS/2015.2/common/technology/autopilot/hls/hls_video_imgproc.h:1369) (1.72 ns)
@I [SCHED-11] Finished scheduling.
@I [HLS-111] Elapsed time: 0.074406 seconds; current memory usage: 392 MB.
@I [HLS-10] ----------------------------------------------------------------
@I [HLS-10] -- Exploring micro-architecture for module 'image_filter_CvtColor' 
@I [HLS-10] ----------------------------------------------------------------
@I [BIND-100] Starting micro-architecture generation ...
@I [BIND-101] Performing variable lifetime analysis.
@I [BIND-101] Exploring resource sharing.
@I [BIND-101] Binding ...
@I [BIND-100] Finished micro-architecture generation.
@I [HLS-111] Elapsed time: 0.017906 seconds; current memory usage: 392 MB.
@I [HLS-10] ----------------------------------------------------------------
@I [HLS-10] -- Scheduling module 'image_filter_reg_int_s' 
@I [HLS-10] ----------------------------------------------------------------
@I [SCHED-11] Starting scheduling ...
@I [SCHED-61] Pipelining function 'image_filter_reg<int>'.
@I [SCHED-61] Pipelining result: Target II: 1, Final II: 1, Depth: 2.
@I [SCHED-11] Finished scheduling.
@I [HLS-111] Elapsed time: 0.025106 seconds; current memory usage: 392 MB.
@I [HLS-10] ----------------------------------------------------------------
@I [HLS-10] -- Exploring micro-architecture for module 'image_filter_reg_int_s' 
@I [HLS-10] ----------------------------------------------------------------
@I [BIND-100] Starting micro-architecture generation ...
@I [BIND-101] Performing variable lifetime analysis.
@I [BIND-101] Exploring resource sharing.
@I [BIND-101] Binding ...
@I [BIND-100] Finished micro-architecture generation.
@I [HLS-111] Elapsed time: 0.002357 seconds; current memory usage: 392 MB.
@I [HLS-10] ----------------------------------------------------------------
@I [HLS-10] -- Scheduling module 'image_filter_FAST_t_opr' 
@I [HLS-10] ----------------------------------------------------------------
@I [SCHED-11] Starting scheduling ...
@I [SCHED-61] Pipelining loop 'loop_width'.
@I [SCHED-61] Pipelining result: Target II: 1, Final II: 1, Depth: 36.
@I [SCHED-11] Finished scheduling.
@I [HLS-111] Elapsed time: 0.52294 seconds; current memory usage: 395 MB.
@I [HLS-10] ----------------------------------------------------------------
@I [HLS-10] -- Exploring micro-architecture for module 'image_filter_FAST_t_opr' 
@I [HLS-10] ----------------------------------------------------------------
@I [BIND-100] Starting micro-architecture generation ...
@I [BIND-101] Performing variable lifetime analysis.
@I [BIND-101] Exploring resource sharing.
@I [BIND-101] Binding ...
@I [BIND-100] Finished micro-architecture generation.
@I [HLS-111] Elapsed time: 0.385117 seconds; current memory usage: 399 MB.
@I [HLS-10] ----------------------------------------------------------------
@I [HLS-10] -- Scheduling module 'image_filter_Dilate_0_0_1080_1920_s' 
@I [HLS-10] ----------------------------------------------------------------
@I [SCHED-11] Starting scheduling ...
@I [SCHED-61] Pipelining loop 'loop_width'.
@I [SCHED-61] Pipelining result: Target II: 1, Final II: 1, Depth: 10.
@W [SCHED-21] Estimated clock period (6.76ns) exceeds the target (target clock period: 6.67ns, clock uncertainty: 0.833ns, effective delay budget: 5.83ns).
@W [SCHED-21] The critical path consists of the following:
	'add' operation ('ImagLoc.x', /opt/Xilinx/Vivado_HLS/2015.2/common/technology/autopilot/hls/hls_video_imgproc.h:423->/opt/Xilinx/Vivado_HLS/2015.2/common/technology/autopilot/hls/hls_video_imgproc.h:679->/opt/Xilinx/Vivado_HLS/2015.2/common/technology/autopilot/hls/hls_video_imgproc.h:747) (1.84 ns)
	'icmp' operation ('tmp_24', /opt/Xilinx/Vivado_HLS/2015.2/common/technology/autopilot/hls/hls_video_imgbase.h:118->/opt/Xilinx/Vivado_HLS/2015.2/common/technology/autopilot/hls/hls_video_imgproc.h:425->/opt/Xilinx/Vivado_HLS/2015.2/common/technology/autopilot/hls/hls_video_imgproc.h:679->/opt/Xilinx/Vivado_HLS/2015.2/common/technology/autopilot/hls/hls_video_imgproc.h:747) (2.18 ns)
	'and' operation ('or_cond_i_i_i', /opt/Xilinx/Vivado_HLS/2015.2/common/technology/autopilot/hls/hls_video_imgbase.h:118->/opt/Xilinx/Vivado_HLS/2015.2/common/technology/autopilot/hls/hls_video_imgproc.h:425->/opt/Xilinx/Vivado_HLS/2015.2/common/technology/autopilot/hls/hls_video_imgproc.h:679->/opt/Xilinx/Vivado_HLS/2015.2/common/technology/autopilot/hls/hls_video_imgproc.h:747) (1.37 ns)
	blocking operation 1.37 ns on control path)
@I [SCHED-11] Finished scheduling.
@I [HLS-111] Elapsed time: 0.57089 seconds; current memory usage: 400 MB.
@I [HLS-10] ----------------------------------------------------------------
@I [HLS-10] -- Exploring micro-architecture for module 'image_filter_Dilate_0_0_1080_1920_s' 
@I [HLS-10] ----------------------------------------------------------------
@I [BIND-100] Starting micro-architecture generation ...
@I [BIND-101] Performing variable lifetime analysis.
@I [BIND-101] Exploring resource sharing.
@I [BIND-101] Binding ...
@I [BIND-100] Finished micro-architecture generation.
@I [HLS-111] Elapsed time: 0.065238 seconds; current memory usage: 401 MB.
@I [HLS-10] ----------------------------------------------------------------
@I [HLS-10] -- Scheduling module 'image_filter_PaintMask_32_0_1080_1920_s' 
@I [HLS-10] ----------------------------------------------------------------
@I [SCHED-11] Starting scheduling ...
@I [SCHED-61] Pipelining loop 'loop_width'.
@I [SCHED-61] Pipelining result: Target II: 1, Final II: 1, Depth: 3.
@I [SCHED-11] Finished scheduling.
@I [HLS-111] Elapsed time: 0.17383 seconds; current memory usage: 402 MB.
@I [HLS-10] ----------------------------------------------------------------
@I [HLS-10] -- Exploring micro-architecture for module 'image_filter_PaintMask_32_0_1080_1920_s' 
@I [HLS-10] ----------------------------------------------------------------
@I [BIND-100] Starting micro-architecture generation ...
@I [BIND-101] Performing variable lifetime analysis.
@I [BIND-101] Exploring resource sharing.
@I [BIND-101] Binding ...
@I [BIND-100] Finished micro-architecture generation.
@I [HLS-111] Elapsed time: 0.012909 seconds; current memory usage: 402 MB.
@I [HLS-10] ----------------------------------------------------------------
@I [HLS-10] -- Scheduling module 'image_filter_Mat2AXIvideo' 
@I [HLS-10] ----------------------------------------------------------------
@I [SCHED-11] Starting scheduling ...
@I [SCHED-61] Pipelining loop 'loop_width'.
@I [SCHED-61] Pipelining result: Target II: 1, Final II: 1, Depth: 2.
@I [SCHED-11] Finished scheduling.
@I [HLS-111] Elapsed time: 0.057798 seconds; current memory usage: 402 MB.
@I [HLS-10] ----------------------------------------------------------------
@I [HLS-10] -- Exploring micro-architecture for module 'image_filter_Mat2AXIvideo' 
@I [HLS-10] ----------------------------------------------------------------
@I [BIND-100] Starting micro-architecture generation ...
@I [BIND-101] Performing variable lifetime analysis.
@I [BIND-101] Exploring resource sharing.
@I [BIND-101] Binding ...
@I [BIND-100] Finished micro-architecture generation.
@I [HLS-111] Elapsed time: 0.011515 seconds; current memory usage: 402 MB.
@I [HLS-10] ----------------------------------------------------------------
@I [HLS-10] -- Scheduling module 'image_filter' 
@I [HLS-10] ----------------------------------------------------------------
@I [SCHED-11] Starting scheduling ...
@I [SCHED-11] Finished scheduling.
@I [HLS-111] Elapsed time: 0.020345 seconds; current memory usage: 402 MB.
@I [HLS-10] ----------------------------------------------------------------
@I [HLS-10] -- Exploring micro-architecture for module 'image_filter' 
@I [HLS-10] ----------------------------------------------------------------
@I [BIND-100] Starting micro-architecture generation ...
@I [BIND-101] Performing variable lifetime analysis.
@I [BIND-101] Exploring resource sharing.
@I [BIND-101] Binding ...
@I [BIND-100] Finished micro-architecture generation.
@I [HLS-111] Elapsed time: 0.795351 seconds; current memory usage: 404 MB.
@I [HLS-10] ----------------------------------------------------------------
@I [HLS-10] -- Generating RTL for module 'image_filter_Block_Mat_exit1217_proc' 
@I [HLS-10] ----------------------------------------------------------------
@I [RTGEN-100] Finished creating RTL model for 'image_filter_Block_Mat_exit1217_proc'.
@I [HLS-111] Elapsed time: 0.377331 seconds; current memory usage: 405 MB.
@I [HLS-10] ----------------------------------------------------------------
@I [HLS-10] -- Generating RTL for module 'image_filter_AXIvideo2Mat' 
@I [HLS-10] ----------------------------------------------------------------
@I [RTGEN-100] Finished creating RTL model for 'image_filter_AXIvideo2Mat'.
@I [HLS-111] Elapsed time: 0.028616 seconds; current memory usage: 406 MB.
@I [HLS-10] ----------------------------------------------------------------
@I [HLS-10] -- Generating RTL for module 'image_filter_Block_Mat_exit121719_proc1' 
@I [HLS-10] ----------------------------------------------------------------
@I [RTGEN-100] Finished creating RTL model for 'image_filter_Block_Mat_exit121719_proc1'.
@I [HLS-111] Elapsed time: 0.058375 seconds; current memory usage: 408 MB.
@I [HLS-10] ----------------------------------------------------------------
@I [HLS-10] -- Generating RTL for module 'image_filter_Duplicate_1080_1920_32_32_s' 
@I [HLS-10] ----------------------------------------------------------------
@I [RTGEN-100] Finished creating RTL model for 'image_filter_Duplicate_1080_1920_32_32_s'.
@I [HLS-111] Elapsed time: 0.016935 seconds; current memory usage: 408 MB.
@I [HLS-10] ----------------------------------------------------------------
@I [HLS-10] -- Generating RTL for module 'image_filter_Block_Mat_exit121721_proc1' 
@I [HLS-10] ----------------------------------------------------------------
@I [RTGEN-100] Finished creating RTL model for 'image_filter_Block_Mat_exit121721_proc1'.
@I [HLS-111] Elapsed time: 0.032395 seconds; current memory usage: 409 MB.
@I [HLS-10] ----------------------------------------------------------------
@I [HLS-10] -- Generating RTL for module 'image_filter_CvtColor' 
@I [HLS-10] ----------------------------------------------------------------
@I [RTGEN-100] Generating core module 'image_filter_mac_muladd_8ns_20ns_29ns_29_1': 1 instance(s).
@I [RTGEN-100] Generating core module 'image_filter_mac_muladd_8ns_23ns_29ns_30_1': 1 instance(s).
@I [RTGEN-100] Generating core module 'image_filter_mul_8ns_22ns_29_3': 1 instance(s).
@I [RTGEN-100] Finished creating RTL model for 'image_filter_CvtColor'.
@I [HLS-111] Elapsed time: 0.017608 seconds; current memory usage: 409 MB.
@I [HLS-10] ----------------------------------------------------------------
@I [HLS-10] -- Generating RTL for module 'image_filter_reg_int_s' 
@I [HLS-10] ----------------------------------------------------------------
@I [RTGEN-100] Finished creating RTL model for 'image_filter_reg_int_s'.
@I [HLS-111] Elapsed time: 0.050304 seconds; current memory usage: 410 MB.
@I [HLS-10] ----------------------------------------------------------------
@I [HLS-10] -- Generating RTL for module 'image_filter_FAST_t_opr' 
@I [HLS-10] ----------------------------------------------------------------
@I [RTGEN-100] Finished creating RTL model for 'image_filter_FAST_t_opr'.
@I [HLS-111] Elapsed time: 0.239118 seconds; current memory usage: 416 MB.
@I [HLS-10] ----------------------------------------------------------------
@I [HLS-10] -- Generating RTL for module 'image_filter_Dilate_0_0_1080_1920_s' 
@I [HLS-10] ----------------------------------------------------------------
@I [RTGEN-100] Generating core module 'image_filter_mux_3to1_sel2_8_1': 6 instance(s).
@I [RTGEN-100] Finished creating RTL model for 'image_filter_Dilate_0_0_1080_1920_s'.
@I [HLS-111] Elapsed time: 1.15145 seconds; current memory usage: 434 MB.
@I [HLS-10] ----------------------------------------------------------------
@I [HLS-10] -- Generating RTL for module 'image_filter_PaintMask_32_0_1080_1920_s' 
@I [HLS-10] ----------------------------------------------------------------
@I [RTGEN-100] Finished creating RTL model for 'image_filter_PaintMask_32_0_1080_1920_s'.
@I [HLS-111] Elapsed time: 0.211994 seconds; current memory usage: 438 MB.
@I [HLS-10] ----------------------------------------------------------------
@I [HLS-10] -- Generating RTL for module 'image_filter_Mat2AXIvideo' 
@I [HLS-10] ----------------------------------------------------------------
@I [RTGEN-100] Finished creating RTL model for 'image_filter_Mat2AXIvideo'.
@I [HLS-111] Elapsed time: 0.042122 seconds; current memory usage: 439 MB.
@I [HLS-10] ----------------------------------------------------------------
@I [HLS-10] -- Generating RTL for module 'image_filter' 
@I [HLS-10] ----------------------------------------------------------------
@I [RTGEN-500] Setting interface mode on port 'image_filter/INPUT_STREAM_V_data_V' to 'axis'.
@I [RTGEN-500] Setting interface mode on port 'image_filter/INPUT_STREAM_V_keep_V' to 'axis'.
@I [RTGEN-500] Setting interface mode on port 'image_filter/INPUT_STREAM_V_strb_V' to 'axis'.
@I [RTGEN-500] Setting interface mode on port 'image_filter/INPUT_STREAM_V_user_V' to 'axis'.
@I [RTGEN-500] Setting interface mode on port 'image_filter/INPUT_STREAM_V_last_V' to 'axis'.
@I [RTGEN-500] Setting interface mode on port 'image_filter/INPUT_STREAM_V_id_V' to 'axis'.
@I [RTGEN-500] Setting interface mode on port 'image_filter/INPUT_STREAM_V_dest_V' to 'axis'.
@I [RTGEN-500] Setting interface mode on port 'image_filter/OUTPUT_STREAM_V_data_V' to 'axis'.
@I [RTGEN-500] Setting interface mode on port 'image_filter/OUTPUT_STREAM_V_keep_V' to 'axis'.
@I [RTGEN-500] Setting interface mode on port 'image_filter/OUTPUT_STREAM_V_strb_V' to 'axis'.
@I [RTGEN-500] Setting interface mode on port 'image_filter/OUTPUT_STREAM_V_user_V' to 'axis'.
@I [RTGEN-500] Setting interface mode on port 'image_filter/OUTPUT_STREAM_V_last_V' to 'axis'.
@I [RTGEN-500] Setting interface mode on port 'image_filter/OUTPUT_STREAM_V_id_V' to 'axis'.
@I [RTGEN-500] Setting interface mode on port 'image_filter/OUTPUT_STREAM_V_dest_V' to 'axis'.
@I [RTGEN-500] Setting interface mode on port 'image_filter/rows' to 'ap_stable'.
@I [RTGEN-500] Setting interface mode on port 'image_filter/cols' to 'ap_stable'.
@I [RTGEN-500] Setting interface mode on function 'image_filter' to 'ap_ctrl_hs'.
@I [RTGEN-100] Finished creating RTL model for 'image_filter'.
@I [HLS-111] Elapsed time: 0.039898 seconds; current memory usage: 441 MB.
@I [RTMG-282] Generating pipelined core: 'image_filter_mul_8ns_22ns_29_3_MulnS_0'
@I [RTMG-278] Implementing memory 'image_filter_FAST_t_opr_k_buf_val_0_V_ram' using block RAMs.
@I [RTMG-278] Implementing memory 'image_filter_FAST_t_opr_core_buf_val_0_V_ram' using block RAMs.
@I [RTMG-285] Implementing FIFO 'FIFO_image_filter_p_src_rows_V_channel' using Shift Registers.
@I [RTMG-285] Implementing FIFO 'FIFO_image_filter_p_src_cols_V_channel' using Shift Registers.
@I [RTMG-285] Implementing FIFO 'FIFO_image_filter_p_src_rows_V_2_loc_channel' using Shift Registers.
@I [RTMG-285] Implementing FIFO 'FIFO_image_filter_p_src_rows_V_2_loc_channel40' using Shift Registers.
@I [RTMG-285] Implementing FIFO 'FIFO_image_filter_p_src_cols_V_2_loc_channel' using Shift Registers.
@I [RTMG-285] Implementing FIFO 'FIFO_image_filter_p_src_cols_V_2_loc_channel41' using Shift Registers.
@I [RTMG-285] Implementing FIFO 'FIFO_image_filter_p_dst_rows_V_channel' using Shift Registers.
@I [RTMG-285] Implementing FIFO 'FIFO_image_filter_p_dst_cols_V_channel' using Shift Registers.
@I [RTMG-285] Implementing FIFO 'FIFO_image_filter_src0_rows_V_channel' using Shift Registers.
@I [RTMG-285] Implementing FIFO 'FIFO_image_filter_src0_cols_V_channel' using Shift Registers.
@I [RTMG-285] Implementing FIFO 'FIFO_image_filter_src1_rows_V_channel' using Shift Registers.
@I [RTMG-285] Implementing FIFO 'FIFO_image_filter_src1_cols_V_channel' using Shift Registers.
@I [RTMG-285] Implementing FIFO 'FIFO_image_filter_mask_rows_V_channel' using Shift Registers.
@I [RTMG-285] Implementing FIFO 'FIFO_image_filter_mask_cols_V_channel' using Shift Registers.
@I [RTMG-285] Implementing FIFO 'FIFO_image_filter_src1_data_stream_0_V' using Block RAMs.
@I [RTMG-285] Implementing FIFO 'FIFO_image_filter_src1_data_stream_1_V' using Block RAMs.
@I [RTMG-285] Implementing FIFO 'FIFO_image_filter_src1_data_stream_2_V' using Block RAMs.
@I [RTMG-285] Implementing FIFO 'FIFO_image_filter_gray_rows_V_channel' using Shift Registers.
@I [RTMG-285] Implementing FIFO 'FIFO_image_filter_gray_cols_V_channel' using Shift Registers.
@I [HLS-10] Finished generating all RTL models.
@I [WSYSC-301] Generating RTL SystemC for 'image_filter'.
@I [WVHDL-304] Generating RTL VHDL for 'image_filter'.
@I [WVLOG-307] Generating RTL Verilog for 'image_filter'.
@I [IMPL-8] Exporting RTL as an IP in IP-XACT.
@I [HLS-112] Total elapsed time: 81.976 seconds; peak memory usage: 441 MB.
@I [LIC-101] Checked in feature [HLS]
